[2023-05-13T10:16:29.286+0000] {taskinstance.py:1125} INFO - Dependencies all met for dep_context=non-requeueable deps ti=<TaskInstance: qiberry.create_table_people manual__2023-05-13T10:16:24.445902+00:00 [queued]>
[2023-05-13T10:16:29.300+0000] {taskinstance.py:1125} INFO - Dependencies all met for dep_context=requeueable deps ti=<TaskInstance: qiberry.create_table_people manual__2023-05-13T10:16:24.445902+00:00 [queued]>
[2023-05-13T10:16:29.302+0000] {taskinstance.py:1331} INFO - Starting attempt 1 of 1
[2023-05-13T10:16:29.321+0000] {taskinstance.py:1350} INFO - Executing <Task(PostgresOperator): create_table_people> on 2023-05-13 10:16:24.445902+00:00
[2023-05-13T10:16:29.329+0000] {standard_task_runner.py:57} INFO - Started process 420 to run task
[2023-05-13T10:16:29.336+0000] {standard_task_runner.py:84} INFO - Running: ['***', 'tasks', 'run', 'qiberry', 'create_table_people', 'manual__2023-05-13T10:16:24.445902+00:00', '--job-id', '12', '--raw', '--subdir', 'DAGS_FOLDER/dag_laba3.py', '--cfg-path', '/tmp/tmpf3s6n084']
[2023-05-13T10:16:29.340+0000] {standard_task_runner.py:85} INFO - Job 12: Subtask create_table_people
[2023-05-13T10:16:29.411+0000] {task_command.py:410} INFO - Running <TaskInstance: qiberry.create_table_people manual__2023-05-13T10:16:24.445902+00:00 [running]> on host bfb86d9b8782
[2023-05-13T10:16:29.532+0000] {taskinstance.py:1570} INFO - Exporting env vars: AIRFLOW_CTX_DAG_OWNER='***' AIRFLOW_CTX_DAG_ID='qiberry' AIRFLOW_CTX_TASK_ID='create_table_people' AIRFLOW_CTX_EXECUTION_DATE='2023-05-13T10:16:24.445902+00:00' AIRFLOW_CTX_TRY_NUMBER='1' AIRFLOW_CTX_DAG_RUN_ID='manual__2023-05-13T10:16:24.445902+00:00'
[2023-05-13T10:16:29.536+0000] {sql.py:262} INFO - Executing: 
        CREATE TABLE IF NOT EXISTS public.people (
            firstname varchar,
            lastname varchar,
            age int,
            sex varchar,
            color varchar
        );
        
[2023-05-13T10:16:29.560+0000] {base.py:73} INFO - Using connection ID 'qiberry' for task execution.
[2023-05-13T10:16:29.646+0000] {base.py:73} INFO - Using connection ID 'qiberry' for task execution.
[2023-05-13T10:16:29.656+0000] {sql.py:375} INFO - Running statement: 
        CREATE TABLE IF NOT EXISTS public.people (
            firstname varchar,
            lastname varchar,
            age int,
            sex varchar,
            color varchar
        );
        , parameters: None
[2023-05-13T10:16:29.682+0000] {taskinstance.py:1373} INFO - Marking task as SUCCESS. dag_id=qiberry, task_id=create_table_people, execution_date=20230513T101624, start_date=20230513T101629, end_date=20230513T101629
[2023-05-13T10:16:29.750+0000] {local_task_job_runner.py:232} INFO - Task exited with return code 0
[2023-05-13T10:16:29.791+0000] {taskinstance.py:2674} INFO - 1 downstream tasks scheduled from follow-on schedule check
