[2023-05-13T21:33:11.742+0000] {taskinstance.py:1125} INFO - Dependencies all met for dep_context=non-requeueable deps ti=<TaskInstance: hypothesis1_2.insert_data manual__2023-05-13T21:33:03.274844+00:00 [queued]>
[2023-05-13T21:33:11.757+0000] {taskinstance.py:1125} INFO - Dependencies all met for dep_context=requeueable deps ti=<TaskInstance: hypothesis1_2.insert_data manual__2023-05-13T21:33:03.274844+00:00 [queued]>
[2023-05-13T21:33:11.759+0000] {taskinstance.py:1331} INFO - Starting attempt 1 of 1
[2023-05-13T21:33:11.781+0000] {taskinstance.py:1350} INFO - Executing <Task(PythonOperator): insert_data> on 2023-05-13 21:33:03.274844+00:00
[2023-05-13T21:33:11.790+0000] {standard_task_runner.py:57} INFO - Started process 1786 to run task
[2023-05-13T21:33:11.797+0000] {standard_task_runner.py:84} INFO - Running: ['***', 'tasks', 'run', 'hypothesis1_2', 'insert_data', 'manual__2023-05-13T21:33:03.274844+00:00', '--job-id', '57', '--raw', '--subdir', 'DAGS_FOLDER/dag_hypothesis1_2.py', '--cfg-path', '/tmp/tmpst6_njrk']
[2023-05-13T21:33:11.802+0000] {standard_task_runner.py:85} INFO - Job 57: Subtask insert_data
[2023-05-13T21:33:11.879+0000] {task_command.py:410} INFO - Running <TaskInstance: hypothesis1_2.insert_data manual__2023-05-13T21:33:03.274844+00:00 [running]> on host 9a745d3878c0
[2023-05-13T21:33:12.025+0000] {taskinstance.py:1570} INFO - Exporting env vars: AIRFLOW_CTX_DAG_OWNER='***' AIRFLOW_CTX_DAG_ID='hypothesis1_2' AIRFLOW_CTX_TASK_ID='insert_data' AIRFLOW_CTX_EXECUTION_DATE='2023-05-13T21:33:03.274844+00:00' AIRFLOW_CTX_TRY_NUMBER='1' AIRFLOW_CTX_DAG_RUN_ID='manual__2023-05-13T21:33:03.274844+00:00'
[2023-05-13T21:33:12.029+0000] {logging_mixin.py:149} INFO - Postgres connect success
[2023-05-13T21:33:12.045+0000] {base.py:73} INFO - Using connection ID 'qiberry' for task execution.
[2023-05-13T21:33:12.056+0000] {sql.py:473} INFO - Done loading. Loaded a total of 1 rows into public.cars
[2023-05-13T21:33:12.068+0000] {base.py:73} INFO - Using connection ID 'qiberry' for task execution.
[2023-05-13T21:33:12.076+0000] {sql.py:473} INFO - Done loading. Loaded a total of 1 rows into public.cars
[2023-05-13T21:33:12.087+0000] {base.py:73} INFO - Using connection ID 'qiberry' for task execution.
[2023-05-13T21:33:12.096+0000] {sql.py:473} INFO - Done loading. Loaded a total of 1 rows into public.cars
[2023-05-13T21:33:12.106+0000] {base.py:73} INFO - Using connection ID 'qiberry' for task execution.
[2023-05-13T21:33:12.116+0000] {sql.py:473} INFO - Done loading. Loaded a total of 1 rows into public.cars
[2023-05-13T21:33:12.126+0000] {base.py:73} INFO - Using connection ID 'qiberry' for task execution.
[2023-05-13T21:33:12.136+0000] {sql.py:473} INFO - Done loading. Loaded a total of 1 rows into public.cars
[2023-05-13T21:33:12.147+0000] {base.py:73} INFO - Using connection ID 'qiberry' for task execution.
[2023-05-13T21:33:12.156+0000] {sql.py:473} INFO - Done loading. Loaded a total of 1 rows into public.cars
[2023-05-13T21:33:12.167+0000] {base.py:73} INFO - Using connection ID 'qiberry' for task execution.
[2023-05-13T21:33:12.176+0000] {sql.py:473} INFO - Done loading. Loaded a total of 1 rows into public.cars
[2023-05-13T21:33:12.188+0000] {base.py:73} INFO - Using connection ID 'qiberry' for task execution.
[2023-05-13T21:33:12.198+0000] {sql.py:473} INFO - Done loading. Loaded a total of 1 rows into public.cars
[2023-05-13T21:33:12.209+0000] {base.py:73} INFO - Using connection ID 'qiberry' for task execution.
[2023-05-13T21:33:12.218+0000] {sql.py:473} INFO - Done loading. Loaded a total of 1 rows into public.cars
[2023-05-13T21:33:12.229+0000] {base.py:73} INFO - Using connection ID 'qiberry' for task execution.
[2023-05-13T21:33:12.238+0000] {sql.py:473} INFO - Done loading. Loaded a total of 1 rows into public.cars
[2023-05-13T21:33:12.249+0000] {base.py:73} INFO - Using connection ID 'qiberry' for task execution.
[2023-05-13T21:33:12.258+0000] {sql.py:473} INFO - Done loading. Loaded a total of 1 rows into public.cars
[2023-05-13T21:33:12.270+0000] {base.py:73} INFO - Using connection ID 'qiberry' for task execution.
[2023-05-13T21:33:12.280+0000] {sql.py:473} INFO - Done loading. Loaded a total of 1 rows into public.cars
[2023-05-13T21:33:12.291+0000] {base.py:73} INFO - Using connection ID 'qiberry' for task execution.
[2023-05-13T21:33:12.300+0000] {sql.py:473} INFO - Done loading. Loaded a total of 1 rows into public.cars
[2023-05-13T21:33:12.312+0000] {base.py:73} INFO - Using connection ID 'qiberry' for task execution.
[2023-05-13T21:33:12.322+0000] {sql.py:473} INFO - Done loading. Loaded a total of 1 rows into public.cars
[2023-05-13T21:33:12.337+0000] {base.py:73} INFO - Using connection ID 'qiberry' for task execution.
[2023-05-13T21:33:12.349+0000] {sql.py:473} INFO - Done loading. Loaded a total of 1 rows into public.cars
[2023-05-13T21:33:12.363+0000] {base.py:73} INFO - Using connection ID 'qiberry' for task execution.
[2023-05-13T21:33:12.376+0000] {sql.py:473} INFO - Done loading. Loaded a total of 1 rows into public.cars
[2023-05-13T21:33:12.392+0000] {base.py:73} INFO - Using connection ID 'qiberry' for task execution.
[2023-05-13T21:33:12.404+0000] {sql.py:473} INFO - Done loading. Loaded a total of 1 rows into public.cars
[2023-05-13T21:33:12.420+0000] {base.py:73} INFO - Using connection ID 'qiberry' for task execution.
[2023-05-13T21:33:12.432+0000] {sql.py:473} INFO - Done loading. Loaded a total of 1 rows into public.cars
[2023-05-13T21:33:12.449+0000] {base.py:73} INFO - Using connection ID 'qiberry' for task execution.
[2023-05-13T21:33:12.460+0000] {sql.py:473} INFO - Done loading. Loaded a total of 1 rows into public.cars
[2023-05-13T21:33:12.474+0000] {base.py:73} INFO - Using connection ID 'qiberry' for task execution.
[2023-05-13T21:33:12.486+0000] {sql.py:473} INFO - Done loading. Loaded a total of 1 rows into public.cars
[2023-05-13T21:33:12.501+0000] {base.py:73} INFO - Using connection ID 'qiberry' for task execution.
[2023-05-13T21:33:12.513+0000] {sql.py:473} INFO - Done loading. Loaded a total of 1 rows into public.cars
[2023-05-13T21:33:12.526+0000] {base.py:73} INFO - Using connection ID 'qiberry' for task execution.
[2023-05-13T21:33:12.539+0000] {sql.py:473} INFO - Done loading. Loaded a total of 1 rows into public.cars
[2023-05-13T21:33:12.553+0000] {base.py:73} INFO - Using connection ID 'qiberry' for task execution.
[2023-05-13T21:33:12.565+0000] {sql.py:473} INFO - Done loading. Loaded a total of 1 rows into public.cars
[2023-05-13T21:33:12.580+0000] {base.py:73} INFO - Using connection ID 'qiberry' for task execution.
[2023-05-13T21:33:12.593+0000] {sql.py:473} INFO - Done loading. Loaded a total of 1 rows into public.cars
[2023-05-13T21:33:12.605+0000] {base.py:73} INFO - Using connection ID 'qiberry' for task execution.
[2023-05-13T21:33:12.613+0000] {sql.py:473} INFO - Done loading. Loaded a total of 1 rows into public.cars
[2023-05-13T21:33:12.623+0000] {base.py:73} INFO - Using connection ID 'qiberry' for task execution.
[2023-05-13T21:33:12.631+0000] {sql.py:473} INFO - Done loading. Loaded a total of 1 rows into public.cars
[2023-05-13T21:33:12.641+0000] {base.py:73} INFO - Using connection ID 'qiberry' for task execution.
[2023-05-13T21:33:12.649+0000] {sql.py:473} INFO - Done loading. Loaded a total of 1 rows into public.cars
[2023-05-13T21:33:12.659+0000] {base.py:73} INFO - Using connection ID 'qiberry' for task execution.
[2023-05-13T21:33:12.667+0000] {sql.py:473} INFO - Done loading. Loaded a total of 1 rows into public.cars
[2023-05-13T21:33:12.679+0000] {base.py:73} INFO - Using connection ID 'qiberry' for task execution.
[2023-05-13T21:33:12.687+0000] {sql.py:473} INFO - Done loading. Loaded a total of 1 rows into public.cars
[2023-05-13T21:33:12.697+0000] {base.py:73} INFO - Using connection ID 'qiberry' for task execution.
[2023-05-13T21:33:12.705+0000] {sql.py:473} INFO - Done loading. Loaded a total of 1 rows into public.cars
[2023-05-13T21:33:12.715+0000] {base.py:73} INFO - Using connection ID 'qiberry' for task execution.
[2023-05-13T21:33:12.723+0000] {sql.py:473} INFO - Done loading. Loaded a total of 1 rows into public.cars
[2023-05-13T21:33:12.735+0000] {base.py:73} INFO - Using connection ID 'qiberry' for task execution.
[2023-05-13T21:33:12.747+0000] {sql.py:473} INFO - Done loading. Loaded a total of 1 rows into public.cars
[2023-05-13T21:33:12.757+0000] {base.py:73} INFO - Using connection ID 'qiberry' for task execution.
[2023-05-13T21:33:12.765+0000] {sql.py:473} INFO - Done loading. Loaded a total of 1 rows into public.cars
[2023-05-13T21:33:12.775+0000] {base.py:73} INFO - Using connection ID 'qiberry' for task execution.
[2023-05-13T21:33:12.784+0000] {sql.py:473} INFO - Done loading. Loaded a total of 1 rows into public.cars
[2023-05-13T21:33:12.794+0000] {base.py:73} INFO - Using connection ID 'qiberry' for task execution.
[2023-05-13T21:33:12.802+0000] {sql.py:473} INFO - Done loading. Loaded a total of 1 rows into public.cars
[2023-05-13T21:33:12.812+0000] {base.py:73} INFO - Using connection ID 'qiberry' for task execution.
[2023-05-13T21:33:12.820+0000] {sql.py:473} INFO - Done loading. Loaded a total of 1 rows into public.cars
[2023-05-13T21:33:12.831+0000] {base.py:73} INFO - Using connection ID 'qiberry' for task execution.
[2023-05-13T21:33:12.839+0000] {sql.py:473} INFO - Done loading. Loaded a total of 1 rows into public.cars
[2023-05-13T21:33:12.849+0000] {base.py:73} INFO - Using connection ID 'qiberry' for task execution.
[2023-05-13T21:33:12.857+0000] {sql.py:473} INFO - Done loading. Loaded a total of 1 rows into public.cars
[2023-05-13T21:33:12.867+0000] {base.py:73} INFO - Using connection ID 'qiberry' for task execution.
[2023-05-13T21:33:12.876+0000] {sql.py:473} INFO - Done loading. Loaded a total of 1 rows into public.cars
[2023-05-13T21:33:12.890+0000] {base.py:73} INFO - Using connection ID 'qiberry' for task execution.
[2023-05-13T21:33:12.901+0000] {sql.py:473} INFO - Done loading. Loaded a total of 1 rows into public.cars
[2023-05-13T21:33:12.913+0000] {base.py:73} INFO - Using connection ID 'qiberry' for task execution.
[2023-05-13T21:33:12.921+0000] {sql.py:473} INFO - Done loading. Loaded a total of 1 rows into public.cars
[2023-05-13T21:33:12.934+0000] {base.py:73} INFO - Using connection ID 'qiberry' for task execution.
[2023-05-13T21:33:12.946+0000] {sql.py:473} INFO - Done loading. Loaded a total of 1 rows into public.cars
[2023-05-13T21:33:12.958+0000] {base.py:73} INFO - Using connection ID 'qiberry' for task execution.
[2023-05-13T21:33:12.966+0000] {sql.py:473} INFO - Done loading. Loaded a total of 1 rows into public.cars
[2023-05-13T21:33:12.977+0000] {base.py:73} INFO - Using connection ID 'qiberry' for task execution.
[2023-05-13T21:33:12.987+0000] {sql.py:473} INFO - Done loading. Loaded a total of 1 rows into public.cars
[2023-05-13T21:33:13.001+0000] {base.py:73} INFO - Using connection ID 'qiberry' for task execution.
[2023-05-13T21:33:13.010+0000] {sql.py:473} INFO - Done loading. Loaded a total of 1 rows into public.cars
[2023-05-13T21:33:13.020+0000] {base.py:73} INFO - Using connection ID 'qiberry' for task execution.
[2023-05-13T21:33:13.029+0000] {sql.py:473} INFO - Done loading. Loaded a total of 1 rows into public.cars
[2023-05-13T21:33:13.042+0000] {base.py:73} INFO - Using connection ID 'qiberry' for task execution.
[2023-05-13T21:33:13.054+0000] {sql.py:473} INFO - Done loading. Loaded a total of 1 rows into public.cars
[2023-05-13T21:33:13.064+0000] {base.py:73} INFO - Using connection ID 'qiberry' for task execution.
[2023-05-13T21:33:13.072+0000] {sql.py:473} INFO - Done loading. Loaded a total of 1 rows into public.cars
[2023-05-13T21:33:13.084+0000] {base.py:73} INFO - Using connection ID 'qiberry' for task execution.
[2023-05-13T21:33:13.092+0000] {sql.py:473} INFO - Done loading. Loaded a total of 1 rows into public.cars
[2023-05-13T21:33:13.103+0000] {base.py:73} INFO - Using connection ID 'qiberry' for task execution.
[2023-05-13T21:33:13.111+0000] {sql.py:473} INFO - Done loading. Loaded a total of 1 rows into public.cars
[2023-05-13T21:33:13.121+0000] {base.py:73} INFO - Using connection ID 'qiberry' for task execution.
[2023-05-13T21:33:13.129+0000] {sql.py:473} INFO - Done loading. Loaded a total of 1 rows into public.cars
[2023-05-13T21:33:13.141+0000] {base.py:73} INFO - Using connection ID 'qiberry' for task execution.
[2023-05-13T21:33:13.149+0000] {sql.py:473} INFO - Done loading. Loaded a total of 1 rows into public.cars
[2023-05-13T21:33:13.159+0000] {base.py:73} INFO - Using connection ID 'qiberry' for task execution.
[2023-05-13T21:33:13.167+0000] {sql.py:473} INFO - Done loading. Loaded a total of 1 rows into public.cars
[2023-05-13T21:33:13.177+0000] {base.py:73} INFO - Using connection ID 'qiberry' for task execution.
[2023-05-13T21:33:13.186+0000] {sql.py:473} INFO - Done loading. Loaded a total of 1 rows into public.cars
[2023-05-13T21:33:13.196+0000] {base.py:73} INFO - Using connection ID 'qiberry' for task execution.
[2023-05-13T21:33:13.204+0000] {sql.py:473} INFO - Done loading. Loaded a total of 1 rows into public.cars
[2023-05-13T21:33:13.214+0000] {base.py:73} INFO - Using connection ID 'qiberry' for task execution.
[2023-05-13T21:33:13.221+0000] {sql.py:473} INFO - Done loading. Loaded a total of 1 rows into public.cars
[2023-05-13T21:33:13.232+0000] {base.py:73} INFO - Using connection ID 'qiberry' for task execution.
[2023-05-13T21:33:13.240+0000] {sql.py:473} INFO - Done loading. Loaded a total of 1 rows into public.cars
[2023-05-13T21:33:13.251+0000] {base.py:73} INFO - Using connection ID 'qiberry' for task execution.
[2023-05-13T21:33:13.258+0000] {sql.py:473} INFO - Done loading. Loaded a total of 1 rows into public.cars
[2023-05-13T21:33:13.269+0000] {base.py:73} INFO - Using connection ID 'qiberry' for task execution.
[2023-05-13T21:33:13.278+0000] {sql.py:473} INFO - Done loading. Loaded a total of 1 rows into public.cars
[2023-05-13T21:33:13.291+0000] {base.py:73} INFO - Using connection ID 'qiberry' for task execution.
[2023-05-13T21:33:13.305+0000] {sql.py:473} INFO - Done loading. Loaded a total of 1 rows into public.cars
[2023-05-13T21:33:13.318+0000] {base.py:73} INFO - Using connection ID 'qiberry' for task execution.
[2023-05-13T21:33:13.330+0000] {sql.py:473} INFO - Done loading. Loaded a total of 1 rows into public.cars
[2023-05-13T21:33:13.344+0000] {base.py:73} INFO - Using connection ID 'qiberry' for task execution.
[2023-05-13T21:33:13.355+0000] {sql.py:473} INFO - Done loading. Loaded a total of 1 rows into public.cars
[2023-05-13T21:33:13.369+0000] {base.py:73} INFO - Using connection ID 'qiberry' for task execution.
[2023-05-13T21:33:13.381+0000] {sql.py:473} INFO - Done loading. Loaded a total of 1 rows into public.cars
[2023-05-13T21:33:13.394+0000] {base.py:73} INFO - Using connection ID 'qiberry' for task execution.
[2023-05-13T21:33:13.405+0000] {sql.py:473} INFO - Done loading. Loaded a total of 1 rows into public.cars
[2023-05-13T21:33:13.419+0000] {base.py:73} INFO - Using connection ID 'qiberry' for task execution.
[2023-05-13T21:33:13.431+0000] {sql.py:473} INFO - Done loading. Loaded a total of 1 rows into public.cars
[2023-05-13T21:33:13.449+0000] {base.py:73} INFO - Using connection ID 'qiberry' for task execution.
[2023-05-13T21:33:13.460+0000] {sql.py:473} INFO - Done loading. Loaded a total of 1 rows into public.cars
[2023-05-13T21:33:13.473+0000] {base.py:73} INFO - Using connection ID 'qiberry' for task execution.
[2023-05-13T21:33:13.485+0000] {sql.py:473} INFO - Done loading. Loaded a total of 1 rows into public.cars
[2023-05-13T21:33:13.497+0000] {base.py:73} INFO - Using connection ID 'qiberry' for task execution.
[2023-05-13T21:33:13.507+0000] {sql.py:473} INFO - Done loading. Loaded a total of 1 rows into public.cars
[2023-05-13T21:33:13.518+0000] {base.py:73} INFO - Using connection ID 'qiberry' for task execution.
[2023-05-13T21:33:13.527+0000] {sql.py:473} INFO - Done loading. Loaded a total of 1 rows into public.cars
[2023-05-13T21:33:13.539+0000] {base.py:73} INFO - Using connection ID 'qiberry' for task execution.
[2023-05-13T21:33:13.547+0000] {sql.py:473} INFO - Done loading. Loaded a total of 1 rows into public.cars
[2023-05-13T21:33:13.557+0000] {base.py:73} INFO - Using connection ID 'qiberry' for task execution.
[2023-05-13T21:33:13.566+0000] {sql.py:473} INFO - Done loading. Loaded a total of 1 rows into public.cars
[2023-05-13T21:33:13.580+0000] {base.py:73} INFO - Using connection ID 'qiberry' for task execution.
[2023-05-13T21:33:13.591+0000] {sql.py:473} INFO - Done loading. Loaded a total of 1 rows into public.cars
[2023-05-13T21:33:13.607+0000] {base.py:73} INFO - Using connection ID 'qiberry' for task execution.
[2023-05-13T21:33:13.618+0000] {sql.py:473} INFO - Done loading. Loaded a total of 1 rows into public.cars
[2023-05-13T21:33:13.634+0000] {base.py:73} INFO - Using connection ID 'qiberry' for task execution.
[2023-05-13T21:33:13.644+0000] {sql.py:473} INFO - Done loading. Loaded a total of 1 rows into public.cars
[2023-05-13T21:33:13.657+0000] {base.py:73} INFO - Using connection ID 'qiberry' for task execution.
[2023-05-13T21:33:13.667+0000] {sql.py:473} INFO - Done loading. Loaded a total of 1 rows into public.cars
[2023-05-13T21:33:13.682+0000] {base.py:73} INFO - Using connection ID 'qiberry' for task execution.
[2023-05-13T21:33:13.693+0000] {sql.py:473} INFO - Done loading. Loaded a total of 1 rows into public.cars
[2023-05-13T21:33:13.706+0000] {base.py:73} INFO - Using connection ID 'qiberry' for task execution.
[2023-05-13T21:33:13.716+0000] {sql.py:473} INFO - Done loading. Loaded a total of 1 rows into public.cars
[2023-05-13T21:33:13.732+0000] {base.py:73} INFO - Using connection ID 'qiberry' for task execution.
[2023-05-13T21:33:13.744+0000] {sql.py:473} INFO - Done loading. Loaded a total of 1 rows into public.cars
[2023-05-13T21:33:13.758+0000] {base.py:73} INFO - Using connection ID 'qiberry' for task execution.
[2023-05-13T21:33:13.770+0000] {sql.py:473} INFO - Done loading. Loaded a total of 1 rows into public.cars
[2023-05-13T21:33:13.784+0000] {base.py:73} INFO - Using connection ID 'qiberry' for task execution.
[2023-05-13T21:33:13.796+0000] {sql.py:473} INFO - Done loading. Loaded a total of 1 rows into public.cars
[2023-05-13T21:33:13.809+0000] {base.py:73} INFO - Using connection ID 'qiberry' for task execution.
[2023-05-13T21:33:13.820+0000] {sql.py:473} INFO - Done loading. Loaded a total of 1 rows into public.cars
[2023-05-13T21:33:13.835+0000] {base.py:73} INFO - Using connection ID 'qiberry' for task execution.
[2023-05-13T21:33:13.846+0000] {sql.py:473} INFO - Done loading. Loaded a total of 1 rows into public.cars
[2023-05-13T21:33:13.861+0000] {base.py:73} INFO - Using connection ID 'qiberry' for task execution.
[2023-05-13T21:33:13.873+0000] {sql.py:473} INFO - Done loading. Loaded a total of 1 rows into public.cars
[2023-05-13T21:33:13.889+0000] {base.py:73} INFO - Using connection ID 'qiberry' for task execution.
[2023-05-13T21:33:13.903+0000] {sql.py:473} INFO - Done loading. Loaded a total of 1 rows into public.cars
[2023-05-13T21:33:13.916+0000] {base.py:73} INFO - Using connection ID 'qiberry' for task execution.
[2023-05-13T21:33:13.928+0000] {sql.py:473} INFO - Done loading. Loaded a total of 1 rows into public.cars
[2023-05-13T21:33:13.942+0000] {base.py:73} INFO - Using connection ID 'qiberry' for task execution.
[2023-05-13T21:33:13.954+0000] {sql.py:473} INFO - Done loading. Loaded a total of 1 rows into public.cars
[2023-05-13T21:33:13.973+0000] {base.py:73} INFO - Using connection ID 'qiberry' for task execution.
[2023-05-13T21:33:13.987+0000] {sql.py:473} INFO - Done loading. Loaded a total of 1 rows into public.cars
[2023-05-13T21:33:14.002+0000] {base.py:73} INFO - Using connection ID 'qiberry' for task execution.
[2023-05-13T21:33:14.013+0000] {sql.py:473} INFO - Done loading. Loaded a total of 1 rows into public.cars
[2023-05-13T21:33:14.027+0000] {base.py:73} INFO - Using connection ID 'qiberry' for task execution.
[2023-05-13T21:33:14.039+0000] {sql.py:473} INFO - Done loading. Loaded a total of 1 rows into public.cars
[2023-05-13T21:33:14.052+0000] {base.py:73} INFO - Using connection ID 'qiberry' for task execution.
[2023-05-13T21:33:14.062+0000] {sql.py:473} INFO - Done loading. Loaded a total of 1 rows into public.cars
[2023-05-13T21:33:14.074+0000] {base.py:73} INFO - Using connection ID 'qiberry' for task execution.
[2023-05-13T21:33:14.085+0000] {sql.py:473} INFO - Done loading. Loaded a total of 1 rows into public.cars
[2023-05-13T21:33:14.099+0000] {base.py:73} INFO - Using connection ID 'qiberry' for task execution.
[2023-05-13T21:33:14.109+0000] {sql.py:473} INFO - Done loading. Loaded a total of 1 rows into public.cars
[2023-05-13T21:33:14.120+0000] {base.py:73} INFO - Using connection ID 'qiberry' for task execution.
[2023-05-13T21:33:14.131+0000] {sql.py:473} INFO - Done loading. Loaded a total of 1 rows into public.cars
[2023-05-13T21:33:14.146+0000] {base.py:73} INFO - Using connection ID 'qiberry' for task execution.
[2023-05-13T21:33:14.157+0000] {sql.py:473} INFO - Done loading. Loaded a total of 1 rows into public.cars
[2023-05-13T21:33:14.169+0000] {base.py:73} INFO - Using connection ID 'qiberry' for task execution.
[2023-05-13T21:33:14.179+0000] {sql.py:473} INFO - Done loading. Loaded a total of 1 rows into public.cars
[2023-05-13T21:33:14.193+0000] {base.py:73} INFO - Using connection ID 'qiberry' for task execution.
[2023-05-13T21:33:14.205+0000] {sql.py:473} INFO - Done loading. Loaded a total of 1 rows into public.cars
[2023-05-13T21:33:14.216+0000] {base.py:73} INFO - Using connection ID 'qiberry' for task execution.
[2023-05-13T21:33:14.228+0000] {sql.py:473} INFO - Done loading. Loaded a total of 1 rows into public.cars
[2023-05-13T21:33:14.243+0000] {base.py:73} INFO - Using connection ID 'qiberry' for task execution.
[2023-05-13T21:33:14.254+0000] {sql.py:473} INFO - Done loading. Loaded a total of 1 rows into public.cars
[2023-05-13T21:33:14.269+0000] {base.py:73} INFO - Using connection ID 'qiberry' for task execution.
[2023-05-13T21:33:14.282+0000] {sql.py:473} INFO - Done loading. Loaded a total of 1 rows into public.cars
[2023-05-13T21:33:14.296+0000] {base.py:73} INFO - Using connection ID 'qiberry' for task execution.
[2023-05-13T21:33:14.305+0000] {sql.py:473} INFO - Done loading. Loaded a total of 1 rows into public.cars
[2023-05-13T21:33:14.319+0000] {base.py:73} INFO - Using connection ID 'qiberry' for task execution.
[2023-05-13T21:33:14.331+0000] {sql.py:473} INFO - Done loading. Loaded a total of 1 rows into public.cars
[2023-05-13T21:33:14.333+0000] {python.py:183} INFO - Done. Returned value was: None
[2023-05-13T21:33:14.352+0000] {taskinstance.py:1373} INFO - Marking task as SUCCESS. dag_id=hypothesis1_2, task_id=insert_data, execution_date=20230513T213303, start_date=20230513T213311, end_date=20230513T213314
[2023-05-13T21:33:14.425+0000] {local_task_job_runner.py:232} INFO - Task exited with return code 0
[2023-05-13T21:33:14.472+0000] {taskinstance.py:2674} INFO - 1 downstream tasks scheduled from follow-on schedule check
