[2023-05-13T10:39:45.615+0000] {taskinstance.py:1125} INFO - Dependencies all met for dep_context=non-requeueable deps ti=<TaskInstance: qiberry.create_table_people manual__2023-05-13T10:30:34.582418+00:00 [queued]>
[2023-05-13T10:39:45.913+0000] {taskinstance.py:1125} INFO - Dependencies all met for dep_context=requeueable deps ti=<TaskInstance: qiberry.create_table_people manual__2023-05-13T10:30:34.582418+00:00 [queued]>
[2023-05-13T10:39:45.923+0000] {taskinstance.py:1331} INFO - Starting attempt 1 of 1
[2023-05-13T10:39:46.415+0000] {taskinstance.py:1350} INFO - Executing <Task(PostgresOperator): create_table_people> on 2023-05-13 10:30:34.582418+00:00
[2023-05-13T10:39:46.602+0000] {standard_task_runner.py:84} INFO - Running: ['***', 'tasks', 'run', 'qiberry', 'create_table_people', 'manual__2023-05-13T10:30:34.582418+00:00', '--job-id', '30', '--raw', '--subdir', 'DAGS_FOLDER/dag_laba3.py', '--cfg-path', '/tmp/tmpej0f5et0']
[2023-05-13T10:39:46.650+0000] {standard_task_runner.py:85} INFO - Job 30: Subtask create_table_people
[2023-05-13T10:39:46.614+0000] {standard_task_runner.py:57} INFO - Started process 75 to run task
[2023-05-13T10:39:47.537+0000] {task_command.py:410} INFO - Running <TaskInstance: qiberry.create_table_people manual__2023-05-13T10:30:34.582418+00:00 [running]> on host bfb86d9b8782
[2023-05-13T10:39:48.526+0000] {taskinstance.py:1570} INFO - Exporting env vars: AIRFLOW_CTX_DAG_OWNER='***' AIRFLOW_CTX_DAG_ID='qiberry' AIRFLOW_CTX_TASK_ID='create_table_people' AIRFLOW_CTX_EXECUTION_DATE='2023-05-13T10:30:34.582418+00:00' AIRFLOW_CTX_TRY_NUMBER='1' AIRFLOW_CTX_DAG_RUN_ID='manual__2023-05-13T10:30:34.582418+00:00'
[2023-05-13T10:39:48.542+0000] {sql.py:262} INFO - Executing: 
        CREATE TABLE IF NOT EXISTS public.people (
            firstname varchar,
            lastname varchar,
            age int,
            sex varchar,
            color varchar
        );
        
[2023-05-13T10:39:48.613+0000] {base.py:73} INFO - Using connection ID 'qiberry' for task execution.
[2023-05-13T10:39:49.156+0000] {base.py:73} INFO - Using connection ID 'qiberry' for task execution.
[2023-05-13T10:39:49.181+0000] {sql.py:375} INFO - Running statement: 
        CREATE TABLE IF NOT EXISTS public.people (
            firstname varchar,
            lastname varchar,
            age int,
            sex varchar,
            color varchar
        );
        , parameters: None
[2023-05-13T10:39:49.244+0000] {taskinstance.py:1373} INFO - Marking task as SUCCESS. dag_id=qiberry, task_id=create_table_people, execution_date=20230513T103034, start_date=20230513T103945, end_date=20230513T103949
[2023-05-13T10:39:49.337+0000] {local_task_job_runner.py:232} INFO - Task exited with return code 0
[2023-05-13T10:39:49.435+0000] {taskinstance.py:2674} INFO - 1 downstream tasks scheduled from follow-on schedule check
