[2023-05-13T19:04:17.494+0000] {taskinstance.py:1125} INFO - Dependencies all met for dep_context=non-requeueable deps ti=<TaskInstance: hypothesis1.create_table manual__2023-05-13T19:04:08.660124+00:00 [queued]>
[2023-05-13T19:04:17.538+0000] {taskinstance.py:1125} INFO - Dependencies all met for dep_context=requeueable deps ti=<TaskInstance: hypothesis1.create_table manual__2023-05-13T19:04:08.660124+00:00 [queued]>
[2023-05-13T19:04:17.542+0000] {taskinstance.py:1331} INFO - Starting attempt 1 of 1
[2023-05-13T19:04:17.613+0000] {taskinstance.py:1350} INFO - Executing <Task(PostgresOperator): create_table> on 2023-05-13 19:04:08.660124+00:00
[2023-05-13T19:04:17.634+0000] {standard_task_runner.py:57} INFO - Started process 474 to run task
[2023-05-13T19:04:17.653+0000] {standard_task_runner.py:84} INFO - Running: ['***', 'tasks', 'run', 'hypothesis1', 'create_table', 'manual__2023-05-13T19:04:08.660124+00:00', '--job-id', '18', '--raw', '--subdir', 'DAGS_FOLDER/dag_hypothesis1.py', '--cfg-path', '/tmp/tmp0zdvgwa2']
[2023-05-13T19:04:17.665+0000] {standard_task_runner.py:85} INFO - Job 18: Subtask create_table
[2023-05-13T19:04:17.793+0000] {task_command.py:410} INFO - Running <TaskInstance: hypothesis1.create_table manual__2023-05-13T19:04:08.660124+00:00 [running]> on host 9a745d3878c0
[2023-05-13T19:04:18.035+0000] {taskinstance.py:1570} INFO - Exporting env vars: AIRFLOW_CTX_DAG_OWNER='***' AIRFLOW_CTX_DAG_ID='hypothesis1' AIRFLOW_CTX_TASK_ID='create_table' AIRFLOW_CTX_EXECUTION_DATE='2023-05-13T19:04:08.660124+00:00' AIRFLOW_CTX_TRY_NUMBER='1' AIRFLOW_CTX_DAG_RUN_ID='manual__2023-05-13T19:04:08.660124+00:00'
[2023-05-13T19:04:18.042+0000] {sql.py:262} INFO - Executing: 
        CREATE TABLE IF NOT EXISTS public.cars (
            id int,
            make_name varchar,
            power varchar,
            price int,
            daysonmarket int,
            has_accidents bool
        );
        
[2023-05-13T19:04:18.066+0000] {base.py:73} INFO - Using connection ID 'qiberry' for task execution.
[2023-05-13T19:04:18.248+0000] {base.py:73} INFO - Using connection ID 'qiberry' for task execution.
[2023-05-13T19:04:18.258+0000] {sql.py:375} INFO - Running statement: 
        CREATE TABLE IF NOT EXISTS public.cars (
            id int,
            make_name varchar,
            power varchar,
            price int,
            daysonmarket int,
            has_accidents bool
        );
        , parameters: None
[2023-05-13T19:04:18.295+0000] {taskinstance.py:1373} INFO - Marking task as SUCCESS. dag_id=hypothesis1, task_id=create_table, execution_date=20230513T190408, start_date=20230513T190417, end_date=20230513T190418
[2023-05-13T19:04:18.349+0000] {local_task_job_runner.py:232} INFO - Task exited with return code 0
[2023-05-13T19:04:18.398+0000] {taskinstance.py:2674} INFO - 1 downstream tasks scheduled from follow-on schedule check
