[2023-05-13T22:29:51.591+0000] {taskinstance.py:1125} INFO - Dependencies all met for dep_context=non-requeueable deps ti=<TaskInstance: hypothesis2.create_table manual__2023-05-13T22:29:38.848438+00:00 [queued]>
[2023-05-13T22:29:51.616+0000] {taskinstance.py:1125} INFO - Dependencies all met for dep_context=requeueable deps ti=<TaskInstance: hypothesis2.create_table manual__2023-05-13T22:29:38.848438+00:00 [queued]>
[2023-05-13T22:29:51.619+0000] {taskinstance.py:1331} INFO - Starting attempt 1 of 1
[2023-05-13T22:29:51.653+0000] {taskinstance.py:1350} INFO - Executing <Task(PostgresOperator): create_table> on 2023-05-13 22:29:38.848438+00:00
[2023-05-13T22:29:51.670+0000] {standard_task_runner.py:57} INFO - Started process 2589 to run task
[2023-05-13T22:29:51.683+0000] {standard_task_runner.py:84} INFO - Running: ['***', 'tasks', 'run', 'hypothesis2', 'create_table', 'manual__2023-05-13T22:29:38.848438+00:00', '--job-id', '108', '--raw', '--subdir', 'DAGS_FOLDER/dag_hypothesis2.py', '--cfg-path', '/tmp/tmp4i_3trjy']
[2023-05-13T22:29:51.691+0000] {standard_task_runner.py:85} INFO - Job 108: Subtask create_table
[2023-05-13T22:29:51.819+0000] {task_command.py:410} INFO - Running <TaskInstance: hypothesis2.create_table manual__2023-05-13T22:29:38.848438+00:00 [running]> on host 9a745d3878c0
[2023-05-13T22:29:52.042+0000] {taskinstance.py:1570} INFO - Exporting env vars: AIRFLOW_CTX_DAG_OWNER='***' AIRFLOW_CTX_DAG_ID='hypothesis2' AIRFLOW_CTX_TASK_ID='create_table' AIRFLOW_CTX_EXECUTION_DATE='2023-05-13T22:29:38.848438+00:00' AIRFLOW_CTX_TRY_NUMBER='1' AIRFLOW_CTX_DAG_RUN_ID='manual__2023-05-13T22:29:38.848438+00:00'
[2023-05-13T22:29:52.047+0000] {sql.py:262} INFO - Executing: 
        CREATE TABLE IF NOT EXISTS public.cars (
            id int,
            make_name varchar,
            power varchar,
            price float,
            daysonmarket float,
            has_accidents bool
        );
        
[2023-05-13T22:29:52.068+0000] {base.py:73} INFO - Using connection ID 'qiberry' for task execution.
[2023-05-13T22:29:52.233+0000] {base.py:73} INFO - Using connection ID 'qiberry' for task execution.
[2023-05-13T22:29:52.243+0000] {sql.py:375} INFO - Running statement: 
        CREATE TABLE IF NOT EXISTS public.cars (
            id int,
            make_name varchar,
            power varchar,
            price float,
            daysonmarket float,
            has_accidents bool
        );
        , parameters: None
[2023-05-13T22:29:52.277+0000] {taskinstance.py:1373} INFO - Marking task as SUCCESS. dag_id=hypothesis2, task_id=create_table, execution_date=20230513T222938, start_date=20230513T222951, end_date=20230513T222952
[2023-05-13T22:29:52.339+0000] {local_task_job_runner.py:232} INFO - Task exited with return code 0
[2023-05-13T22:29:52.413+0000] {taskinstance.py:2674} INFO - 1 downstream tasks scheduled from follow-on schedule check
