[2023-05-13T21:43:33.954+0000] {taskinstance.py:1125} INFO - Dependencies all met for dep_context=non-requeueable deps ti=<TaskInstance: hypothesis2.create_table manual__2023-05-13T21:43:25.375728+00:00 [queued]>
[2023-05-13T21:43:34.009+0000] {taskinstance.py:1125} INFO - Dependencies all met for dep_context=requeueable deps ti=<TaskInstance: hypothesis2.create_table manual__2023-05-13T21:43:25.375728+00:00 [queued]>
[2023-05-13T21:43:34.013+0000] {taskinstance.py:1331} INFO - Starting attempt 1 of 1
[2023-05-13T21:43:34.061+0000] {taskinstance.py:1350} INFO - Executing <Task(PostgresOperator): create_table> on 2023-05-13 21:43:25.375728+00:00
[2023-05-13T21:43:34.080+0000] {standard_task_runner.py:57} INFO - Started process 1997 to run task
[2023-05-13T21:43:34.110+0000] {standard_task_runner.py:84} INFO - Running: ['***', 'tasks', 'run', 'hypothesis2', 'create_table', 'manual__2023-05-13T21:43:25.375728+00:00', '--job-id', '73', '--raw', '--subdir', 'DAGS_FOLDER/dag_hypothesis2.py', '--cfg-path', '/tmp/tmpj5fg75hx']
[2023-05-13T21:43:34.123+0000] {standard_task_runner.py:85} INFO - Job 73: Subtask create_table
[2023-05-13T21:43:34.319+0000] {task_command.py:410} INFO - Running <TaskInstance: hypothesis2.create_table manual__2023-05-13T21:43:25.375728+00:00 [running]> on host 9a745d3878c0
[2023-05-13T21:43:34.582+0000] {taskinstance.py:1570} INFO - Exporting env vars: AIRFLOW_CTX_DAG_OWNER='***' AIRFLOW_CTX_DAG_ID='hypothesis2' AIRFLOW_CTX_TASK_ID='create_table' AIRFLOW_CTX_EXECUTION_DATE='2023-05-13T21:43:25.375728+00:00' AIRFLOW_CTX_TRY_NUMBER='1' AIRFLOW_CTX_DAG_RUN_ID='manual__2023-05-13T21:43:25.375728+00:00'
[2023-05-13T21:43:34.592+0000] {sql.py:262} INFO - Executing: 
        CREATE TABLE IF NOT EXISTS public.cars (
            id int,
            make_name varchar,
            power varchar,
            price float,
            daysonmarket float,
            has_accidents bool
        );
        
[2023-05-13T21:43:34.620+0000] {base.py:73} INFO - Using connection ID 'qiberry' for task execution.
[2023-05-13T21:43:34.773+0000] {base.py:73} INFO - Using connection ID 'qiberry' for task execution.
[2023-05-13T21:43:34.783+0000] {sql.py:375} INFO - Running statement: 
        CREATE TABLE IF NOT EXISTS public.cars (
            id int,
            make_name varchar,
            power varchar,
            price float,
            daysonmarket float,
            has_accidents bool
        );
        , parameters: None
[2023-05-13T21:43:34.818+0000] {taskinstance.py:1373} INFO - Marking task as SUCCESS. dag_id=hypothesis2, task_id=create_table, execution_date=20230513T214325, start_date=20230513T214333, end_date=20230513T214334
[2023-05-13T21:43:34.882+0000] {local_task_job_runner.py:232} INFO - Task exited with return code 0
[2023-05-13T21:43:34.936+0000] {taskinstance.py:2674} INFO - 1 downstream tasks scheduled from follow-on schedule check
