[2023-05-13T10:39:55.168+0000] {taskinstance.py:1125} INFO - Dependencies all met for dep_context=non-requeueable deps ti=<TaskInstance: qiberry.create_table_people manual__2023-05-13T10:33:32.836276+00:00 [queued]>
[2023-05-13T10:39:55.232+0000] {taskinstance.py:1125} INFO - Dependencies all met for dep_context=requeueable deps ti=<TaskInstance: qiberry.create_table_people manual__2023-05-13T10:33:32.836276+00:00 [queued]>
[2023-05-13T10:39:55.239+0000] {taskinstance.py:1331} INFO - Starting attempt 1 of 1
[2023-05-13T10:39:55.395+0000] {taskinstance.py:1350} INFO - Executing <Task(PostgresOperator): create_table_people> on 2023-05-13 10:33:32.836276+00:00
[2023-05-13T10:39:55.432+0000] {standard_task_runner.py:57} INFO - Started process 87 to run task
[2023-05-13T10:39:55.447+0000] {standard_task_runner.py:84} INFO - Running: ['***', 'tasks', 'run', 'qiberry', 'create_table_people', 'manual__2023-05-13T10:33:32.836276+00:00', '--job-id', '34', '--raw', '--subdir', 'DAGS_FOLDER/dag_laba3.py', '--cfg-path', '/tmp/tmploug8nsp']
[2023-05-13T10:39:55.458+0000] {standard_task_runner.py:85} INFO - Job 34: Subtask create_table_people
[2023-05-13T10:39:55.746+0000] {task_command.py:410} INFO - Running <TaskInstance: qiberry.create_table_people manual__2023-05-13T10:33:32.836276+00:00 [running]> on host bfb86d9b8782
[2023-05-13T10:39:56.097+0000] {taskinstance.py:1570} INFO - Exporting env vars: AIRFLOW_CTX_DAG_OWNER='***' AIRFLOW_CTX_DAG_ID='qiberry' AIRFLOW_CTX_TASK_ID='create_table_people' AIRFLOW_CTX_EXECUTION_DATE='2023-05-13T10:33:32.836276+00:00' AIRFLOW_CTX_TRY_NUMBER='1' AIRFLOW_CTX_DAG_RUN_ID='manual__2023-05-13T10:33:32.836276+00:00'
[2023-05-13T10:39:56.104+0000] {sql.py:262} INFO - Executing: 
        CREATE TABLE IF NOT EXISTS public.people (
            firstname varchar,
            lastname varchar,
            age int,
            sex varchar,
            color varchar
        );
        
[2023-05-13T10:39:56.161+0000] {base.py:73} INFO - Using connection ID 'qiberry' for task execution.
[2023-05-13T10:39:56.495+0000] {base.py:73} INFO - Using connection ID 'qiberry' for task execution.
[2023-05-13T10:39:56.520+0000] {sql.py:375} INFO - Running statement: 
        CREATE TABLE IF NOT EXISTS public.people (
            firstname varchar,
            lastname varchar,
            age int,
            sex varchar,
            color varchar
        );
        , parameters: None
[2023-05-13T10:39:56.562+0000] {taskinstance.py:1373} INFO - Marking task as SUCCESS. dag_id=qiberry, task_id=create_table_people, execution_date=20230513T103332, start_date=20230513T103955, end_date=20230513T103956
[2023-05-13T10:39:56.689+0000] {local_task_job_runner.py:232} INFO - Task exited with return code 0
[2023-05-13T10:39:56.888+0000] {taskinstance.py:2674} INFO - 1 downstream tasks scheduled from follow-on schedule check
