[2023-05-13T10:40:07.549+0000] {taskinstance.py:1125} INFO - Dependencies all met for dep_context=non-requeueable deps ti=<TaskInstance: qiberry.insert_data manual__2023-05-13T10:33:32.836276+00:00 [queued]>
[2023-05-13T10:40:07.662+0000] {taskinstance.py:1125} INFO - Dependencies all met for dep_context=requeueable deps ti=<TaskInstance: qiberry.insert_data manual__2023-05-13T10:33:32.836276+00:00 [queued]>
[2023-05-13T10:40:07.664+0000] {taskinstance.py:1331} INFO - Starting attempt 1 of 1
[2023-05-13T10:40:08.201+0000] {taskinstance.py:1350} INFO - Executing <Task(PythonOperator): insert_data> on 2023-05-13 10:33:32.836276+00:00
[2023-05-13T10:40:08.237+0000] {standard_task_runner.py:57} INFO - Started process 98 to run task
[2023-05-13T10:40:08.263+0000] {standard_task_runner.py:84} INFO - Running: ['***', 'tasks', 'run', 'qiberry', 'insert_data', 'manual__2023-05-13T10:33:32.836276+00:00', '--job-id', '37', '--raw', '--subdir', 'DAGS_FOLDER/dag_laba3.py', '--cfg-path', '/tmp/tmpcvv31gqh']
[2023-05-13T10:40:08.280+0000] {standard_task_runner.py:85} INFO - Job 37: Subtask insert_data
[2023-05-13T10:40:08.654+0000] {task_command.py:410} INFO - Running <TaskInstance: qiberry.insert_data manual__2023-05-13T10:33:32.836276+00:00 [running]> on host bfb86d9b8782
[2023-05-13T10:40:09.116+0000] {taskinstance.py:1570} INFO - Exporting env vars: AIRFLOW_CTX_DAG_OWNER='***' AIRFLOW_CTX_DAG_ID='qiberry' AIRFLOW_CTX_TASK_ID='insert_data' AIRFLOW_CTX_EXECUTION_DATE='2023-05-13T10:33:32.836276+00:00' AIRFLOW_CTX_TRY_NUMBER='1' AIRFLOW_CTX_DAG_RUN_ID='manual__2023-05-13T10:33:32.836276+00:00'
[2023-05-13T10:40:09.122+0000] {logging_mixin.py:149} INFO - Postgres connect success
[2023-05-13T10:40:09.186+0000] {base.py:73} INFO - Using connection ID 'qiberry' for task execution.
[2023-05-13T10:40:09.217+0000] {sql.py:473} INFO - Done loading. Loaded a total of 1 rows into public.people
[2023-05-13T10:40:09.238+0000] {base.py:73} INFO - Using connection ID 'qiberry' for task execution.
[2023-05-13T10:40:09.273+0000] {sql.py:473} INFO - Done loading. Loaded a total of 1 rows into public.people
[2023-05-13T10:40:09.305+0000] {base.py:73} INFO - Using connection ID 'qiberry' for task execution.
[2023-05-13T10:40:09.402+0000] {sql.py:473} INFO - Done loading. Loaded a total of 1 rows into public.people
[2023-05-13T10:40:09.450+0000] {base.py:73} INFO - Using connection ID 'qiberry' for task execution.
[2023-05-13T10:40:09.499+0000] {sql.py:473} INFO - Done loading. Loaded a total of 1 rows into public.people
[2023-05-13T10:40:09.519+0000] {base.py:73} INFO - Using connection ID 'qiberry' for task execution.
[2023-05-13T10:40:09.539+0000] {sql.py:473} INFO - Done loading. Loaded a total of 1 rows into public.people
[2023-05-13T10:40:09.556+0000] {python.py:183} INFO - Done. Returned value was: None
[2023-05-13T10:40:09.597+0000] {taskinstance.py:1373} INFO - Marking task as SUCCESS. dag_id=qiberry, task_id=insert_data, execution_date=20230513T103332, start_date=20230513T104007, end_date=20230513T104009
[2023-05-13T10:40:09.728+0000] {local_task_job_runner.py:232} INFO - Task exited with return code 0
[2023-05-13T10:40:09.905+0000] {taskinstance.py:2674} INFO - 1 downstream tasks scheduled from follow-on schedule check
