[2023-05-13T21:44:58.939+0000] {taskinstance.py:1125} INFO - Dependencies all met for dep_context=non-requeueable deps ti=<TaskInstance: hypothesis1_2.select_data manual__2023-05-13T21:44:46.509246+00:00 [queued]>
[2023-05-13T21:44:58.960+0000] {taskinstance.py:1125} INFO - Dependencies all met for dep_context=requeueable deps ti=<TaskInstance: hypothesis1_2.select_data manual__2023-05-13T21:44:46.509246+00:00 [queued]>
[2023-05-13T21:44:58.962+0000] {taskinstance.py:1331} INFO - Starting attempt 1 of 1
[2023-05-13T21:44:58.988+0000] {taskinstance.py:1350} INFO - Executing <Task(PythonOperator): select_data> on 2023-05-13 21:44:46.509246+00:00
[2023-05-13T21:44:58.999+0000] {standard_task_runner.py:57} INFO - Started process 2042 to run task
[2023-05-13T21:44:59.006+0000] {standard_task_runner.py:84} INFO - Running: ['***', 'tasks', 'run', 'hypothesis1_2', 'select_data', 'manual__2023-05-13T21:44:46.509246+00:00', '--job-id', '79', '--raw', '--subdir', 'DAGS_FOLDER/dag_hypothesis1_2.py', '--cfg-path', '/tmp/tmp5ga98ken']
[2023-05-13T21:44:59.010+0000] {standard_task_runner.py:85} INFO - Job 79: Subtask select_data
[2023-05-13T21:44:59.087+0000] {task_command.py:410} INFO - Running <TaskInstance: hypothesis1_2.select_data manual__2023-05-13T21:44:46.509246+00:00 [running]> on host 9a745d3878c0
[2023-05-13T21:44:59.219+0000] {taskinstance.py:1570} INFO - Exporting env vars: AIRFLOW_CTX_DAG_OWNER='***' AIRFLOW_CTX_DAG_ID='hypothesis1_2' AIRFLOW_CTX_TASK_ID='select_data' AIRFLOW_CTX_EXECUTION_DATE='2023-05-13T21:44:46.509246+00:00' AIRFLOW_CTX_TRY_NUMBER='1' AIRFLOW_CTX_DAG_RUN_ID='manual__2023-05-13T21:44:46.509246+00:00'
[2023-05-13T21:44:59.234+0000] {base.py:73} INFO - Using connection ID 'qiberry' for task execution.
[2023-05-13T21:44:59.240+0000] {logging_mixin.py:149} INFO - Postgres connect success
[2023-05-13T21:44:59.243+0000] {logging_mixin.py:149} INFO - 0 , Jeep , 37499.0 , 235.0 , False
[2023-05-13T21:44:59.245+0000] {logging_mixin.py:149} INFO - 1 , Ford , 17995.0 , 47.0 , False
[2023-05-13T21:44:59.247+0000] {logging_mixin.py:149} INFO - brand , middle_price , middle_days_on_market , has_accidents_percent
[2023-05-13T21:44:59.249+0000] {logging_mixin.py:149} INFO - Jeep , 37499.0 , 235.0 , 0.0
[2023-05-13T21:44:59.250+0000] {logging_mixin.py:149} INFO - Ford , 17995.0 , 47.0 , 0.0
[2023-05-13T21:44:59.252+0000] {python.py:183} INFO - Done. Returned value was: None
[2023-05-13T21:44:59.268+0000] {taskinstance.py:1373} INFO - Marking task as SUCCESS. dag_id=hypothesis1_2, task_id=select_data, execution_date=20230513T214446, start_date=20230513T214458, end_date=20230513T214459
[2023-05-13T21:44:59.339+0000] {local_task_job_runner.py:232} INFO - Task exited with return code 0
[2023-05-13T21:44:59.374+0000] {taskinstance.py:2674} INFO - 0 downstream tasks scheduled from follow-on schedule check
