[2023-05-13T19:03:22.510+0000] {taskinstance.py:1125} INFO - Dependencies all met for dep_context=non-requeueable deps ti=<TaskInstance: hypothesis1.delete_table manual__2023-05-13T19:03:18.134960+00:00 [queued]>
[2023-05-13T19:03:22.563+0000] {taskinstance.py:1125} INFO - Dependencies all met for dep_context=requeueable deps ti=<TaskInstance: hypothesis1.delete_table manual__2023-05-13T19:03:18.134960+00:00 [queued]>
[2023-05-13T19:03:22.572+0000] {taskinstance.py:1331} INFO - Starting attempt 1 of 1
[2023-05-13T19:03:22.652+0000] {taskinstance.py:1350} INFO - Executing <Task(PostgresOperator): delete_table> on 2023-05-13 19:03:18.134960+00:00
[2023-05-13T19:03:22.670+0000] {standard_task_runner.py:57} INFO - Started process 451 to run task
[2023-05-13T19:03:22.697+0000] {standard_task_runner.py:84} INFO - Running: ['***', 'tasks', 'run', 'hypothesis1', 'delete_table', 'manual__2023-05-13T19:03:18.134960+00:00', '--job-id', '14', '--raw', '--subdir', 'DAGS_FOLDER/dag_hypothesis1.py', '--cfg-path', '/tmp/tmp0v0r52n9']
[2023-05-13T19:03:22.709+0000] {standard_task_runner.py:85} INFO - Job 14: Subtask delete_table
[2023-05-13T19:03:22.911+0000] {task_command.py:410} INFO - Running <TaskInstance: hypothesis1.delete_table manual__2023-05-13T19:03:18.134960+00:00 [running]> on host 9a745d3878c0
[2023-05-13T19:03:23.140+0000] {taskinstance.py:1570} INFO - Exporting env vars: AIRFLOW_CTX_DAG_OWNER='***' AIRFLOW_CTX_DAG_ID='hypothesis1' AIRFLOW_CTX_TASK_ID='delete_table' AIRFLOW_CTX_EXECUTION_DATE='2023-05-13T19:03:18.134960+00:00' AIRFLOW_CTX_TRY_NUMBER='1' AIRFLOW_CTX_DAG_RUN_ID='manual__2023-05-13T19:03:18.134960+00:00'
[2023-05-13T19:03:23.146+0000] {sql.py:262} INFO - Executing: 
        DROP TABLE if exists public.cars
        
[2023-05-13T19:03:23.166+0000] {base.py:73} INFO - Using connection ID 'qiberry' for task execution.
[2023-05-13T19:03:23.288+0000] {base.py:73} INFO - Using connection ID 'qiberry' for task execution.
[2023-05-13T19:03:23.297+0000] {sql.py:375} INFO - Running statement: 
        DROP TABLE if exists public.cars
        , parameters: None
[2023-05-13T19:03:23.326+0000] {taskinstance.py:1373} INFO - Marking task as SUCCESS. dag_id=hypothesis1, task_id=delete_table, execution_date=20230513T190318, start_date=20230513T190322, end_date=20230513T190323
[2023-05-13T19:03:23.393+0000] {local_task_job_runner.py:232} INFO - Task exited with return code 0
[2023-05-13T19:03:23.441+0000] {dagrun.py:701} ERROR - Failed to get task for ti <TaskInstance: hypothesis1.insert_data manual__2023-05-13T19:03:18.134960+00:00 [failed]>. Marking it as removed.
[2023-05-13T19:03:23.498+0000] {taskinstance.py:2674} INFO - 1 downstream tasks scheduled from follow-on schedule check
