[2023-05-13T21:44:54.022+0000] {taskinstance.py:1125} INFO - Dependencies all met for dep_context=non-requeueable deps ti=<TaskInstance: hypothesis1_2.insert_data manual__2023-05-13T21:44:46.509246+00:00 [queued]>
[2023-05-13T21:44:54.039+0000] {taskinstance.py:1125} INFO - Dependencies all met for dep_context=requeueable deps ti=<TaskInstance: hypothesis1_2.insert_data manual__2023-05-13T21:44:46.509246+00:00 [queued]>
[2023-05-13T21:44:54.042+0000] {taskinstance.py:1331} INFO - Starting attempt 1 of 1
[2023-05-13T21:44:54.067+0000] {taskinstance.py:1350} INFO - Executing <Task(PythonOperator): insert_data> on 2023-05-13 21:44:46.509246+00:00
[2023-05-13T21:44:54.078+0000] {standard_task_runner.py:57} INFO - Started process 2039 to run task
[2023-05-13T21:44:54.085+0000] {standard_task_runner.py:84} INFO - Running: ['***', 'tasks', 'run', 'hypothesis1_2', 'insert_data', 'manual__2023-05-13T21:44:46.509246+00:00', '--job-id', '78', '--raw', '--subdir', 'DAGS_FOLDER/dag_hypothesis1_2.py', '--cfg-path', '/tmp/tmpe16sa2wb']
[2023-05-13T21:44:54.090+0000] {standard_task_runner.py:85} INFO - Job 78: Subtask insert_data
[2023-05-13T21:44:54.183+0000] {task_command.py:410} INFO - Running <TaskInstance: hypothesis1_2.insert_data manual__2023-05-13T21:44:46.509246+00:00 [running]> on host 9a745d3878c0
[2023-05-13T21:44:54.370+0000] {taskinstance.py:1570} INFO - Exporting env vars: AIRFLOW_CTX_DAG_OWNER='***' AIRFLOW_CTX_DAG_ID='hypothesis1_2' AIRFLOW_CTX_TASK_ID='insert_data' AIRFLOW_CTX_EXECUTION_DATE='2023-05-13T21:44:46.509246+00:00' AIRFLOW_CTX_TRY_NUMBER='1' AIRFLOW_CTX_DAG_RUN_ID='manual__2023-05-13T21:44:46.509246+00:00'
[2023-05-13T21:44:54.375+0000] {logging_mixin.py:149} INFO - Postgres connect success
[2023-05-13T21:44:54.392+0000] {base.py:73} INFO - Using connection ID 'qiberry' for task execution.
[2023-05-13T21:44:54.402+0000] {sql.py:473} INFO - Done loading. Loaded a total of 1 rows into public.cars
[2023-05-13T21:44:54.413+0000] {base.py:73} INFO - Using connection ID 'qiberry' for task execution.
[2023-05-13T21:44:54.421+0000] {sql.py:473} INFO - Done loading. Loaded a total of 1 rows into public.cars
[2023-05-13T21:44:54.432+0000] {base.py:73} INFO - Using connection ID 'qiberry' for task execution.
[2023-05-13T21:44:54.441+0000] {sql.py:473} INFO - Done loading. Loaded a total of 1 rows into public.cars
[2023-05-13T21:44:54.453+0000] {base.py:73} INFO - Using connection ID 'qiberry' for task execution.
[2023-05-13T21:44:54.464+0000] {sql.py:473} INFO - Done loading. Loaded a total of 1 rows into public.cars
[2023-05-13T21:44:54.477+0000] {base.py:73} INFO - Using connection ID 'qiberry' for task execution.
[2023-05-13T21:44:54.486+0000] {sql.py:473} INFO - Done loading. Loaded a total of 1 rows into public.cars
[2023-05-13T21:44:54.498+0000] {base.py:73} INFO - Using connection ID 'qiberry' for task execution.
[2023-05-13T21:44:54.509+0000] {sql.py:473} INFO - Done loading. Loaded a total of 1 rows into public.cars
[2023-05-13T21:44:54.522+0000] {base.py:73} INFO - Using connection ID 'qiberry' for task execution.
[2023-05-13T21:44:54.531+0000] {sql.py:473} INFO - Done loading. Loaded a total of 1 rows into public.cars
[2023-05-13T21:44:54.543+0000] {base.py:73} INFO - Using connection ID 'qiberry' for task execution.
[2023-05-13T21:44:54.553+0000] {sql.py:473} INFO - Done loading. Loaded a total of 1 rows into public.cars
[2023-05-13T21:44:54.567+0000] {base.py:73} INFO - Using connection ID 'qiberry' for task execution.
[2023-05-13T21:44:54.576+0000] {sql.py:473} INFO - Done loading. Loaded a total of 1 rows into public.cars
[2023-05-13T21:44:54.587+0000] {base.py:73} INFO - Using connection ID 'qiberry' for task execution.
[2023-05-13T21:44:54.597+0000] {sql.py:473} INFO - Done loading. Loaded a total of 1 rows into public.cars
[2023-05-13T21:44:54.609+0000] {base.py:73} INFO - Using connection ID 'qiberry' for task execution.
[2023-05-13T21:44:54.620+0000] {sql.py:473} INFO - Done loading. Loaded a total of 1 rows into public.cars
[2023-05-13T21:44:54.631+0000] {base.py:73} INFO - Using connection ID 'qiberry' for task execution.
[2023-05-13T21:44:54.642+0000] {sql.py:473} INFO - Done loading. Loaded a total of 1 rows into public.cars
[2023-05-13T21:44:54.653+0000] {base.py:73} INFO - Using connection ID 'qiberry' for task execution.
[2023-05-13T21:44:54.662+0000] {sql.py:473} INFO - Done loading. Loaded a total of 1 rows into public.cars
[2023-05-13T21:44:54.673+0000] {base.py:73} INFO - Using connection ID 'qiberry' for task execution.
[2023-05-13T21:44:54.682+0000] {sql.py:473} INFO - Done loading. Loaded a total of 1 rows into public.cars
[2023-05-13T21:44:54.694+0000] {base.py:73} INFO - Using connection ID 'qiberry' for task execution.
[2023-05-13T21:44:54.704+0000] {sql.py:473} INFO - Done loading. Loaded a total of 1 rows into public.cars
[2023-05-13T21:44:54.715+0000] {base.py:73} INFO - Using connection ID 'qiberry' for task execution.
[2023-05-13T21:44:54.724+0000] {sql.py:473} INFO - Done loading. Loaded a total of 1 rows into public.cars
[2023-05-13T21:44:54.735+0000] {base.py:73} INFO - Using connection ID 'qiberry' for task execution.
[2023-05-13T21:44:54.743+0000] {sql.py:473} INFO - Done loading. Loaded a total of 1 rows into public.cars
[2023-05-13T21:44:54.754+0000] {base.py:73} INFO - Using connection ID 'qiberry' for task execution.
[2023-05-13T21:44:54.764+0000] {sql.py:473} INFO - Done loading. Loaded a total of 1 rows into public.cars
[2023-05-13T21:44:54.775+0000] {base.py:73} INFO - Using connection ID 'qiberry' for task execution.
[2023-05-13T21:44:54.784+0000] {sql.py:473} INFO - Done loading. Loaded a total of 1 rows into public.cars
[2023-05-13T21:44:54.795+0000] {base.py:73} INFO - Using connection ID 'qiberry' for task execution.
[2023-05-13T21:44:54.805+0000] {sql.py:473} INFO - Done loading. Loaded a total of 1 rows into public.cars
[2023-05-13T21:44:54.817+0000] {base.py:73} INFO - Using connection ID 'qiberry' for task execution.
[2023-05-13T21:44:54.827+0000] {sql.py:473} INFO - Done loading. Loaded a total of 1 rows into public.cars
[2023-05-13T21:44:54.841+0000] {base.py:73} INFO - Using connection ID 'qiberry' for task execution.
[2023-05-13T21:44:54.854+0000] {sql.py:473} INFO - Done loading. Loaded a total of 1 rows into public.cars
[2023-05-13T21:44:54.870+0000] {base.py:73} INFO - Using connection ID 'qiberry' for task execution.
[2023-05-13T21:44:54.883+0000] {sql.py:473} INFO - Done loading. Loaded a total of 1 rows into public.cars
[2023-05-13T21:44:54.899+0000] {base.py:73} INFO - Using connection ID 'qiberry' for task execution.
[2023-05-13T21:44:54.911+0000] {sql.py:473} INFO - Done loading. Loaded a total of 1 rows into public.cars
[2023-05-13T21:44:54.925+0000] {base.py:73} INFO - Using connection ID 'qiberry' for task execution.
[2023-05-13T21:44:54.935+0000] {sql.py:473} INFO - Done loading. Loaded a total of 1 rows into public.cars
[2023-05-13T21:44:54.947+0000] {base.py:73} INFO - Using connection ID 'qiberry' for task execution.
[2023-05-13T21:44:54.957+0000] {sql.py:473} INFO - Done loading. Loaded a total of 1 rows into public.cars
[2023-05-13T21:44:54.968+0000] {base.py:73} INFO - Using connection ID 'qiberry' for task execution.
[2023-05-13T21:44:54.977+0000] {sql.py:473} INFO - Done loading. Loaded a total of 1 rows into public.cars
[2023-05-13T21:44:54.988+0000] {base.py:73} INFO - Using connection ID 'qiberry' for task execution.
[2023-05-13T21:44:54.998+0000] {sql.py:473} INFO - Done loading. Loaded a total of 1 rows into public.cars
[2023-05-13T21:44:55.009+0000] {base.py:73} INFO - Using connection ID 'qiberry' for task execution.
[2023-05-13T21:44:55.019+0000] {sql.py:473} INFO - Done loading. Loaded a total of 1 rows into public.cars
[2023-05-13T21:44:55.031+0000] {base.py:73} INFO - Using connection ID 'qiberry' for task execution.
[2023-05-13T21:44:55.043+0000] {sql.py:473} INFO - Done loading. Loaded a total of 1 rows into public.cars
[2023-05-13T21:44:55.057+0000] {base.py:73} INFO - Using connection ID 'qiberry' for task execution.
[2023-05-13T21:44:55.066+0000] {sql.py:473} INFO - Done loading. Loaded a total of 1 rows into public.cars
[2023-05-13T21:44:55.079+0000] {base.py:73} INFO - Using connection ID 'qiberry' for task execution.
[2023-05-13T21:44:55.089+0000] {sql.py:473} INFO - Done loading. Loaded a total of 1 rows into public.cars
[2023-05-13T21:44:55.102+0000] {base.py:73} INFO - Using connection ID 'qiberry' for task execution.
[2023-05-13T21:44:55.114+0000] {sql.py:473} INFO - Done loading. Loaded a total of 1 rows into public.cars
[2023-05-13T21:44:55.125+0000] {base.py:73} INFO - Using connection ID 'qiberry' for task execution.
[2023-05-13T21:44:55.134+0000] {sql.py:473} INFO - Done loading. Loaded a total of 1 rows into public.cars
[2023-05-13T21:44:55.146+0000] {base.py:73} INFO - Using connection ID 'qiberry' for task execution.
[2023-05-13T21:44:55.156+0000] {sql.py:473} INFO - Done loading. Loaded a total of 1 rows into public.cars
[2023-05-13T21:44:55.170+0000] {base.py:73} INFO - Using connection ID 'qiberry' for task execution.
[2023-05-13T21:44:55.179+0000] {sql.py:473} INFO - Done loading. Loaded a total of 1 rows into public.cars
[2023-05-13T21:44:55.191+0000] {base.py:73} INFO - Using connection ID 'qiberry' for task execution.
[2023-05-13T21:44:55.201+0000] {sql.py:473} INFO - Done loading. Loaded a total of 1 rows into public.cars
[2023-05-13T21:44:55.213+0000] {base.py:73} INFO - Using connection ID 'qiberry' for task execution.
[2023-05-13T21:44:55.223+0000] {sql.py:473} INFO - Done loading. Loaded a total of 1 rows into public.cars
[2023-05-13T21:44:55.235+0000] {base.py:73} INFO - Using connection ID 'qiberry' for task execution.
[2023-05-13T21:44:55.244+0000] {sql.py:473} INFO - Done loading. Loaded a total of 1 rows into public.cars
[2023-05-13T21:44:55.255+0000] {base.py:73} INFO - Using connection ID 'qiberry' for task execution.
[2023-05-13T21:44:55.266+0000] {sql.py:473} INFO - Done loading. Loaded a total of 1 rows into public.cars
[2023-05-13T21:44:55.279+0000] {base.py:73} INFO - Using connection ID 'qiberry' for task execution.
[2023-05-13T21:44:55.289+0000] {sql.py:473} INFO - Done loading. Loaded a total of 1 rows into public.cars
[2023-05-13T21:44:55.303+0000] {base.py:73} INFO - Using connection ID 'qiberry' for task execution.
[2023-05-13T21:44:55.312+0000] {sql.py:473} INFO - Done loading. Loaded a total of 1 rows into public.cars
[2023-05-13T21:44:55.322+0000] {base.py:73} INFO - Using connection ID 'qiberry' for task execution.
[2023-05-13T21:44:55.330+0000] {sql.py:473} INFO - Done loading. Loaded a total of 1 rows into public.cars
[2023-05-13T21:44:55.341+0000] {base.py:73} INFO - Using connection ID 'qiberry' for task execution.
[2023-05-13T21:44:55.352+0000] {sql.py:473} INFO - Done loading. Loaded a total of 1 rows into public.cars
[2023-05-13T21:44:55.366+0000] {base.py:73} INFO - Using connection ID 'qiberry' for task execution.
[2023-05-13T21:44:55.376+0000] {sql.py:473} INFO - Done loading. Loaded a total of 1 rows into public.cars
[2023-05-13T21:44:55.386+0000] {base.py:73} INFO - Using connection ID 'qiberry' for task execution.
[2023-05-13T21:44:55.395+0000] {sql.py:473} INFO - Done loading. Loaded a total of 1 rows into public.cars
[2023-05-13T21:44:55.407+0000] {base.py:73} INFO - Using connection ID 'qiberry' for task execution.
[2023-05-13T21:44:55.418+0000] {sql.py:473} INFO - Done loading. Loaded a total of 1 rows into public.cars
[2023-05-13T21:44:55.429+0000] {base.py:73} INFO - Using connection ID 'qiberry' for task execution.
[2023-05-13T21:44:55.440+0000] {sql.py:473} INFO - Done loading. Loaded a total of 1 rows into public.cars
[2023-05-13T21:44:55.454+0000] {base.py:73} INFO - Using connection ID 'qiberry' for task execution.
[2023-05-13T21:44:55.467+0000] {sql.py:473} INFO - Done loading. Loaded a total of 1 rows into public.cars
[2023-05-13T21:44:55.478+0000] {base.py:73} INFO - Using connection ID 'qiberry' for task execution.
[2023-05-13T21:44:55.487+0000] {sql.py:473} INFO - Done loading. Loaded a total of 1 rows into public.cars
[2023-05-13T21:44:55.501+0000] {base.py:73} INFO - Using connection ID 'qiberry' for task execution.
[2023-05-13T21:44:55.512+0000] {sql.py:473} INFO - Done loading. Loaded a total of 1 rows into public.cars
[2023-05-13T21:44:55.526+0000] {base.py:73} INFO - Using connection ID 'qiberry' for task execution.
[2023-05-13T21:44:55.534+0000] {sql.py:473} INFO - Done loading. Loaded a total of 1 rows into public.cars
[2023-05-13T21:44:55.549+0000] {base.py:73} INFO - Using connection ID 'qiberry' for task execution.
[2023-05-13T21:44:55.562+0000] {sql.py:473} INFO - Done loading. Loaded a total of 1 rows into public.cars
[2023-05-13T21:44:55.578+0000] {base.py:73} INFO - Using connection ID 'qiberry' for task execution.
[2023-05-13T21:44:55.587+0000] {sql.py:473} INFO - Done loading. Loaded a total of 1 rows into public.cars
[2023-05-13T21:44:55.600+0000] {base.py:73} INFO - Using connection ID 'qiberry' for task execution.
[2023-05-13T21:44:55.610+0000] {sql.py:473} INFO - Done loading. Loaded a total of 1 rows into public.cars
[2023-05-13T21:44:55.624+0000] {base.py:73} INFO - Using connection ID 'qiberry' for task execution.
[2023-05-13T21:44:55.632+0000] {sql.py:473} INFO - Done loading. Loaded a total of 1 rows into public.cars
[2023-05-13T21:44:55.643+0000] {base.py:73} INFO - Using connection ID 'qiberry' for task execution.
[2023-05-13T21:44:55.654+0000] {sql.py:473} INFO - Done loading. Loaded a total of 1 rows into public.cars
[2023-05-13T21:44:55.669+0000] {base.py:73} INFO - Using connection ID 'qiberry' for task execution.
[2023-05-13T21:44:55.680+0000] {sql.py:473} INFO - Done loading. Loaded a total of 1 rows into public.cars
[2023-05-13T21:44:55.695+0000] {base.py:73} INFO - Using connection ID 'qiberry' for task execution.
[2023-05-13T21:44:55.705+0000] {sql.py:473} INFO - Done loading. Loaded a total of 1 rows into public.cars
[2023-05-13T21:44:55.719+0000] {base.py:73} INFO - Using connection ID 'qiberry' for task execution.
[2023-05-13T21:44:55.727+0000] {sql.py:473} INFO - Done loading. Loaded a total of 1 rows into public.cars
[2023-05-13T21:44:55.738+0000] {base.py:73} INFO - Using connection ID 'qiberry' for task execution.
[2023-05-13T21:44:55.748+0000] {sql.py:473} INFO - Done loading. Loaded a total of 1 rows into public.cars
[2023-05-13T21:44:55.764+0000] {base.py:73} INFO - Using connection ID 'qiberry' for task execution.
[2023-05-13T21:44:55.775+0000] {sql.py:473} INFO - Done loading. Loaded a total of 1 rows into public.cars
[2023-05-13T21:44:55.785+0000] {base.py:73} INFO - Using connection ID 'qiberry' for task execution.
[2023-05-13T21:44:55.796+0000] {sql.py:473} INFO - Done loading. Loaded a total of 1 rows into public.cars
[2023-05-13T21:44:55.809+0000] {base.py:73} INFO - Using connection ID 'qiberry' for task execution.
[2023-05-13T21:44:55.822+0000] {sql.py:473} INFO - Done loading. Loaded a total of 1 rows into public.cars
[2023-05-13T21:44:55.832+0000] {base.py:73} INFO - Using connection ID 'qiberry' for task execution.
[2023-05-13T21:44:55.840+0000] {sql.py:473} INFO - Done loading. Loaded a total of 1 rows into public.cars
[2023-05-13T21:44:55.854+0000] {base.py:73} INFO - Using connection ID 'qiberry' for task execution.
[2023-05-13T21:44:55.865+0000] {sql.py:473} INFO - Done loading. Loaded a total of 1 rows into public.cars
[2023-05-13T21:44:55.877+0000] {base.py:73} INFO - Using connection ID 'qiberry' for task execution.
[2023-05-13T21:44:55.884+0000] {sql.py:473} INFO - Done loading. Loaded a total of 1 rows into public.cars
[2023-05-13T21:44:55.897+0000] {base.py:73} INFO - Using connection ID 'qiberry' for task execution.
[2023-05-13T21:44:55.907+0000] {sql.py:473} INFO - Done loading. Loaded a total of 1 rows into public.cars
[2023-05-13T21:44:55.920+0000] {base.py:73} INFO - Using connection ID 'qiberry' for task execution.
[2023-05-13T21:44:55.928+0000] {sql.py:473} INFO - Done loading. Loaded a total of 1 rows into public.cars
[2023-05-13T21:44:55.938+0000] {base.py:73} INFO - Using connection ID 'qiberry' for task execution.
[2023-05-13T21:44:55.949+0000] {sql.py:473} INFO - Done loading. Loaded a total of 1 rows into public.cars
[2023-05-13T21:44:55.963+0000] {base.py:73} INFO - Using connection ID 'qiberry' for task execution.
[2023-05-13T21:44:55.975+0000] {sql.py:473} INFO - Done loading. Loaded a total of 1 rows into public.cars
[2023-05-13T21:44:55.987+0000] {base.py:73} INFO - Using connection ID 'qiberry' for task execution.
[2023-05-13T21:44:55.997+0000] {sql.py:473} INFO - Done loading. Loaded a total of 1 rows into public.cars
[2023-05-13T21:44:56.012+0000] {base.py:73} INFO - Using connection ID 'qiberry' for task execution.
[2023-05-13T21:44:56.024+0000] {sql.py:473} INFO - Done loading. Loaded a total of 1 rows into public.cars
[2023-05-13T21:44:56.037+0000] {base.py:73} INFO - Using connection ID 'qiberry' for task execution.
[2023-05-13T21:44:56.048+0000] {sql.py:473} INFO - Done loading. Loaded a total of 1 rows into public.cars
[2023-05-13T21:44:56.062+0000] {base.py:73} INFO - Using connection ID 'qiberry' for task execution.
[2023-05-13T21:44:56.071+0000] {sql.py:473} INFO - Done loading. Loaded a total of 1 rows into public.cars
[2023-05-13T21:44:56.081+0000] {base.py:73} INFO - Using connection ID 'qiberry' for task execution.
[2023-05-13T21:44:56.089+0000] {sql.py:473} INFO - Done loading. Loaded a total of 1 rows into public.cars
[2023-05-13T21:44:56.102+0000] {base.py:73} INFO - Using connection ID 'qiberry' for task execution.
[2023-05-13T21:44:56.113+0000] {sql.py:473} INFO - Done loading. Loaded a total of 1 rows into public.cars
[2023-05-13T21:44:56.125+0000] {base.py:73} INFO - Using connection ID 'qiberry' for task execution.
[2023-05-13T21:44:56.133+0000] {sql.py:473} INFO - Done loading. Loaded a total of 1 rows into public.cars
[2023-05-13T21:44:56.144+0000] {base.py:73} INFO - Using connection ID 'qiberry' for task execution.
[2023-05-13T21:44:56.154+0000] {sql.py:473} INFO - Done loading. Loaded a total of 1 rows into public.cars
[2023-05-13T21:44:56.165+0000] {base.py:73} INFO - Using connection ID 'qiberry' for task execution.
[2023-05-13T21:44:56.175+0000] {sql.py:473} INFO - Done loading. Loaded a total of 1 rows into public.cars
[2023-05-13T21:44:56.185+0000] {base.py:73} INFO - Using connection ID 'qiberry' for task execution.
[2023-05-13T21:44:56.193+0000] {sql.py:473} INFO - Done loading. Loaded a total of 1 rows into public.cars
[2023-05-13T21:44:56.204+0000] {base.py:73} INFO - Using connection ID 'qiberry' for task execution.
[2023-05-13T21:44:56.213+0000] {sql.py:473} INFO - Done loading. Loaded a total of 1 rows into public.cars
[2023-05-13T21:44:56.224+0000] {base.py:73} INFO - Using connection ID 'qiberry' for task execution.
[2023-05-13T21:44:56.231+0000] {sql.py:473} INFO - Done loading. Loaded a total of 1 rows into public.cars
[2023-05-13T21:44:56.241+0000] {base.py:73} INFO - Using connection ID 'qiberry' for task execution.
[2023-05-13T21:44:56.249+0000] {sql.py:473} INFO - Done loading. Loaded a total of 1 rows into public.cars
[2023-05-13T21:44:56.262+0000] {base.py:73} INFO - Using connection ID 'qiberry' for task execution.
[2023-05-13T21:44:56.270+0000] {sql.py:473} INFO - Done loading. Loaded a total of 1 rows into public.cars
[2023-05-13T21:44:56.280+0000] {base.py:73} INFO - Using connection ID 'qiberry' for task execution.
[2023-05-13T21:44:56.289+0000] {sql.py:473} INFO - Done loading. Loaded a total of 1 rows into public.cars
[2023-05-13T21:44:56.303+0000] {base.py:73} INFO - Using connection ID 'qiberry' for task execution.
[2023-05-13T21:44:56.312+0000] {sql.py:473} INFO - Done loading. Loaded a total of 1 rows into public.cars
[2023-05-13T21:44:56.324+0000] {base.py:73} INFO - Using connection ID 'qiberry' for task execution.
[2023-05-13T21:44:56.333+0000] {sql.py:473} INFO - Done loading. Loaded a total of 1 rows into public.cars
[2023-05-13T21:44:56.345+0000] {base.py:73} INFO - Using connection ID 'qiberry' for task execution.
[2023-05-13T21:44:56.355+0000] {sql.py:473} INFO - Done loading. Loaded a total of 1 rows into public.cars
[2023-05-13T21:44:56.365+0000] {base.py:73} INFO - Using connection ID 'qiberry' for task execution.
[2023-05-13T21:44:56.374+0000] {sql.py:473} INFO - Done loading. Loaded a total of 1 rows into public.cars
[2023-05-13T21:44:56.385+0000] {base.py:73} INFO - Using connection ID 'qiberry' for task execution.
[2023-05-13T21:44:56.394+0000] {sql.py:473} INFO - Done loading. Loaded a total of 1 rows into public.cars
[2023-05-13T21:44:56.404+0000] {base.py:73} INFO - Using connection ID 'qiberry' for task execution.
[2023-05-13T21:44:56.412+0000] {sql.py:473} INFO - Done loading. Loaded a total of 1 rows into public.cars
[2023-05-13T21:44:56.422+0000] {base.py:73} INFO - Using connection ID 'qiberry' for task execution.
[2023-05-13T21:44:56.429+0000] {sql.py:473} INFO - Done loading. Loaded a total of 1 rows into public.cars
[2023-05-13T21:44:56.440+0000] {base.py:73} INFO - Using connection ID 'qiberry' for task execution.
[2023-05-13T21:44:56.450+0000] {sql.py:473} INFO - Done loading. Loaded a total of 1 rows into public.cars
[2023-05-13T21:44:56.461+0000] {base.py:73} INFO - Using connection ID 'qiberry' for task execution.
[2023-05-13T21:44:56.468+0000] {sql.py:473} INFO - Done loading. Loaded a total of 1 rows into public.cars
[2023-05-13T21:44:56.478+0000] {base.py:73} INFO - Using connection ID 'qiberry' for task execution.
[2023-05-13T21:44:56.486+0000] {sql.py:473} INFO - Done loading. Loaded a total of 1 rows into public.cars
[2023-05-13T21:44:56.499+0000] {base.py:73} INFO - Using connection ID 'qiberry' for task execution.
[2023-05-13T21:44:56.511+0000] {sql.py:473} INFO - Done loading. Loaded a total of 1 rows into public.cars
[2023-05-13T21:44:56.520+0000] {base.py:73} INFO - Using connection ID 'qiberry' for task execution.
[2023-05-13T21:44:56.528+0000] {sql.py:473} INFO - Done loading. Loaded a total of 1 rows into public.cars
[2023-05-13T21:44:56.543+0000] {base.py:73} INFO - Using connection ID 'qiberry' for task execution.
[2023-05-13T21:44:56.558+0000] {sql.py:473} INFO - Done loading. Loaded a total of 1 rows into public.cars
[2023-05-13T21:44:56.573+0000] {base.py:73} INFO - Using connection ID 'qiberry' for task execution.
[2023-05-13T21:44:56.584+0000] {sql.py:473} INFO - Done loading. Loaded a total of 1 rows into public.cars
[2023-05-13T21:44:56.598+0000] {base.py:73} INFO - Using connection ID 'qiberry' for task execution.
[2023-05-13T21:44:56.608+0000] {sql.py:473} INFO - Done loading. Loaded a total of 1 rows into public.cars
[2023-05-13T21:44:56.610+0000] {python.py:183} INFO - Done. Returned value was: None
[2023-05-13T21:44:56.631+0000] {taskinstance.py:1373} INFO - Marking task as SUCCESS. dag_id=hypothesis1_2, task_id=insert_data, execution_date=20230513T214446, start_date=20230513T214454, end_date=20230513T214456
[2023-05-13T21:44:56.714+0000] {local_task_job_runner.py:232} INFO - Task exited with return code 0
[2023-05-13T21:44:56.749+0000] {taskinstance.py:2674} INFO - 1 downstream tasks scheduled from follow-on schedule check
