[2023-05-13T10:39:54.904+0000] {taskinstance.py:1125} INFO - Dependencies all met for dep_context=non-requeueable deps ti=<TaskInstance: qiberry.insert_data manual__2023-05-13T10:30:34.582418+00:00 [queued]>
[2023-05-13T10:39:55.029+0000] {taskinstance.py:1125} INFO - Dependencies all met for dep_context=requeueable deps ti=<TaskInstance: qiberry.insert_data manual__2023-05-13T10:30:34.582418+00:00 [queued]>
[2023-05-13T10:39:55.032+0000] {taskinstance.py:1331} INFO - Starting attempt 1 of 1
[2023-05-13T10:39:55.099+0000] {taskinstance.py:1350} INFO - Executing <Task(PythonOperator): insert_data> on 2023-05-13 10:30:34.582418+00:00
[2023-05-13T10:39:55.130+0000] {standard_task_runner.py:57} INFO - Started process 84 to run task
[2023-05-13T10:39:55.151+0000] {standard_task_runner.py:84} INFO - Running: ['***', 'tasks', 'run', 'qiberry', 'insert_data', 'manual__2023-05-13T10:30:34.582418+00:00', '--job-id', '32', '--raw', '--subdir', 'DAGS_FOLDER/dag_laba3.py', '--cfg-path', '/tmp/tmpcr4598ag']
[2023-05-13T10:39:55.162+0000] {standard_task_runner.py:85} INFO - Job 32: Subtask insert_data
[2023-05-13T10:39:55.527+0000] {task_command.py:410} INFO - Running <TaskInstance: qiberry.insert_data manual__2023-05-13T10:30:34.582418+00:00 [running]> on host bfb86d9b8782
[2023-05-13T10:39:55.929+0000] {taskinstance.py:1570} INFO - Exporting env vars: AIRFLOW_CTX_DAG_OWNER='***' AIRFLOW_CTX_DAG_ID='qiberry' AIRFLOW_CTX_TASK_ID='insert_data' AIRFLOW_CTX_EXECUTION_DATE='2023-05-13T10:30:34.582418+00:00' AIRFLOW_CTX_TRY_NUMBER='1' AIRFLOW_CTX_DAG_RUN_ID='manual__2023-05-13T10:30:34.582418+00:00'
[2023-05-13T10:39:55.941+0000] {logging_mixin.py:149} INFO - Postgres connect success
[2023-05-13T10:39:56.003+0000] {base.py:73} INFO - Using connection ID 'qiberry' for task execution.
[2023-05-13T10:39:56.027+0000] {sql.py:473} INFO - Done loading. Loaded a total of 1 rows into public.people
[2023-05-13T10:39:56.060+0000] {base.py:73} INFO - Using connection ID 'qiberry' for task execution.
[2023-05-13T10:39:56.099+0000] {sql.py:473} INFO - Done loading. Loaded a total of 1 rows into public.people
[2023-05-13T10:39:56.133+0000] {base.py:73} INFO - Using connection ID 'qiberry' for task execution.
[2023-05-13T10:39:56.171+0000] {sql.py:473} INFO - Done loading. Loaded a total of 1 rows into public.people
[2023-05-13T10:39:56.250+0000] {base.py:73} INFO - Using connection ID 'qiberry' for task execution.
[2023-05-13T10:39:56.289+0000] {sql.py:473} INFO - Done loading. Loaded a total of 1 rows into public.people
[2023-05-13T10:39:56.353+0000] {base.py:73} INFO - Using connection ID 'qiberry' for task execution.
[2023-05-13T10:39:56.392+0000] {sql.py:473} INFO - Done loading. Loaded a total of 1 rows into public.people
[2023-05-13T10:39:56.396+0000] {python.py:183} INFO - Done. Returned value was: None
[2023-05-13T10:39:56.438+0000] {taskinstance.py:1373} INFO - Marking task as SUCCESS. dag_id=qiberry, task_id=insert_data, execution_date=20230513T103034, start_date=20230513T103954, end_date=20230513T103956
[2023-05-13T10:39:56.521+0000] {local_task_job_runner.py:232} INFO - Task exited with return code 0
[2023-05-13T10:39:56.661+0000] {taskinstance.py:2674} INFO - 1 downstream tasks scheduled from follow-on schedule check
