[2023-05-13T21:34:20.522+0000] {taskinstance.py:1125} INFO - Dependencies all met for dep_context=non-requeueable deps ti=<TaskInstance: hypothesis1_2.create_table manual__2023-05-13T21:34:14.128788+00:00 [queued]>
[2023-05-13T21:34:20.546+0000] {taskinstance.py:1125} INFO - Dependencies all met for dep_context=requeueable deps ti=<TaskInstance: hypothesis1_2.create_table manual__2023-05-13T21:34:14.128788+00:00 [queued]>
[2023-05-13T21:34:20.548+0000] {taskinstance.py:1331} INFO - Starting attempt 1 of 1
[2023-05-13T21:34:20.579+0000] {taskinstance.py:1350} INFO - Executing <Task(PostgresOperator): create_table> on 2023-05-13 21:34:14.128788+00:00
[2023-05-13T21:34:20.593+0000] {standard_task_runner.py:57} INFO - Started process 1813 to run task
[2023-05-13T21:34:20.602+0000] {standard_task_runner.py:84} INFO - Running: ['***', 'tasks', 'run', 'hypothesis1_2', 'create_table', 'manual__2023-05-13T21:34:14.128788+00:00', '--job-id', '60', '--raw', '--subdir', 'DAGS_FOLDER/dag_hypothesis1_2.py', '--cfg-path', '/tmp/tmpwivstrzj']
[2023-05-13T21:34:20.608+0000] {standard_task_runner.py:85} INFO - Job 60: Subtask create_table
[2023-05-13T21:34:20.741+0000] {task_command.py:410} INFO - Running <TaskInstance: hypothesis1_2.create_table manual__2023-05-13T21:34:14.128788+00:00 [running]> on host 9a745d3878c0
[2023-05-13T21:34:20.940+0000] {taskinstance.py:1570} INFO - Exporting env vars: AIRFLOW_CTX_DAG_OWNER='***' AIRFLOW_CTX_DAG_ID='hypothesis1_2' AIRFLOW_CTX_TASK_ID='create_table' AIRFLOW_CTX_EXECUTION_DATE='2023-05-13T21:34:14.128788+00:00' AIRFLOW_CTX_TRY_NUMBER='1' AIRFLOW_CTX_DAG_RUN_ID='manual__2023-05-13T21:34:14.128788+00:00'
[2023-05-13T21:34:20.945+0000] {sql.py:262} INFO - Executing: 
        CREATE TABLE IF NOT EXISTS public.cars (
            id int,
            make_name varchar,
            power varchar,
            price float,
            daysonmarket float,
            has_accidents bool
        );
        
[2023-05-13T21:34:20.962+0000] {base.py:73} INFO - Using connection ID 'qiberry' for task execution.
[2023-05-13T21:34:21.077+0000] {base.py:73} INFO - Using connection ID 'qiberry' for task execution.
[2023-05-13T21:34:21.084+0000] {sql.py:375} INFO - Running statement: 
        CREATE TABLE IF NOT EXISTS public.cars (
            id int,
            make_name varchar,
            power varchar,
            price float,
            daysonmarket float,
            has_accidents bool
        );
        , parameters: None
[2023-05-13T21:34:21.111+0000] {taskinstance.py:1373} INFO - Marking task as SUCCESS. dag_id=hypothesis1_2, task_id=create_table, execution_date=20230513T213414, start_date=20230513T213420, end_date=20230513T213421
[2023-05-13T21:34:21.181+0000] {local_task_job_runner.py:232} INFO - Task exited with return code 0
[2023-05-13T21:34:21.250+0000] {taskinstance.py:2674} INFO - 0 downstream tasks scheduled from follow-on schedule check
