[2023-05-13T22:38:26.160+0000] {taskinstance.py:1125} INFO - Dependencies all met for dep_context=non-requeueable deps ti=<TaskInstance: hypothesis2.insert_data manual__2023-05-13T22:37:24.953597+00:00 [queued]>
[2023-05-13T22:38:26.541+0000] {taskinstance.py:1125} INFO - Dependencies all met for dep_context=requeueable deps ti=<TaskInstance: hypothesis2.insert_data manual__2023-05-13T22:37:24.953597+00:00 [queued]>
[2023-05-13T22:38:26.629+0000] {taskinstance.py:1331} INFO - Starting attempt 1 of 1
[2023-05-13T22:38:27.098+0000] {taskinstance.py:1350} INFO - Executing <Task(PythonOperator): insert_data> on 2023-05-13 22:37:24.953597+00:00
[2023-05-13T22:38:27.160+0000] {standard_task_runner.py:57} INFO - Started process 2730 to run task
[2023-05-13T22:38:27.215+0000] {standard_task_runner.py:84} INFO - Running: ['***', 'tasks', 'run', 'hypothesis2', 'insert_data', 'manual__2023-05-13T22:37:24.953597+00:00', '--job-id', '115', '--raw', '--subdir', 'DAGS_FOLDER/dag_hypothesis2.py', '--cfg-path', '/tmp/tmp3kzz7xua']
[2023-05-13T22:38:27.260+0000] {standard_task_runner.py:85} INFO - Job 115: Subtask insert_data
[2023-05-13T22:38:28.019+0000] {task_command.py:410} INFO - Running <TaskInstance: hypothesis2.insert_data manual__2023-05-13T22:37:24.953597+00:00 [running]> on host 9a745d3878c0
[2023-05-13T22:38:29.342+0000] {taskinstance.py:1570} INFO - Exporting env vars: AIRFLOW_CTX_DAG_OWNER='***' AIRFLOW_CTX_DAG_ID='hypothesis2' AIRFLOW_CTX_TASK_ID='insert_data' AIRFLOW_CTX_EXECUTION_DATE='2023-05-13T22:37:24.953597+00:00' AIRFLOW_CTX_TRY_NUMBER='1' AIRFLOW_CTX_DAG_RUN_ID='manual__2023-05-13T22:37:24.953597+00:00'
[2023-05-13T22:38:29.374+0000] {logging_mixin.py:149} INFO - Postgres connect success
[2023-05-13T22:38:29.395+0000] {logging_mixin.py:149} INFO - ['0', 'Jeep', '260 hp @ 3,600 RPM', '37499.0', '235', 'True']
[2023-05-13T22:38:29.516+0000] {base.py:73} INFO - Using connection ID 'qiberry' for task execution.
[2023-05-13T22:38:29.582+0000] {sql.py:473} INFO - Done loading. Loaded a total of 1 rows into public.cars
[2023-05-13T22:38:29.596+0000] {logging_mixin.py:149} INFO - ['1', 'Ford', '181 hp @ 6,000 RPM', '17995.0', '47', 'True']
[2023-05-13T22:38:29.675+0000] {base.py:73} INFO - Using connection ID 'qiberry' for task execution.
[2023-05-13T22:38:29.744+0000] {sql.py:473} INFO - Done loading. Loaded a total of 1 rows into public.cars
[2023-05-13T22:38:29.751+0000] {logging_mixin.py:149} INFO - ['4', 'Cadillac', '420 hp @ 5,600 RPM', '63995.0', '12', 'True']
[2023-05-13T22:38:29.838+0000] {base.py:73} INFO - Using connection ID 'qiberry' for task execution.
[2023-05-13T22:38:29.907+0000] {sql.py:473} INFO - Done loading. Loaded a total of 1 rows into public.cars
[2023-05-13T22:38:29.924+0000] {logging_mixin.py:149} INFO - ['5', 'Nissan', '170 hp @ 6,000 RPM', '23995.0', '33', 'True']
[2023-05-13T22:38:30.055+0000] {base.py:73} INFO - Using connection ID 'qiberry' for task execution.
[2023-05-13T22:38:30.124+0000] {sql.py:473} INFO - Done loading. Loaded a total of 1 rows into public.cars
[2023-05-13T22:38:30.134+0000] {logging_mixin.py:149} INFO - ['6', 'Ford', '460 hp @ 7,000 RPM', '38995.0', '8', 'True']
[2023-05-13T22:38:30.223+0000] {base.py:73} INFO - Using connection ID 'qiberry' for task execution.
[2023-05-13T22:38:30.277+0000] {sql.py:473} INFO - Done loading. Loaded a total of 1 rows into public.cars
[2023-05-13T22:38:30.288+0000] {logging_mixin.py:149} INFO - ['7', 'Nissan', '300 hp @ 6,400 RPM', '23105.0', '14', 'True']
[2023-05-13T22:38:30.349+0000] {base.py:73} INFO - Using connection ID 'qiberry' for task execution.
[2023-05-13T22:38:30.415+0000] {sql.py:473} INFO - Done loading. Loaded a total of 1 rows into public.cars
[2023-05-13T22:38:30.422+0000] {logging_mixin.py:149} INFO - ['8', 'Toyota', '296 hp @ 6,200 RPM', '27495.0', '21', 'True']
[2023-05-13T22:38:30.513+0000] {base.py:73} INFO - Using connection ID 'qiberry' for task execution.
[2023-05-13T22:38:30.589+0000] {sql.py:473} INFO - Done loading. Loaded a total of 1 rows into public.cars
[2023-05-13T22:38:30.601+0000] {logging_mixin.py:149} INFO - ['10', 'Dodge', '292 hp @ 6,350 RPM', '24000.0', '8', 'True']
[2023-05-13T22:38:30.665+0000] {base.py:73} INFO - Using connection ID 'qiberry' for task execution.
[2023-05-13T22:38:30.715+0000] {sql.py:473} INFO - Done loading. Loaded a total of 1 rows into public.cars
[2023-05-13T22:38:30.723+0000] {logging_mixin.py:149} INFO - ['12', 'BMW', '248 hp @ 5,200 RPM', '39995.0', '13', 'True']
[2023-05-13T22:38:30.804+0000] {base.py:73} INFO - Using connection ID 'qiberry' for task execution.
[2023-05-13T22:38:30.860+0000] {sql.py:473} INFO - Done loading. Loaded a total of 1 rows into public.cars
[2023-05-13T22:38:30.869+0000] {logging_mixin.py:149} INFO - ['13', 'Mercedes-Benz', '255 hp @ 5,800 RPM', '54995.0', '26', 'True']
[2023-05-13T22:38:30.937+0000] {base.py:73} INFO - Using connection ID 'qiberry' for task execution.
[2023-05-13T22:38:31.012+0000] {sql.py:473} INFO - Done loading. Loaded a total of 1 rows into public.cars
[2023-05-13T22:38:31.020+0000] {logging_mixin.py:149} INFO - ['15', 'RAM', '395 hp @ 5,600 RPM', '34995.0', '32', 'True']
[2023-05-13T22:38:31.083+0000] {base.py:73} INFO - Using connection ID 'qiberry' for task execution.
[2023-05-13T22:38:31.137+0000] {sql.py:473} INFO - Done loading. Loaded a total of 1 rows into public.cars
[2023-05-13T22:38:31.145+0000] {logging_mixin.py:149} INFO - ['16', 'Dodge', '360 hp @ 5,150 RPM', '38991.0', '13', 'True']
[2023-05-13T22:38:31.224+0000] {base.py:73} INFO - Using connection ID 'qiberry' for task execution.
[2023-05-13T22:38:31.320+0000] {sql.py:473} INFO - Done loading. Loaded a total of 1 rows into public.cars
[2023-05-13T22:38:31.349+0000] {logging_mixin.py:149} INFO - ['17', 'Chrysler', '287 hp @ 6,400 RPM', '22250.0', '6', 'True']
[2023-05-13T22:38:31.420+0000] {base.py:73} INFO - Using connection ID 'qiberry' for task execution.
[2023-05-13T22:38:31.482+0000] {sql.py:473} INFO - Done loading. Loaded a total of 1 rows into public.cars
[2023-05-13T22:38:31.498+0000] {logging_mixin.py:149} INFO - ['18', 'Dodge', '375 hp @ 5,150 RPM', '28500.0', '12', 'True']
[2023-05-13T22:38:31.660+0000] {base.py:73} INFO - Using connection ID 'qiberry' for task execution.
[2023-05-13T22:38:31.736+0000] {sql.py:473} INFO - Done loading. Loaded a total of 1 rows into public.cars
[2023-05-13T22:38:31.766+0000] {logging_mixin.py:149} INFO - ['19', 'RAM', '395 hp @ 5,600 RPM', '32557.0', '12', 'True']
[2023-05-13T22:38:31.888+0000] {base.py:73} INFO - Using connection ID 'qiberry' for task execution.
[2023-05-13T22:38:31.974+0000] {sql.py:473} INFO - Done loading. Loaded a total of 1 rows into public.cars
[2023-05-13T22:38:31.987+0000] {logging_mixin.py:149} INFO - ['20', 'Nissan', '188 hp @ 6,000 RPM', '14276.0', '2', 'True']
[2023-05-13T22:38:32.073+0000] {base.py:73} INFO - Using connection ID 'qiberry' for task execution.
[2023-05-13T22:38:32.127+0000] {sql.py:473} INFO - Done loading. Loaded a total of 1 rows into public.cars
[2023-05-13T22:38:32.137+0000] {logging_mixin.py:149} INFO - ['21', 'Acura', '206 hp @ 6,800 RPM', '25564.0', '5', 'True']
[2023-05-13T22:38:32.199+0000] {base.py:73} INFO - Using connection ID 'qiberry' for task execution.
[2023-05-13T22:38:32.248+0000] {sql.py:473} INFO - Done loading. Loaded a total of 1 rows into public.cars
[2023-05-13T22:38:32.256+0000] {logging_mixin.py:149} INFO - ['22', 'Nissan', '188 hp @ 6,000 RPM', '14726.0', '2', 'True']
[2023-05-13T22:38:32.342+0000] {base.py:73} INFO - Using connection ID 'qiberry' for task execution.
[2023-05-13T22:38:32.403+0000] {sql.py:473} INFO - Done loading. Loaded a total of 1 rows into public.cars
[2023-05-13T22:38:32.411+0000] {logging_mixin.py:149} INFO - ['24', 'Jeep', '360 hp @ 5,150 RPM', '41991.0', '7', 'True']
[2023-05-13T22:38:32.495+0000] {base.py:73} INFO - Using connection ID 'qiberry' for task execution.
[2023-05-13T22:38:32.552+0000] {sql.py:473} INFO - Done loading. Loaded a total of 1 rows into public.cars
[2023-05-13T22:38:32.565+0000] {logging_mixin.py:149} INFO - ['25', 'Nissan', '300 hp @ 6,400 RPM', '22999.0', '31', 'True']
[2023-05-13T22:38:32.640+0000] {base.py:73} INFO - Using connection ID 'qiberry' for task execution.
[2023-05-13T22:38:32.692+0000] {sql.py:473} INFO - Done loading. Loaded a total of 1 rows into public.cars
[2023-05-13T22:38:32.700+0000] {logging_mixin.py:149} INFO - ['26', 'Jeep', '360 hp @ 5,150 RPM', '34599.0', '11', 'True']
[2023-05-13T22:38:32.757+0000] {base.py:73} INFO - Using connection ID 'qiberry' for task execution.
[2023-05-13T22:38:32.827+0000] {sql.py:473} INFO - Done loading. Loaded a total of 1 rows into public.cars
[2023-05-13T22:38:32.837+0000] {logging_mixin.py:149} INFO - ['27', 'RAM', '395 hp @ 5,600 RPM', '39999.0', '13', 'True']
[2023-05-13T22:38:32.934+0000] {base.py:73} INFO - Using connection ID 'qiberry' for task execution.
[2023-05-13T22:38:33.011+0000] {sql.py:473} INFO - Done loading. Loaded a total of 1 rows into public.cars
[2023-05-13T22:38:33.021+0000] {logging_mixin.py:149} INFO - ['28', 'Kia', '290 hp @ 6,400 RPM', '19333.0', '4', 'True']
[2023-05-13T22:38:33.122+0000] {base.py:73} INFO - Using connection ID 'qiberry' for task execution.
[2023-05-13T22:38:33.189+0000] {sql.py:473} INFO - Done loading. Loaded a total of 1 rows into public.cars
[2023-05-13T22:38:33.195+0000] {logging_mixin.py:149} INFO - ['29', 'Mercedes-Benz', '255 hp @ 5,800 RPM', '44272.0', '84', 'True']
[2023-05-13T22:38:33.270+0000] {base.py:73} INFO - Using connection ID 'qiberry' for task execution.
[2023-05-13T22:38:33.334+0000] {sql.py:473} INFO - Done loading. Loaded a total of 1 rows into public.cars
[2023-05-13T22:38:33.341+0000] {logging_mixin.py:149} INFO - ['30', 'Mercedes-Benz', '208 hp @ 5,500 RPM', '38417.0', '7', 'True']
[2023-05-13T22:38:33.399+0000] {base.py:73} INFO - Using connection ID 'qiberry' for task execution.
[2023-05-13T22:38:33.454+0000] {sql.py:473} INFO - Done loading. Loaded a total of 1 rows into public.cars
[2023-05-13T22:38:33.459+0000] {logging_mixin.py:149} INFO - ['31', 'INFINITI', '300 hp @ 6,400 RPM', '34995.0', '8', 'True']
[2023-05-13T22:38:33.551+0000] {base.py:73} INFO - Using connection ID 'qiberry' for task execution.
[2023-05-13T22:38:33.641+0000] {sql.py:473} INFO - Done loading. Loaded a total of 1 rows into public.cars
[2023-05-13T22:38:33.648+0000] {logging_mixin.py:149} INFO - ['32', 'Nissan', '170 hp @ 6,000 RPM', '22999.0', '6', 'True']
[2023-05-13T22:38:33.734+0000] {base.py:73} INFO - Using connection ID 'qiberry' for task execution.
[2023-05-13T22:38:33.798+0000] {sql.py:473} INFO - Done loading. Loaded a total of 1 rows into public.cars
[2023-05-13T22:38:33.809+0000] {logging_mixin.py:149} INFO - ['33', 'BMW', '228 hp @ 5,000 RPM', '37575.0', '36', 'True']
[2023-05-13T22:38:33.942+0000] {base.py:73} INFO - Using connection ID 'qiberry' for task execution.
[2023-05-13T22:38:34.137+0000] {sql.py:473} INFO - Done loading. Loaded a total of 1 rows into public.cars
[2023-05-13T22:38:34.202+0000] {logging_mixin.py:149} INFO - ['34', 'Dodge', '295 hp @ 6,400 RPM', '32988.0', '39', 'True']
[2023-05-13T22:38:34.331+0000] {base.py:73} INFO - Using connection ID 'qiberry' for task execution.
[2023-05-13T22:38:34.495+0000] {sql.py:473} INFO - Done loading. Loaded a total of 1 rows into public.cars
[2023-05-13T22:38:34.510+0000] {logging_mixin.py:149} INFO - ['35', 'Jeep', '270 hp @ 5,250 RPM', '23988.0', '15', 'True']
[2023-05-13T22:38:34.640+0000] {base.py:73} INFO - Using connection ID 'qiberry' for task execution.
[2023-05-13T22:38:34.848+0000] {sql.py:473} INFO - Done loading. Loaded a total of 1 rows into public.cars
[2023-05-13T22:38:34.855+0000] {logging_mixin.py:149} INFO - ['36', 'Dodge', '295 hp @ 6,400 RPM', '32998.0', '3', 'True']
[2023-05-13T22:38:35.021+0000] {base.py:73} INFO - Using connection ID 'qiberry' for task execution.
[2023-05-13T22:38:35.113+0000] {sql.py:473} INFO - Done loading. Loaded a total of 1 rows into public.cars
[2023-05-13T22:38:35.119+0000] {logging_mixin.py:149} INFO - ['37', 'Chevrolet', '310 hp @ 6,800 RPM', '36900.0', '13', 'True']
[2023-05-13T22:38:35.235+0000] {base.py:73} INFO - Using connection ID 'qiberry' for task execution.
[2023-05-13T22:38:35.328+0000] {sql.py:473} INFO - Done loading. Loaded a total of 1 rows into public.cars
[2023-05-13T22:38:35.343+0000] {logging_mixin.py:149} INFO - ['38', 'Chevrolet', '170 hp @ 5,600 RPM', '23900.0', '5', 'True']
[2023-05-13T22:38:35.487+0000] {base.py:73} INFO - Using connection ID 'qiberry' for task execution.
[2023-05-13T22:38:35.601+0000] {sql.py:473} INFO - Done loading. Loaded a total of 1 rows into public.cars
[2023-05-13T22:38:35.610+0000] {logging_mixin.py:149} INFO - ['39', 'Chevrolet', '170 hp @ 5,600 RPM', '22587.0', '24', 'True']
[2023-05-13T22:38:35.766+0000] {base.py:73} INFO - Using connection ID 'qiberry' for task execution.
[2023-05-13T22:38:35.899+0000] {sql.py:473} INFO - Done loading. Loaded a total of 1 rows into public.cars
[2023-05-13T22:38:35.911+0000] {logging_mixin.py:149} INFO - ['41', 'Chevrolet', '160 hp @ 5,700 RPM', '21900.0', '19', 'True']
[2023-05-13T22:38:36.084+0000] {base.py:73} INFO - Using connection ID 'qiberry' for task execution.
[2023-05-13T22:38:36.144+0000] {sql.py:473} INFO - Done loading. Loaded a total of 1 rows into public.cars
[2023-05-13T22:38:36.153+0000] {logging_mixin.py:149} INFO - ['42', 'BMW', '248 hp @ 5,200 RPM', '46890.0', '222', 'True']
[2023-05-13T22:38:36.242+0000] {base.py:73} INFO - Using connection ID 'qiberry' for task execution.
[2023-05-13T22:38:36.375+0000] {sql.py:473} INFO - Done loading. Loaded a total of 1 rows into public.cars
[2023-05-13T22:38:36.384+0000] {logging_mixin.py:149} INFO - ['44', 'INFINITI', '300 hp @ 6,400 RPM', '31890.0', '36', 'True']
[2023-05-13T22:38:36.522+0000] {base.py:73} INFO - Using connection ID 'qiberry' for task execution.
[2023-05-13T22:38:36.601+0000] {sql.py:473} INFO - Done loading. Loaded a total of 1 rows into public.cars
[2023-05-13T22:38:36.639+0000] {logging_mixin.py:149} INFO - ['45', 'Acura', '272 hp @ 6,500 RPM', '39888.0', '43', 'True']
[2023-05-13T22:38:36.753+0000] {base.py:73} INFO - Using connection ID 'qiberry' for task execution.
[2023-05-13T22:38:36.905+0000] {sql.py:473} INFO - Done loading. Loaded a total of 1 rows into public.cars
[2023-05-13T22:38:36.910+0000] {logging_mixin.py:149} INFO - ['46', 'Mercedes-Benz', '255 hp @ 5,800 RPM', '36890.0', '46', 'True']
[2023-05-13T22:38:37.100+0000] {base.py:73} INFO - Using connection ID 'qiberry' for task execution.
[2023-05-13T22:38:37.145+0000] {sql.py:473} INFO - Done loading. Loaded a total of 1 rows into public.cars
[2023-05-13T22:38:37.151+0000] {logging_mixin.py:149} INFO - ['47', 'Audi', '228 hp @ 5,000 RPM', '29666.0', '144', 'True']
[2023-05-13T22:38:37.228+0000] {base.py:73} INFO - Using connection ID 'qiberry' for task execution.
[2023-05-13T22:38:37.317+0000] {sql.py:473} INFO - Done loading. Loaded a total of 1 rows into public.cars
[2023-05-13T22:38:37.325+0000] {logging_mixin.py:149} INFO - ['48', 'Chrysler', '287 hp @ 6,400 RPM', '26900.0', '181', 'True']
[2023-05-13T22:38:37.423+0000] {base.py:73} INFO - Using connection ID 'qiberry' for task execution.
[2023-05-13T22:38:37.492+0000] {sql.py:473} INFO - Done loading. Loaded a total of 1 rows into public.cars
[2023-05-13T22:38:37.505+0000] {logging_mixin.py:149} INFO - ['49', 'Mercedes-Benz', '255 hp @ 5,800 RPM', '37330.0', '96', 'True']
[2023-05-13T22:38:37.616+0000] {base.py:73} INFO - Using connection ID 'qiberry' for task execution.
[2023-05-13T22:38:37.706+0000] {sql.py:473} INFO - Done loading. Loaded a total of 1 rows into public.cars
[2023-05-13T22:38:37.716+0000] {logging_mixin.py:149} INFO - ['50', 'Ford', '330 hp @ 6,000 RPM', '32444.0', '18', 'True']
[2023-05-13T22:38:37.814+0000] {base.py:73} INFO - Using connection ID 'qiberry' for task execution.
[2023-05-13T22:38:37.855+0000] {sql.py:473} INFO - Done loading. Loaded a total of 1 rows into public.cars
[2023-05-13T22:38:37.861+0000] {logging_mixin.py:149} INFO - ['51', 'Nissan', '188 hp @ 6,000 RPM', '21894.0', '22', 'True']
[2023-05-13T22:38:37.968+0000] {base.py:73} INFO - Using connection ID 'qiberry' for task execution.
[2023-05-13T22:38:38.060+0000] {sql.py:473} INFO - Done loading. Loaded a total of 1 rows into public.cars
[2023-05-13T22:38:38.067+0000] {logging_mixin.py:149} INFO - ['52', 'Nissan', '188 hp @ 6,000 RPM', '18995.0', '37', 'True']
[2023-05-13T22:38:38.126+0000] {base.py:73} INFO - Using connection ID 'qiberry' for task execution.
[2023-05-13T22:38:38.200+0000] {sql.py:473} INFO - Done loading. Loaded a total of 1 rows into public.cars
[2023-05-13T22:38:38.207+0000] {logging_mixin.py:149} INFO - ['53', 'Hyundai', '147 hp @ 6,200 RPM', '18995.0', '22', 'True']
[2023-05-13T22:38:38.341+0000] {base.py:73} INFO - Using connection ID 'qiberry' for task execution.
[2023-05-13T22:38:38.416+0000] {sql.py:473} INFO - Done loading. Loaded a total of 1 rows into public.cars
[2023-05-13T22:38:38.448+0000] {logging_mixin.py:149} INFO - ['54', 'Dodge', '292 hp @ 6,350 RPM', '21977.0', '21', 'True']
[2023-05-13T22:38:38.600+0000] {base.py:73} INFO - Using connection ID 'qiberry' for task execution.
[2023-05-13T22:38:38.688+0000] {sql.py:473} INFO - Done loading. Loaded a total of 1 rows into public.cars
[2023-05-13T22:38:38.703+0000] {logging_mixin.py:149} INFO - ['55', 'Ford', '310 hp @ 5,500 RPM', '30950.0', '13', 'True']
[2023-05-13T22:38:38.858+0000] {base.py:73} INFO - Using connection ID 'qiberry' for task execution.
[2023-05-13T22:38:39.007+0000] {sql.py:473} INFO - Done loading. Loaded a total of 1 rows into public.cars
[2023-05-13T22:38:39.014+0000] {logging_mixin.py:149} INFO - ['56', 'Nissan', '170 hp @ 6,000 RPM', '21699.0', '14', 'True']
[2023-05-13T22:38:39.195+0000] {base.py:73} INFO - Using connection ID 'qiberry' for task execution.
[2023-05-13T22:38:39.261+0000] {sql.py:473} INFO - Done loading. Loaded a total of 1 rows into public.cars
[2023-05-13T22:38:39.271+0000] {logging_mixin.py:149} INFO - ['57', 'Chevrolet', '355 hp @ 5,600 RPM', '50900.0', '6', 'True']
[2023-05-13T22:38:39.349+0000] {base.py:73} INFO - Using connection ID 'qiberry' for task execution.
[2023-05-13T22:38:39.418+0000] {sql.py:473} INFO - Done loading. Loaded a total of 1 rows into public.cars
[2023-05-13T22:38:39.443+0000] {logging_mixin.py:149} INFO - ['58', 'Ford', '330 hp @ 6,000 RPM', '33480.0', '124', 'True']
[2023-05-13T22:38:39.575+0000] {base.py:73} INFO - Using connection ID 'qiberry' for task execution.
[2023-05-13T22:38:39.641+0000] {sql.py:473} INFO - Done loading. Loaded a total of 1 rows into public.cars
[2023-05-13T22:38:39.659+0000] {logging_mixin.py:149} INFO - ['60', 'Honda', '280 hp @ 6,000 RPM', '39995.0', '36', 'True']
[2023-05-13T22:38:39.729+0000] {base.py:73} INFO - Using connection ID 'qiberry' for task execution.
[2023-05-13T22:38:39.795+0000] {sql.py:473} INFO - Done loading. Loaded a total of 1 rows into public.cars
[2023-05-13T22:38:39.809+0000] {logging_mixin.py:149} INFO - ['61', 'Jeep', '360 hp @ 5,150 RPM', '29995.0', '56', 'True']
[2023-05-13T22:38:39.884+0000] {base.py:73} INFO - Using connection ID 'qiberry' for task execution.
[2023-05-13T22:38:39.942+0000] {sql.py:473} INFO - Done loading. Loaded a total of 1 rows into public.cars
[2023-05-13T22:38:39.954+0000] {logging_mixin.py:149} INFO - ['62', 'RAM', '395 hp @ 5,600 RPM', '42495.0', '22', 'True']
[2023-05-13T22:38:40.035+0000] {base.py:73} INFO - Using connection ID 'qiberry' for task execution.
[2023-05-13T22:38:40.134+0000] {sql.py:473} INFO - Done loading. Loaded a total of 1 rows into public.cars
[2023-05-13T22:38:40.139+0000] {logging_mixin.py:149} INFO - ['63', 'Chevrolet', '355 hp @ 5,600 RPM', '39995.0', '12', 'True']
[2023-05-13T22:38:40.231+0000] {base.py:73} INFO - Using connection ID 'qiberry' for task execution.
[2023-05-13T22:38:40.304+0000] {sql.py:473} INFO - Done loading. Loaded a total of 1 rows into public.cars
[2023-05-13T22:38:40.331+0000] {logging_mixin.py:149} INFO - ['64', 'Jaguar', '247 hp @ 5,500 RPM', '52985.0', '206', 'True']
[2023-05-13T22:38:40.475+0000] {base.py:73} INFO - Using connection ID 'qiberry' for task execution.
[2023-05-13T22:38:40.533+0000] {sql.py:473} INFO - Done loading. Loaded a total of 1 rows into public.cars
[2023-05-13T22:38:40.544+0000] {logging_mixin.py:149} INFO - ['65', 'Hyundai', '147 hp @ 6,200 RPM', '13990.0', '31', 'True']
[2023-05-13T22:38:40.629+0000] {base.py:73} INFO - Using connection ID 'qiberry' for task execution.
[2023-05-13T22:38:40.706+0000] {sql.py:473} INFO - Done loading. Loaded a total of 1 rows into public.cars
[2023-05-13T22:38:40.720+0000] {logging_mixin.py:149} INFO - ['66', 'Mercedes-Benz', '255 hp @ 5,800 RPM', '38995.0', '15', 'True']
[2023-05-13T22:38:40.780+0000] {base.py:73} INFO - Using connection ID 'qiberry' for task execution.
[2023-05-13T22:38:40.831+0000] {sql.py:473} INFO - Done loading. Loaded a total of 1 rows into public.cars
[2023-05-13T22:38:40.836+0000] {logging_mixin.py:149} INFO - ['67', 'INFINITI', '300 hp @ 6,400 RPM', '31995.0', '15', 'True']
[2023-05-13T22:38:40.898+0000] {base.py:73} INFO - Using connection ID 'qiberry' for task execution.
[2023-05-13T22:38:40.957+0000] {sql.py:473} INFO - Done loading. Loaded a total of 1 rows into public.cars
[2023-05-13T22:38:40.966+0000] {logging_mixin.py:149} INFO - ['68', 'Nissan', '188 hp @ 6,000 RPM', '23950.0', '0', 'True']
[2023-05-13T22:38:41.014+0000] {base.py:73} INFO - Using connection ID 'qiberry' for task execution.
[2023-05-13T22:38:41.065+0000] {sql.py:473} INFO - Done loading. Loaded a total of 1 rows into public.cars
[2023-05-13T22:38:41.070+0000] {logging_mixin.py:149} INFO - ['69', 'BMW', '335 hp @ 5,500 RPM', '63995.0', '49', 'True']
[2023-05-13T22:38:41.124+0000] {base.py:73} INFO - Using connection ID 'qiberry' for task execution.
[2023-05-13T22:38:41.166+0000] {sql.py:473} INFO - Done loading. Loaded a total of 1 rows into public.cars
[2023-05-13T22:38:41.177+0000] {logging_mixin.py:149} INFO - ['70', 'Nissan', '188 hp @ 6,000 RPM', '17495.0', '12', 'True']
[2023-05-13T22:38:41.234+0000] {base.py:73} INFO - Using connection ID 'qiberry' for task execution.
[2023-05-13T22:38:41.299+0000] {sql.py:473} INFO - Done loading. Loaded a total of 1 rows into public.cars
[2023-05-13T22:38:41.311+0000] {logging_mixin.py:149} INFO - ['71', 'Nissan', '260 hp @ 6,000 RPM', '26980.0', '15', 'True']
[2023-05-13T22:38:41.361+0000] {base.py:73} INFO - Using connection ID 'qiberry' for task execution.
[2023-05-13T22:38:41.455+0000] {sql.py:473} INFO - Done loading. Loaded a total of 1 rows into public.cars
[2023-05-13T22:38:41.460+0000] {logging_mixin.py:149} INFO - ['72', 'Ford', '181 hp @ 6,000 RPM', '17980.0', '7', 'True']
[2023-05-13T22:38:41.534+0000] {base.py:73} INFO - Using connection ID 'qiberry' for task execution.
[2023-05-13T22:38:41.603+0000] {sql.py:473} INFO - Done loading. Loaded a total of 1 rows into public.cars
[2023-05-13T22:38:41.612+0000] {logging_mixin.py:149} INFO - ['75', 'Volkswagen', '184 hp @ 4,400 RPM', '25988.0', '3', 'True']
[2023-05-13T22:38:41.696+0000] {base.py:73} INFO - Using connection ID 'qiberry' for task execution.
[2023-05-13T22:38:41.810+0000] {sql.py:473} INFO - Done loading. Loaded a total of 1 rows into public.cars
[2023-05-13T22:38:41.822+0000] {logging_mixin.py:149} INFO - ['77', 'Hyundai', '147 hp @ 6,200 RPM', '15900.0', '35', 'True']
[2023-05-13T22:38:41.921+0000] {base.py:73} INFO - Using connection ID 'qiberry' for task execution.
[2023-05-13T22:38:41.972+0000] {sql.py:473} INFO - Done loading. Loaded a total of 1 rows into public.cars
[2023-05-13T22:38:41.985+0000] {logging_mixin.py:149} INFO - ['78', 'Hyundai', '147 hp @ 6,200 RPM', '24995.0', '25', 'True']
[2023-05-13T22:38:42.102+0000] {base.py:73} INFO - Using connection ID 'qiberry' for task execution.
[2023-05-13T22:38:42.174+0000] {sql.py:473} INFO - Done loading. Loaded a total of 1 rows into public.cars
[2023-05-13T22:38:42.183+0000] {logging_mixin.py:149} INFO - ['79', 'Nissan', '170 hp @ 6,000 RPM', '18500.0', '26', 'True']
[2023-05-13T22:38:42.462+0000] {base.py:73} INFO - Using connection ID 'qiberry' for task execution.
[2023-05-13T22:38:42.553+0000] {sql.py:473} INFO - Done loading. Loaded a total of 1 rows into public.cars
[2023-05-13T22:38:42.559+0000] {logging_mixin.py:149} INFO - ['80', 'Chevrolet', '341 hp @ 5,400 RPM', '26940.0', '76', 'True']
[2023-05-13T22:38:42.655+0000] {base.py:73} INFO - Using connection ID 'qiberry' for task execution.
[2023-05-13T22:38:42.759+0000] {sql.py:473} INFO - Done loading. Loaded a total of 1 rows into public.cars
[2023-05-13T22:38:42.767+0000] {logging_mixin.py:149} INFO - ['81', 'Hyundai', '147 hp @ 6,200 RPM', '17940.0', '14', 'True']
[2023-05-13T22:38:42.908+0000] {base.py:73} INFO - Using connection ID 'qiberry' for task execution.
[2023-05-13T22:38:43.035+0000] {sql.py:473} INFO - Done loading. Loaded a total of 1 rows into public.cars
[2023-05-13T22:38:43.040+0000] {logging_mixin.py:149} INFO - ['82', 'Chevrolet', '355 hp @ 5,600 RPM', '33995.0', '40', 'True']
[2023-05-13T22:38:43.128+0000] {base.py:73} INFO - Using connection ID 'qiberry' for task execution.
[2023-05-13T22:38:43.189+0000] {sql.py:473} INFO - Done loading. Loaded a total of 1 rows into public.cars
[2023-05-13T22:38:43.194+0000] {logging_mixin.py:149} INFO - ['84', 'Nissan', '170 hp @ 6,000 RPM', '18795.0', '36', 'True']
[2023-05-13T22:38:43.290+0000] {base.py:73} INFO - Using connection ID 'qiberry' for task execution.
[2023-05-13T22:38:43.379+0000] {sql.py:473} INFO - Done loading. Loaded a total of 1 rows into public.cars
[2023-05-13T22:38:43.392+0000] {logging_mixin.py:149} INFO - ['85', 'Mitsubishi', '152 hp @ 5,500 RPM', '18995.0', '9', 'True']
[2023-05-13T22:38:43.454+0000] {base.py:73} INFO - Using connection ID 'qiberry' for task execution.
[2023-05-13T22:38:43.555+0000] {sql.py:473} INFO - Done loading. Loaded a total of 1 rows into public.cars
[2023-05-13T22:38:43.563+0000] {logging_mixin.py:149} INFO - ['86', 'Nissan', '188 hp @ 6,000 RPM', '16900.0', '5', 'True']
[2023-05-13T22:38:43.639+0000] {base.py:73} INFO - Using connection ID 'qiberry' for task execution.
[2023-05-13T22:38:43.715+0000] {sql.py:473} INFO - Done loading. Loaded a total of 1 rows into public.cars
[2023-05-13T22:38:43.733+0000] {logging_mixin.py:149} INFO - ['88', 'Hyundai', '147 hp @ 6,200 RPM', '15900.0', '57', 'True']
[2023-05-13T22:38:43.815+0000] {base.py:73} INFO - Using connection ID 'qiberry' for task execution.
[2023-05-13T22:38:43.913+0000] {sql.py:473} INFO - Done loading. Loaded a total of 1 rows into public.cars
[2023-05-13T22:38:43.921+0000] {logging_mixin.py:149} INFO - ['89', 'Chevrolet', '160 hp @ 5,700 RPM', '17999.0', '89', 'True']
[2023-05-13T22:38:44.009+0000] {base.py:73} INFO - Using connection ID 'qiberry' for task execution.
[2023-05-13T22:38:44.107+0000] {sql.py:473} INFO - Done loading. Loaded a total of 1 rows into public.cars
[2023-05-13T22:38:44.115+0000] {logging_mixin.py:149} INFO - ['90', 'Ford', '330 hp @ 6,000 RPM', '29988.0', '6', 'True']
[2023-05-13T22:38:44.221+0000] {base.py:73} INFO - Using connection ID 'qiberry' for task execution.
[2023-05-13T22:38:44.269+0000] {sql.py:473} INFO - Done loading. Loaded a total of 1 rows into public.cars
[2023-05-13T22:38:44.280+0000] {logging_mixin.py:149} INFO - ['91', 'Nissan', '122 hp @ 6,300 RPM', '16295.0', '35', 'True']
[2023-05-13T22:38:44.356+0000] {base.py:73} INFO - Using connection ID 'qiberry' for task execution.
[2023-05-13T22:38:44.434+0000] {sql.py:473} INFO - Done loading. Loaded a total of 1 rows into public.cars
[2023-05-13T22:38:44.442+0000] {logging_mixin.py:149} INFO - ['92', 'Kia', '146 hp @ 6,200 RPM', '19500.0', '21', 'True']
[2023-05-13T22:38:44.524+0000] {base.py:73} INFO - Using connection ID 'qiberry' for task execution.
[2023-05-13T22:38:44.609+0000] {sql.py:473} INFO - Done loading. Loaded a total of 1 rows into public.cars
[2023-05-13T22:38:44.615+0000] {logging_mixin.py:149} INFO - ['93', 'BMW', '255 hp @ 5,000 RPM', '43210.0', '1', 'True']
[2023-05-13T22:38:44.777+0000] {base.py:73} INFO - Using connection ID 'qiberry' for task execution.
[2023-05-13T22:38:44.876+0000] {sql.py:473} INFO - Done loading. Loaded a total of 1 rows into public.cars
[2023-05-13T22:38:44.880+0000] {logging_mixin.py:149} INFO - ['94', 'Ford', '385 hp @ 5,750 RPM', '53631.0', '11', 'True']
[2023-05-13T22:38:44.979+0000] {base.py:73} INFO - Using connection ID 'qiberry' for task execution.
[2023-05-13T22:38:45.054+0000] {sql.py:473} INFO - Done loading. Loaded a total of 1 rows into public.cars
[2023-05-13T22:38:45.085+0000] {logging_mixin.py:149} INFO - ['95', 'BMW', '255 hp @ 5,000 RPM', '44695.0', '8', 'True']
[2023-05-13T22:38:45.210+0000] {base.py:73} INFO - Using connection ID 'qiberry' for task execution.
[2023-05-13T22:38:45.298+0000] {sql.py:473} INFO - Done loading. Loaded a total of 1 rows into public.cars
[2023-05-13T22:38:45.304+0000] {logging_mixin.py:149} INFO - ['96', 'Nissan', '188 hp @ 6,000 RPM', '19995.0', '55', 'True']
[2023-05-13T22:38:45.368+0000] {base.py:73} INFO - Using connection ID 'qiberry' for task execution.
[2023-05-13T22:38:45.440+0000] {sql.py:473} INFO - Done loading. Loaded a total of 1 rows into public.cars
[2023-05-13T22:38:45.445+0000] {logging_mixin.py:149} INFO - ['97', 'BMW', '335 hp @ 5,500 RPM', '60997.0', '8', 'True']
[2023-05-13T22:38:45.555+0000] {base.py:73} INFO - Using connection ID 'qiberry' for task execution.
[2023-05-13T22:38:45.623+0000] {sql.py:473} INFO - Done loading. Loaded a total of 1 rows into public.cars
[2023-05-13T22:38:45.652+0000] {logging_mixin.py:149} INFO - ['98', 'Buick', '138 hp @ 4,900 RPM', '22444.0', '8', 'True']
[2023-05-13T22:38:45.755+0000] {base.py:73} INFO - Using connection ID 'qiberry' for task execution.
[2023-05-13T22:38:45.881+0000] {sql.py:473} INFO - Done loading. Loaded a total of 1 rows into public.cars
[2023-05-13T22:38:45.916+0000] {logging_mixin.py:149} INFO - ['99', 'Chevrolet', '341 hp @ 5,400 RPM', '27950.0', '7', 'True']
[2023-05-13T22:38:46.055+0000] {base.py:73} INFO - Using connection ID 'qiberry' for task execution.
[2023-05-13T22:38:46.287+0000] {sql.py:473} INFO - Done loading. Loaded a total of 1 rows into public.cars
[2023-05-13T22:38:46.313+0000] {logging_mixin.py:149} INFO - ['100', 'Chevrolet', '170 hp @ 5,600 RPM', '23000.0', '217', 'True']
[2023-05-13T22:38:46.444+0000] {base.py:73} INFO - Using connection ID 'qiberry' for task execution.
[2023-05-13T22:38:46.571+0000] {sql.py:473} INFO - Done loading. Loaded a total of 1 rows into public.cars
[2023-05-13T22:38:46.586+0000] {logging_mixin.py:149} INFO - ['101', 'Ford', '295 hp @ 5,500 RPM', '39995.0', '11', 'True']
[2023-05-13T22:38:46.726+0000] {base.py:73} INFO - Using connection ID 'qiberry' for task execution.
[2023-05-13T22:38:46.803+0000] {sql.py:473} INFO - Done loading. Loaded a total of 1 rows into public.cars
[2023-05-13T22:38:46.809+0000] {logging_mixin.py:149} INFO - ['102', 'Chevrolet', '160 hp @ 5,700 RPM', '18995.0', '18', 'True']
[2023-05-13T22:38:46.871+0000] {base.py:73} INFO - Using connection ID 'qiberry' for task execution.
[2023-05-13T22:38:46.955+0000] {sql.py:473} INFO - Done loading. Loaded a total of 1 rows into public.cars
[2023-05-13T22:38:46.965+0000] {logging_mixin.py:149} INFO - ['103', 'Hyundai', '185 hp @ 6,000 RPM', '28700.0', '55', 'True']
[2023-05-13T22:38:47.032+0000] {base.py:73} INFO - Using connection ID 'qiberry' for task execution.
[2023-05-13T22:38:47.099+0000] {sql.py:473} INFO - Done loading. Loaded a total of 1 rows into public.cars
[2023-05-13T22:38:47.105+0000] {logging_mixin.py:149} INFO - ['104', 'Hyundai', '120 hp @ 6,300 RPM', '14998.0', '0', 'True']
[2023-05-13T22:38:47.156+0000] {base.py:73} INFO - Using connection ID 'qiberry' for task execution.
[2023-05-13T22:38:47.213+0000] {sql.py:473} INFO - Done loading. Loaded a total of 1 rows into public.cars
[2023-05-13T22:38:47.223+0000] {logging_mixin.py:149} INFO - ['105', 'Chevrolet', '170 hp @ 5,600 RPM', '21995.0', '11', 'True']
[2023-05-13T22:38:47.289+0000] {base.py:73} INFO - Using connection ID 'qiberry' for task execution.
[2023-05-13T22:38:47.355+0000] {sql.py:473} INFO - Done loading. Loaded a total of 1 rows into public.cars
[2023-05-13T22:38:47.374+0000] {logging_mixin.py:149} INFO - ['106', 'Jaguar', '296 hp @ 5,500 RPM', '43990.0', '19', 'True']
[2023-05-13T22:38:47.433+0000] {base.py:73} INFO - Using connection ID 'qiberry' for task execution.
[2023-05-13T22:38:47.510+0000] {sql.py:473} INFO - Done loading. Loaded a total of 1 rows into public.cars
[2023-05-13T22:38:47.518+0000] {logging_mixin.py:149} INFO - ['107', 'Chevrolet', '160 hp @ 5,700 RPM', '25000.0', '193', 'True']
[2023-05-13T22:38:47.625+0000] {base.py:73} INFO - Using connection ID 'qiberry' for task execution.
[2023-05-13T22:38:47.684+0000] {sql.py:473} INFO - Done loading. Loaded a total of 1 rows into public.cars
[2023-05-13T22:38:47.688+0000] {logging_mixin.py:149} INFO - ['108', 'Audi', '248 hp @ 5,000 RPM', '35900.0', '25', 'True']
[2023-05-13T22:38:47.746+0000] {base.py:73} INFO - Using connection ID 'qiberry' for task execution.
[2023-05-13T22:38:47.881+0000] {sql.py:473} INFO - Done loading. Loaded a total of 1 rows into public.cars
[2023-05-13T22:38:47.888+0000] {logging_mixin.py:149} INFO - ['109', 'Nissan', '300 hp @ 6,400 RPM', '25800.0', '32', 'True']
[2023-05-13T22:38:47.969+0000] {base.py:73} INFO - Using connection ID 'qiberry' for task execution.
[2023-05-13T22:38:48.006+0000] {sql.py:473} INFO - Done loading. Loaded a total of 1 rows into public.cars
[2023-05-13T22:38:48.012+0000] {logging_mixin.py:149} INFO - ['110', 'Nissan', '300 hp @ 6,400 RPM', '28900.0', '25', 'True']
[2023-05-13T22:38:48.159+0000] {base.py:73} INFO - Using connection ID 'qiberry' for task execution.
[2023-05-13T22:38:48.206+0000] {sql.py:473} INFO - Done loading. Loaded a total of 1 rows into public.cars
[2023-05-13T22:38:48.217+0000] {logging_mixin.py:149} INFO - ['111', 'RAM', '395 hp @ 5,600 RPM', '41900.0', '32', 'True']
[2023-05-13T22:38:48.311+0000] {base.py:73} INFO - Using connection ID 'qiberry' for task execution.
[2023-05-13T22:38:48.355+0000] {sql.py:473} INFO - Done loading. Loaded a total of 1 rows into public.cars
[2023-05-13T22:38:48.370+0000] {logging_mixin.py:149} INFO - ['112', 'Hyundai', '185 hp @ 6,000 RPM', '24999.0', '32', 'True']
[2023-05-13T22:38:48.412+0000] {base.py:73} INFO - Using connection ID 'qiberry' for task execution.
[2023-05-13T22:38:48.457+0000] {sql.py:473} INFO - Done loading. Loaded a total of 1 rows into public.cars
[2023-05-13T22:38:48.467+0000] {logging_mixin.py:149} INFO - ['113', 'BMW', '248 hp @ 5,200 RPM', '38555.0', '4', 'True']
[2023-05-13T22:38:48.542+0000] {base.py:73} INFO - Using connection ID 'qiberry' for task execution.
[2023-05-13T22:38:48.573+0000] {sql.py:473} INFO - Done loading. Loaded a total of 1 rows into public.cars
[2023-05-13T22:38:48.580+0000] {logging_mixin.py:149} INFO - ['114', 'Chevrolet', '305 hp @ 6,800 RPM', '25999.0', '24', 'True']
[2023-05-13T22:38:48.626+0000] {base.py:73} INFO - Using connection ID 'qiberry' for task execution.
[2023-05-13T22:38:48.660+0000] {sql.py:473} INFO - Done loading. Loaded a total of 1 rows into public.cars
[2023-05-13T22:38:48.666+0000] {logging_mixin.py:149} INFO - ['115', 'Chevrolet', '250 hp @ 5,300 RPM', '24999.0', '45', 'True']
[2023-05-13T22:38:48.720+0000] {base.py:73} INFO - Using connection ID 'qiberry' for task execution.
[2023-05-13T22:38:48.759+0000] {sql.py:473} INFO - Done loading. Loaded a total of 1 rows into public.cars
[2023-05-13T22:38:48.764+0000] {logging_mixin.py:149} INFO - ['116', 'Ford', '166 hp @ 6,000 RPM', '19795.0', '55', 'True']
[2023-05-13T22:38:48.817+0000] {base.py:73} INFO - Using connection ID 'qiberry' for task execution.
[2023-05-13T22:38:48.851+0000] {sql.py:473} INFO - Done loading. Loaded a total of 1 rows into public.cars
[2023-05-13T22:38:48.857+0000] {logging_mixin.py:149} INFO - ['117', 'Jeep', '270 hp @ 5,250 RPM', '26200.0', '41', 'True']
[2023-05-13T22:38:48.900+0000] {base.py:73} INFO - Using connection ID 'qiberry' for task execution.
[2023-05-13T22:38:48.937+0000] {sql.py:473} INFO - Done loading. Loaded a total of 1 rows into public.cars
[2023-05-13T22:38:48.943+0000] {logging_mixin.py:149} INFO - ['118', 'Kia', '201 hp @ 6,000 RPM', '19900.0', '10', 'True']
[2023-05-13T22:38:48.999+0000] {base.py:73} INFO - Using connection ID 'qiberry' for task execution.
[2023-05-13T22:38:49.040+0000] {sql.py:473} INFO - Done loading. Loaded a total of 1 rows into public.cars
[2023-05-13T22:38:49.049+0000] {logging_mixin.py:149} INFO - ['119', 'Chrysler', '287 hp @ 6,400 RPM', '22950.0', '7', 'True']
[2023-05-13T22:38:49.118+0000] {base.py:73} INFO - Using connection ID 'qiberry' for task execution.
[2023-05-13T22:38:49.173+0000] {sql.py:473} INFO - Done loading. Loaded a total of 1 rows into public.cars
[2023-05-13T22:38:49.178+0000] {logging_mixin.py:149} INFO - ['120', 'Cadillac', '237 hp @ 5,000 RPM', '37994.0', '70', 'True']
[2023-05-13T22:38:49.218+0000] {base.py:73} INFO - Using connection ID 'qiberry' for task execution.
[2023-05-13T22:38:49.256+0000] {sql.py:473} INFO - Done loading. Loaded a total of 1 rows into public.cars
[2023-05-13T22:38:49.272+0000] {logging_mixin.py:149} INFO - ['121', 'BMW', '228 hp @ 5,000 RPM', '40990.0', '277', 'True']
[2023-05-13T22:38:49.397+0000] {base.py:73} INFO - Using connection ID 'qiberry' for task execution.
[2023-05-13T22:38:49.460+0000] {sql.py:473} INFO - Done loading. Loaded a total of 1 rows into public.cars
[2023-05-13T22:38:49.465+0000] {logging_mixin.py:149} INFO - ['122', 'Jeep', '260 hp @ 3,600 RPM', '42999.0', '0', 'True']
[2023-05-13T22:38:49.527+0000] {base.py:73} INFO - Using connection ID 'qiberry' for task execution.
[2023-05-13T22:38:49.593+0000] {sql.py:473} INFO - Done loading. Loaded a total of 1 rows into public.cars
[2023-05-13T22:38:49.603+0000] {logging_mixin.py:149} INFO - ['124', 'Nissan', '170 hp @ 6,000 RPM', '23995.0', '26', 'True']
[2023-05-13T22:38:49.692+0000] {base.py:73} INFO - Using connection ID 'qiberry' for task execution.
[2023-05-13T22:38:49.735+0000] {sql.py:473} INFO - Done loading. Loaded a total of 1 rows into public.cars
[2023-05-13T22:38:49.749+0000] {logging_mixin.py:149} INFO - ['127', 'Hyundai', '147 hp @ 6,200 RPM', '16999.0', '18', 'True']
[2023-05-13T22:38:49.802+0000] {base.py:73} INFO - Using connection ID 'qiberry' for task execution.
[2023-05-13T22:38:49.834+0000] {sql.py:473} INFO - Done loading. Loaded a total of 1 rows into public.cars
[2023-05-13T22:38:49.842+0000] {logging_mixin.py:149} INFO - ['128', 'Hyundai', '161 hp @ 6,200 RPM', '24200.0', '5', 'True']
[2023-05-13T22:38:49.901+0000] {base.py:73} INFO - Using connection ID 'qiberry' for task execution.
[2023-05-13T22:38:49.939+0000] {sql.py:473} INFO - Done loading. Loaded a total of 1 rows into public.cars
[2023-05-13T22:38:49.946+0000] {logging_mixin.py:149} INFO - ['129', 'Cadillac', '420 hp @ 5,600 RPM', '62995.0', '207', 'True']
[2023-05-13T22:38:49.987+0000] {base.py:73} INFO - Using connection ID 'qiberry' for task execution.
[2023-05-13T22:38:50.025+0000] {sql.py:473} INFO - Done loading. Loaded a total of 1 rows into public.cars
[2023-05-13T22:38:50.031+0000] {logging_mixin.py:149} INFO - ['130', 'Chevrolet', '355 hp @ 5,600 RPM', '35978.0', '61', 'True']
[2023-05-13T22:38:50.071+0000] {base.py:73} INFO - Using connection ID 'qiberry' for task execution.
[2023-05-13T22:38:50.107+0000] {sql.py:473} INFO - Done loading. Loaded a total of 1 rows into public.cars
[2023-05-13T22:38:50.112+0000] {logging_mixin.py:149} INFO - ['131', 'Chevrolet', '310 hp @ 6,800 RPM', '35995.0', '74', 'True']
[2023-05-13T22:38:50.147+0000] {base.py:73} INFO - Using connection ID 'qiberry' for task execution.
[2023-05-13T22:38:50.176+0000] {sql.py:473} INFO - Done loading. Loaded a total of 1 rows into public.cars
[2023-05-13T22:38:50.184+0000] {logging_mixin.py:149} INFO - ['133', 'Chevrolet', '355 hp @ 5,600 RPM', '34995.0', '21', 'True']
[2023-05-13T22:38:50.220+0000] {base.py:73} INFO - Using connection ID 'qiberry' for task execution.
[2023-05-13T22:38:50.262+0000] {sql.py:473} INFO - Done loading. Loaded a total of 1 rows into public.cars
[2023-05-13T22:38:50.269+0000] {logging_mixin.py:149} INFO - ['134', 'Chevrolet', '170 hp @ 5,600 RPM', '21998.0', '59', 'True']
[2023-05-13T22:38:50.308+0000] {base.py:73} INFO - Using connection ID 'qiberry' for task execution.
[2023-05-13T22:38:50.340+0000] {sql.py:473} INFO - Done loading. Loaded a total of 1 rows into public.cars
[2023-05-13T22:38:50.345+0000] {logging_mixin.py:149} INFO - ['135', 'RAM', '395 hp @ 5,600 RPM', '38995.0', '0', 'True']
[2023-05-13T22:38:50.380+0000] {base.py:73} INFO - Using connection ID 'qiberry' for task execution.
[2023-05-13T22:38:50.415+0000] {sql.py:473} INFO - Done loading. Loaded a total of 1 rows into public.cars
[2023-05-13T22:38:50.424+0000] {logging_mixin.py:149} INFO - ['136', 'Chevrolet', '355 hp @ 5,600 RPM', '42075.0', '48', 'True']
[2023-05-13T22:38:50.465+0000] {base.py:73} INFO - Using connection ID 'qiberry' for task execution.
[2023-05-13T22:38:50.500+0000] {sql.py:473} INFO - Done loading. Loaded a total of 1 rows into public.cars
[2023-05-13T22:38:50.506+0000] {logging_mixin.py:149} INFO - ['137', 'Hyundai', '147 hp @ 6,200 RPM', '14900.0', '18', 'True']
[2023-05-13T22:38:50.553+0000] {base.py:73} INFO - Using connection ID 'qiberry' for task execution.
[2023-05-13T22:38:50.593+0000] {sql.py:473} INFO - Done loading. Loaded a total of 1 rows into public.cars
[2023-05-13T22:38:50.599+0000] {logging_mixin.py:149} INFO - ['138', 'Mercedes-Benz', '362 hp @ 5,500 RPM', '65549.0', '76', 'True']
[2023-05-13T22:38:50.635+0000] {base.py:73} INFO - Using connection ID 'qiberry' for task execution.
[2023-05-13T22:38:50.663+0000] {sql.py:473} INFO - Done loading. Loaded a total of 1 rows into public.cars
[2023-05-13T22:38:50.670+0000] {logging_mixin.py:149} INFO - ['139', 'Nissan', '300 hp @ 6,400 RPM', '28487.0', '20', 'True']
[2023-05-13T22:38:50.704+0000] {base.py:73} INFO - Using connection ID 'qiberry' for task execution.
[2023-05-13T22:38:50.738+0000] {sql.py:473} INFO - Done loading. Loaded a total of 1 rows into public.cars
[2023-05-13T22:38:50.744+0000] {logging_mixin.py:149} INFO - ['140', 'Nissan', '188 hp @ 6,000 RPM', '20500.0', '82', 'True']
[2023-05-13T22:38:50.788+0000] {base.py:73} INFO - Using connection ID 'qiberry' for task execution.
[2023-05-13T22:38:50.821+0000] {sql.py:473} INFO - Done loading. Loaded a total of 1 rows into public.cars
[2023-05-13T22:38:50.826+0000] {logging_mixin.py:149} INFO - ['141', 'Chevrolet', '138 hp @ 4,900 RPM', '18895.0', '35', 'True']
[2023-05-13T22:38:50.860+0000] {base.py:73} INFO - Using connection ID 'qiberry' for task execution.
[2023-05-13T22:38:50.890+0000] {sql.py:473} INFO - Done loading. Loaded a total of 1 rows into public.cars
[2023-05-13T22:38:50.894+0000] {logging_mixin.py:149} INFO - ['142', 'Chevrolet', '170 hp @ 5,600 RPM', '22975.0', '109', 'True']
[2023-05-13T22:38:50.930+0000] {base.py:73} INFO - Using connection ID 'qiberry' for task execution.
[2023-05-13T22:38:50.957+0000] {sql.py:473} INFO - Done loading. Loaded a total of 1 rows into public.cars
[2023-05-13T22:38:50.962+0000] {logging_mixin.py:149} INFO - ['143', 'Mercedes-Benz', '362 hp @ 5,500 RPM', '72850.0', '22', 'True']
[2023-05-13T22:38:51.000+0000] {base.py:73} INFO - Using connection ID 'qiberry' for task execution.
[2023-05-13T22:38:51.046+0000] {sql.py:473} INFO - Done loading. Loaded a total of 1 rows into public.cars
[2023-05-13T22:38:51.054+0000] {logging_mixin.py:149} INFO - ['144', 'Jeep', '270 hp @ 5,250 RPM', '30019.0', '13', 'True']
[2023-05-13T22:38:51.118+0000] {base.py:73} INFO - Using connection ID 'qiberry' for task execution.
[2023-05-13T22:38:51.163+0000] {sql.py:473} INFO - Done loading. Loaded a total of 1 rows into public.cars
[2023-05-13T22:38:51.169+0000] {logging_mixin.py:149} INFO - ['145', 'Kia', '276 hp @ 6,000 RPM', '26876.0', '47', 'True']
[2023-05-13T22:38:51.214+0000] {base.py:73} INFO - Using connection ID 'qiberry' for task execution.
[2023-05-13T22:38:51.258+0000] {sql.py:473} INFO - Done loading. Loaded a total of 1 rows into public.cars
[2023-05-13T22:38:51.267+0000] {logging_mixin.py:149} INFO - ['146', 'Ford', '181 hp @ 6,000 RPM', '23000.0', '34', 'True']
[2023-05-13T22:38:51.310+0000] {base.py:73} INFO - Using connection ID 'qiberry' for task execution.
[2023-05-13T22:38:51.344+0000] {sql.py:473} INFO - Done loading. Loaded a total of 1 rows into public.cars
[2023-05-13T22:38:51.353+0000] {logging_mixin.py:149} INFO - ['148', 'Nissan', '122 hp @ 6,300 RPM', '16000.0', '48', 'True']
[2023-05-13T22:38:51.398+0000] {base.py:73} INFO - Using connection ID 'qiberry' for task execution.
[2023-05-13T22:38:51.430+0000] {sql.py:473} INFO - Done loading. Loaded a total of 1 rows into public.cars
[2023-05-13T22:38:51.445+0000] {logging_mixin.py:149} INFO - ['149', 'Mercedes-Benz', '255 hp @ 5,800 RPM', '50340.0', '357', 'True']
[2023-05-13T22:38:51.525+0000] {base.py:73} INFO - Using connection ID 'qiberry' for task execution.
[2023-05-13T22:38:51.567+0000] {sql.py:473} INFO - Done loading. Loaded a total of 1 rows into public.cars
[2023-05-13T22:38:51.603+0000] {logging_mixin.py:149} INFO - ['150', 'Nissan', '188 hp @ 6,000 RPM', '19998.0', '120', 'True']
[2023-05-13T22:38:51.654+0000] {base.py:73} INFO - Using connection ID 'qiberry' for task execution.
[2023-05-13T22:38:51.690+0000] {sql.py:473} INFO - Done loading. Loaded a total of 1 rows into public.cars
[2023-05-13T22:38:51.696+0000] {logging_mixin.py:149} INFO - ['151', 'Dodge', '375 hp @ 5,150 RPM', '30000.0', '21', 'True']
[2023-05-13T22:38:51.767+0000] {base.py:73} INFO - Using connection ID 'qiberry' for task execution.
[2023-05-13T22:38:51.819+0000] {sql.py:473} INFO - Done loading. Loaded a total of 1 rows into public.cars
[2023-05-13T22:38:51.825+0000] {logging_mixin.py:149} INFO - ['152', 'Nissan', '188 hp @ 6,000 RPM', '19015.0', '60', 'True']
[2023-05-13T22:38:51.892+0000] {base.py:73} INFO - Using connection ID 'qiberry' for task execution.
[2023-05-13T22:38:51.949+0000] {sql.py:473} INFO - Done loading. Loaded a total of 1 rows into public.cars
[2023-05-13T22:38:51.957+0000] {logging_mixin.py:149} INFO - ['153', 'Mitsubishi', '152 hp @ 5,500 RPM', '20500.0', '39', 'True']
[2023-05-13T22:38:52.004+0000] {base.py:73} INFO - Using connection ID 'qiberry' for task execution.
[2023-05-13T22:38:52.078+0000] {sql.py:473} INFO - Done loading. Loaded a total of 1 rows into public.cars
[2023-05-13T22:38:52.084+0000] {logging_mixin.py:149} INFO - ['155', 'Mazda', '187 hp @ 6,000 RPM', '24590.0', '62', 'True']
[2023-05-13T22:38:52.150+0000] {base.py:73} INFO - Using connection ID 'qiberry' for task execution.
[2023-05-13T22:38:52.248+0000] {sql.py:473} INFO - Done loading. Loaded a total of 1 rows into public.cars
[2023-05-13T22:38:52.256+0000] {logging_mixin.py:149} INFO - ['157', 'Chevrolet', '305 hp @ 6,800 RPM', '20988.0', '46', 'True']
[2023-05-13T22:38:52.305+0000] {base.py:73} INFO - Using connection ID 'qiberry' for task execution.
[2023-05-13T22:38:52.376+0000] {sql.py:473} INFO - Done loading. Loaded a total of 1 rows into public.cars
[2023-05-13T22:38:52.385+0000] {logging_mixin.py:149} INFO - ['158', 'Chevrolet', '160 hp @ 5,700 RPM', '24995.0', '19', 'True']
[2023-05-13T22:38:52.435+0000] {base.py:73} INFO - Using connection ID 'qiberry' for task execution.
[2023-05-13T22:38:52.504+0000] {sql.py:473} INFO - Done loading. Loaded a total of 1 rows into public.cars
[2023-05-13T22:38:52.520+0000] {logging_mixin.py:149} INFO - ['159', 'Mercedes-Benz', '255 hp @ 5,800 RPM', '44258.0', '11', 'True']
[2023-05-13T22:38:52.592+0000] {base.py:73} INFO - Using connection ID 'qiberry' for task execution.
[2023-05-13T22:38:52.716+0000] {taskinstance.py:1847} ERROR - Task failed with exception
Traceback (most recent call last):
  File "/home/airflow/.local/lib/python3.7/site-packages/airflow/operators/python.py", line 181, in execute
    return_value = self.execute_callable()
  File "/home/airflow/.local/lib/python3.7/site-packages/airflow/operators/python.py", line 198, in execute_callable
    return self.python_callable(*self.op_args, **self.op_kwargs)
  File "/opt/airflow/dags/dag_hypothesis2.py", line 29, in insert_data_py
    src.insert_rows(table=table_name, rows=[row])
  File "/home/airflow/.local/lib/python3.7/site-packages/airflow/providers/common/sql/hooks/sql.py", line 467, in insert_rows
    cur.execute(sql, values)
psycopg2.errors.UndefinedTable: relation "public.cars" does not exist
LINE 1: INSERT INTO public.cars  VALUES ('159','Mercedes-Benz','255 ...
                    ^

[2023-05-13T22:38:52.824+0000] {taskinstance.py:1373} INFO - Marking task as FAILED. dag_id=hypothesis2, task_id=insert_data, execution_date=20230513T223724, start_date=20230513T223826, end_date=20230513T223852
[2023-05-13T22:38:53.044+0000] {standard_task_runner.py:109} ERROR - Failed to execute job 115 for task insert_data (relation "public.cars" does not exist
LINE 1: INSERT INTO public.cars  VALUES ('159','Mercedes-Benz','255 ...
                    ^
; 2730)
[2023-05-13T22:38:53.150+0000] {local_task_job_runner.py:232} INFO - Task exited with return code 1
[2023-05-13T22:38:53.352+0000] {taskinstance.py:2674} INFO - 0 downstream tasks scheduled from follow-on schedule check
