[2023-05-13T19:02:58.496+0000] {taskinstance.py:1125} INFO - Dependencies all met for dep_context=non-requeueable deps ti=<TaskInstance: hypothesis1.create_table manual__2023-05-13T19:02:49.723843+00:00 [queued]>
[2023-05-13T19:02:58.517+0000] {taskinstance.py:1125} INFO - Dependencies all met for dep_context=requeueable deps ti=<TaskInstance: hypothesis1.create_table manual__2023-05-13T19:02:49.723843+00:00 [queued]>
[2023-05-13T19:02:58.520+0000] {taskinstance.py:1331} INFO - Starting attempt 1 of 1
[2023-05-13T19:02:58.559+0000] {taskinstance.py:1350} INFO - Executing <Task(PostgresOperator): create_table> on 2023-05-13 19:02:49.723843+00:00
[2023-05-13T19:02:58.574+0000] {standard_task_runner.py:57} INFO - Started process 435 to run task
[2023-05-13T19:02:58.585+0000] {standard_task_runner.py:84} INFO - Running: ['***', 'tasks', 'run', 'hypothesis1', 'create_table', 'manual__2023-05-13T19:02:49.723843+00:00', '--job-id', '12', '--raw', '--subdir', 'DAGS_FOLDER/dag_hypothesis1.py', '--cfg-path', '/tmp/tmpteq1izpz']
[2023-05-13T19:02:58.592+0000] {standard_task_runner.py:85} INFO - Job 12: Subtask create_table
[2023-05-13T19:02:58.708+0000] {task_command.py:410} INFO - Running <TaskInstance: hypothesis1.create_table manual__2023-05-13T19:02:49.723843+00:00 [running]> on host 9a745d3878c0
[2023-05-13T19:02:58.947+0000] {taskinstance.py:1570} INFO - Exporting env vars: AIRFLOW_CTX_DAG_OWNER='***' AIRFLOW_CTX_DAG_ID='hypothesis1' AIRFLOW_CTX_TASK_ID='create_table' AIRFLOW_CTX_EXECUTION_DATE='2023-05-13T19:02:49.723843+00:00' AIRFLOW_CTX_TRY_NUMBER='1' AIRFLOW_CTX_DAG_RUN_ID='manual__2023-05-13T19:02:49.723843+00:00'
[2023-05-13T19:02:58.951+0000] {sql.py:262} INFO - Executing: 
        CREATE TABLE IF NOT EXISTS public.cars (
            id int,
            make_name varchar,
            power varchar,
            price int,
            daysonmarket int,
            has_accidents bool
        );
        
[2023-05-13T19:02:58.970+0000] {base.py:73} INFO - Using connection ID 'qiberry' for task execution.
[2023-05-13T19:02:59.164+0000] {base.py:73} INFO - Using connection ID 'qiberry' for task execution.
[2023-05-13T19:02:59.176+0000] {sql.py:375} INFO - Running statement: 
        CREATE TABLE IF NOT EXISTS public.cars (
            id int,
            make_name varchar,
            power varchar,
            price int,
            daysonmarket int,
            has_accidents bool
        );
        , parameters: None
[2023-05-13T19:02:59.221+0000] {taskinstance.py:1373} INFO - Marking task as SUCCESS. dag_id=hypothesis1, task_id=create_table, execution_date=20230513T190249, start_date=20230513T190258, end_date=20230513T190259
[2023-05-13T19:02:59.283+0000] {local_task_job_runner.py:232} INFO - Task exited with return code 0
[2023-05-13T19:02:59.333+0000] {taskinstance.py:2674} INFO - 1 downstream tasks scheduled from follow-on schedule check
