[2023-05-13T10:40:07.342+0000] {taskinstance.py:1125} INFO - Dependencies all met for dep_context=non-requeueable deps ti=<TaskInstance: qiberry.insert_data manual__2023-05-13T10:33:50.727392+00:00 [queued]>
[2023-05-13T10:40:07.472+0000] {taskinstance.py:1125} INFO - Dependencies all met for dep_context=requeueable deps ti=<TaskInstance: qiberry.insert_data manual__2023-05-13T10:33:50.727392+00:00 [queued]>
[2023-05-13T10:40:07.478+0000] {taskinstance.py:1331} INFO - Starting attempt 1 of 1
[2023-05-13T10:40:07.647+0000] {taskinstance.py:1350} INFO - Executing <Task(PythonOperator): insert_data> on 2023-05-13 10:33:50.727392+00:00
[2023-05-13T10:40:07.692+0000] {standard_task_runner.py:57} INFO - Started process 97 to run task
[2023-05-13T10:40:07.761+0000] {standard_task_runner.py:84} INFO - Running: ['***', 'tasks', 'run', 'qiberry', 'insert_data', 'manual__2023-05-13T10:33:50.727392+00:00', '--job-id', '36', '--raw', '--subdir', 'DAGS_FOLDER/dag_laba3.py', '--cfg-path', '/tmp/tmpde98n18c']
[2023-05-13T10:40:07.793+0000] {standard_task_runner.py:85} INFO - Job 36: Subtask insert_data
[2023-05-13T10:40:08.361+0000] {task_command.py:410} INFO - Running <TaskInstance: qiberry.insert_data manual__2023-05-13T10:33:50.727392+00:00 [running]> on host bfb86d9b8782
[2023-05-13T10:40:08.842+0000] {taskinstance.py:1570} INFO - Exporting env vars: AIRFLOW_CTX_DAG_OWNER='***' AIRFLOW_CTX_DAG_ID='qiberry' AIRFLOW_CTX_TASK_ID='insert_data' AIRFLOW_CTX_EXECUTION_DATE='2023-05-13T10:33:50.727392+00:00' AIRFLOW_CTX_TRY_NUMBER='1' AIRFLOW_CTX_DAG_RUN_ID='manual__2023-05-13T10:33:50.727392+00:00'
[2023-05-13T10:40:08.853+0000] {logging_mixin.py:149} INFO - Postgres connect success
[2023-05-13T10:40:08.917+0000] {base.py:73} INFO - Using connection ID 'qiberry' for task execution.
[2023-05-13T10:40:08.959+0000] {sql.py:473} INFO - Done loading. Loaded a total of 1 rows into public.people
[2023-05-13T10:40:09.018+0000] {base.py:73} INFO - Using connection ID 'qiberry' for task execution.
[2023-05-13T10:40:09.054+0000] {sql.py:473} INFO - Done loading. Loaded a total of 1 rows into public.people
[2023-05-13T10:40:09.078+0000] {base.py:73} INFO - Using connection ID 'qiberry' for task execution.
[2023-05-13T10:40:09.095+0000] {sql.py:473} INFO - Done loading. Loaded a total of 1 rows into public.people
[2023-05-13T10:40:09.127+0000] {base.py:73} INFO - Using connection ID 'qiberry' for task execution.
[2023-05-13T10:40:09.157+0000] {sql.py:473} INFO - Done loading. Loaded a total of 1 rows into public.people
[2023-05-13T10:40:09.183+0000] {base.py:73} INFO - Using connection ID 'qiberry' for task execution.
[2023-05-13T10:40:09.205+0000] {sql.py:473} INFO - Done loading. Loaded a total of 1 rows into public.people
[2023-05-13T10:40:09.208+0000] {python.py:183} INFO - Done. Returned value was: None
[2023-05-13T10:40:09.261+0000] {taskinstance.py:1373} INFO - Marking task as SUCCESS. dag_id=qiberry, task_id=insert_data, execution_date=20230513T103350, start_date=20230513T104007, end_date=20230513T104009
[2023-05-13T10:40:09.399+0000] {local_task_job_runner.py:232} INFO - Task exited with return code 0
[2023-05-13T10:40:09.568+0000] {taskinstance.py:2674} INFO - 1 downstream tasks scheduled from follow-on schedule check
