[2023-05-13T21:54:26.971+0000] {taskinstance.py:1125} INFO - Dependencies all met for dep_context=non-requeueable deps ti=<TaskInstance: hypothesis2.select_data manual__2023-05-13T21:53:28.693365+00:00 [queued]>
[2023-05-13T21:54:26.987+0000] {taskinstance.py:1125} INFO - Dependencies all met for dep_context=requeueable deps ti=<TaskInstance: hypothesis2.select_data manual__2023-05-13T21:53:28.693365+00:00 [queued]>
[2023-05-13T21:54:26.989+0000] {taskinstance.py:1331} INFO - Starting attempt 1 of 1
[2023-05-13T21:54:27.011+0000] {taskinstance.py:1350} INFO - Executing <Task(PythonOperator): select_data> on 2023-05-13 21:53:28.693365+00:00
[2023-05-13T21:54:27.024+0000] {standard_task_runner.py:57} INFO - Started process 2228 to run task
[2023-05-13T21:54:27.032+0000] {standard_task_runner.py:84} INFO - Running: ['***', 'tasks', 'run', 'hypothesis2', 'select_data', 'manual__2023-05-13T21:53:28.693365+00:00', '--job-id', '90', '--raw', '--subdir', 'DAGS_FOLDER/dag_hypothesis2.py', '--cfg-path', '/tmp/tmpvco8e2ms']
[2023-05-13T21:54:27.038+0000] {standard_task_runner.py:85} INFO - Job 90: Subtask select_data
[2023-05-13T21:54:27.128+0000] {task_command.py:410} INFO - Running <TaskInstance: hypothesis2.select_data manual__2023-05-13T21:53:28.693365+00:00 [running]> on host 9a745d3878c0
[2023-05-13T21:54:27.270+0000] {taskinstance.py:1570} INFO - Exporting env vars: AIRFLOW_CTX_DAG_OWNER='***' AIRFLOW_CTX_DAG_ID='hypothesis2' AIRFLOW_CTX_TASK_ID='select_data' AIRFLOW_CTX_EXECUTION_DATE='2023-05-13T21:53:28.693365+00:00' AIRFLOW_CTX_TRY_NUMBER='1' AIRFLOW_CTX_DAG_RUN_ID='manual__2023-05-13T21:53:28.693365+00:00'
[2023-05-13T21:54:27.284+0000] {base.py:73} INFO - Using connection ID 'qiberry' for task execution.
[2023-05-13T21:54:27.291+0000] {logging_mixin.py:149} INFO - Postgres connect success
[2023-05-13T21:54:27.294+0000] {logging_mixin.py:149} INFO - ok data
[2023-05-13T21:54:27.295+0000] {logging_mixin.py:149} INFO - Jeep
[2023-05-13T21:54:27.297+0000] {logging_mixin.py:149} INFO - ok data
[2023-05-13T21:54:27.298+0000] {logging_mixin.py:149} INFO - Ford
[2023-05-13T21:54:27.299+0000] {logging_mixin.py:149} INFO - ok data
[2023-05-13T21:54:27.300+0000] {logging_mixin.py:149} INFO - ok data
[2023-05-13T21:54:27.301+0000] {logging_mixin.py:149} INFO - ok data
[2023-05-13T21:54:27.302+0000] {logging_mixin.py:149} INFO - ok data
[2023-05-13T21:54:27.303+0000] {logging_mixin.py:149} INFO - brand , middle_price , middle_days_on_market , has_accidents_percent
[2023-05-13T21:54:27.306+0000] {warnings.py:110} WARNING - /opt/***/dags/dag_hypothesis2.py:48: RuntimeWarning: invalid value encountered in double_scalars
  self.middle_days_on_market = np.sum(self.days_on_market) / self.days_on_market.size

[2023-05-13T21:54:27.307+0000] {logging_mixin.py:149} INFO - Jeep , 37499.0 , nan , 0
[2023-05-13T21:54:27.309+0000] {logging_mixin.py:149} INFO - Ford , 17995.0 , nan , 0
[2023-05-13T21:54:27.310+0000] {python.py:183} INFO - Done. Returned value was: None
[2023-05-13T21:54:27.324+0000] {taskinstance.py:1373} INFO - Marking task as SUCCESS. dag_id=hypothesis2, task_id=select_data, execution_date=20230513T215328, start_date=20230513T215426, end_date=20230513T215427
[2023-05-13T21:54:27.367+0000] {local_task_job_runner.py:232} INFO - Task exited with return code 0
[2023-05-13T21:54:27.391+0000] {taskinstance.py:2674} INFO - 0 downstream tasks scheduled from follow-on schedule check
