[2023-05-13T10:39:44.766+0000] {taskinstance.py:1125} INFO - Dependencies all met for dep_context=non-requeueable deps ti=<TaskInstance: qiberry.create_table_people manual__2023-05-13T10:21:39.191847+00:00 [queued]>
[2023-05-13T10:39:44.908+0000] {taskinstance.py:1125} INFO - Dependencies all met for dep_context=requeueable deps ti=<TaskInstance: qiberry.create_table_people manual__2023-05-13T10:21:39.191847+00:00 [queued]>
[2023-05-13T10:39:44.917+0000] {taskinstance.py:1331} INFO - Starting attempt 1 of 1
[2023-05-13T10:39:45.179+0000] {taskinstance.py:1350} INFO - Executing <Task(PostgresOperator): create_table_people> on 2023-05-13 10:21:39.191847+00:00
[2023-05-13T10:39:45.229+0000] {standard_task_runner.py:57} INFO - Started process 73 to run task
[2023-05-13T10:39:45.499+0000] {standard_task_runner.py:84} INFO - Running: ['***', 'tasks', 'run', 'qiberry', 'create_table_people', 'manual__2023-05-13T10:21:39.191847+00:00', '--job-id', '28', '--raw', '--subdir', 'DAGS_FOLDER/dag_laba3.py', '--cfg-path', '/tmp/tmph6i7ym5m']
[2023-05-13T10:39:45.763+0000] {standard_task_runner.py:85} INFO - Job 28: Subtask create_table_people
[2023-05-13T10:39:47.230+0000] {task_command.py:410} INFO - Running <TaskInstance: qiberry.create_table_people manual__2023-05-13T10:21:39.191847+00:00 [running]> on host bfb86d9b8782
[2023-05-13T10:39:48.364+0000] {taskinstance.py:1570} INFO - Exporting env vars: AIRFLOW_CTX_DAG_OWNER='***' AIRFLOW_CTX_DAG_ID='qiberry' AIRFLOW_CTX_TASK_ID='create_table_people' AIRFLOW_CTX_EXECUTION_DATE='2023-05-13T10:21:39.191847+00:00' AIRFLOW_CTX_TRY_NUMBER='1' AIRFLOW_CTX_DAG_RUN_ID='manual__2023-05-13T10:21:39.191847+00:00'
[2023-05-13T10:39:48.377+0000] {sql.py:262} INFO - Executing: 
        CREATE TABLE IF NOT EXISTS public.people (
            firstname varchar,
            lastname varchar,
            age int,
            sex varchar,
            color varchar
        );
        
[2023-05-13T10:39:48.405+0000] {base.py:73} INFO - Using connection ID 'qiberry' for task execution.
[2023-05-13T10:39:48.903+0000] {base.py:73} INFO - Using connection ID 'qiberry' for task execution.
[2023-05-13T10:39:48.990+0000] {sql.py:375} INFO - Running statement: 
        CREATE TABLE IF NOT EXISTS public.people (
            firstname varchar,
            lastname varchar,
            age int,
            sex varchar,
            color varchar
        );
        , parameters: None
[2023-05-13T10:39:49.114+0000] {taskinstance.py:1373} INFO - Marking task as SUCCESS. dag_id=qiberry, task_id=create_table_people, execution_date=20230513T102139, start_date=20230513T103944, end_date=20230513T103949
[2023-05-13T10:39:49.253+0000] {local_task_job_runner.py:232} INFO - Task exited with return code 0
[2023-05-13T10:39:49.374+0000] {taskinstance.py:2674} INFO - 1 downstream tasks scheduled from follow-on schedule check
