[2023-05-13T21:29:04.845+0000] {taskinstance.py:1125} INFO - Dependencies all met for dep_context=non-requeueable deps ti=<TaskInstance: hypothesis1_2.insert_data manual__2023-05-13T21:28:56.097640+00:00 [queued]>
[2023-05-13T21:29:04.871+0000] {taskinstance.py:1125} INFO - Dependencies all met for dep_context=requeueable deps ti=<TaskInstance: hypothesis1_2.insert_data manual__2023-05-13T21:28:56.097640+00:00 [queued]>
[2023-05-13T21:29:04.873+0000] {taskinstance.py:1331} INFO - Starting attempt 1 of 1
[2023-05-13T21:29:04.905+0000] {taskinstance.py:1350} INFO - Executing <Task(PythonOperator): insert_data> on 2023-05-13 21:28:56.097640+00:00
[2023-05-13T21:29:04.918+0000] {standard_task_runner.py:57} INFO - Started process 1702 to run task
[2023-05-13T21:29:04.928+0000] {standard_task_runner.py:84} INFO - Running: ['***', 'tasks', 'run', 'hypothesis1_2', 'insert_data', 'manual__2023-05-13T21:28:56.097640+00:00', '--job-id', '53', '--raw', '--subdir', 'DAGS_FOLDER/dag_hypothesis1_2.py', '--cfg-path', '/tmp/tmp13aw643s']
[2023-05-13T21:29:04.938+0000] {standard_task_runner.py:85} INFO - Job 53: Subtask insert_data
[2023-05-13T21:29:05.089+0000] {task_command.py:410} INFO - Running <TaskInstance: hypothesis1_2.insert_data manual__2023-05-13T21:28:56.097640+00:00 [running]> on host 9a745d3878c0
[2023-05-13T21:29:05.277+0000] {taskinstance.py:1570} INFO - Exporting env vars: AIRFLOW_CTX_DAG_OWNER='***' AIRFLOW_CTX_DAG_ID='hypothesis1_2' AIRFLOW_CTX_TASK_ID='insert_data' AIRFLOW_CTX_EXECUTION_DATE='2023-05-13T21:28:56.097640+00:00' AIRFLOW_CTX_TRY_NUMBER='1' AIRFLOW_CTX_DAG_RUN_ID='manual__2023-05-13T21:28:56.097640+00:00'
[2023-05-13T21:29:05.281+0000] {logging_mixin.py:149} INFO - Postgres connect success
[2023-05-13T21:29:05.304+0000] {base.py:73} INFO - Using connection ID 'qiberry' for task execution.
[2023-05-13T21:29:05.318+0000] {sql.py:473} INFO - Done loading. Loaded a total of 1 rows into public.cars
[2023-05-13T21:29:05.332+0000] {base.py:73} INFO - Using connection ID 'qiberry' for task execution.
[2023-05-13T21:29:05.343+0000] {sql.py:473} INFO - Done loading. Loaded a total of 1 rows into public.cars
[2023-05-13T21:29:05.360+0000] {base.py:73} INFO - Using connection ID 'qiberry' for task execution.
[2023-05-13T21:29:05.371+0000] {sql.py:473} INFO - Done loading. Loaded a total of 1 rows into public.cars
[2023-05-13T21:29:05.384+0000] {base.py:73} INFO - Using connection ID 'qiberry' for task execution.
[2023-05-13T21:29:05.393+0000] {sql.py:473} INFO - Done loading. Loaded a total of 1 rows into public.cars
[2023-05-13T21:29:05.405+0000] {base.py:73} INFO - Using connection ID 'qiberry' for task execution.
[2023-05-13T21:29:05.416+0000] {sql.py:473} INFO - Done loading. Loaded a total of 1 rows into public.cars
[2023-05-13T21:29:05.431+0000] {base.py:73} INFO - Using connection ID 'qiberry' for task execution.
[2023-05-13T21:29:05.441+0000] {sql.py:473} INFO - Done loading. Loaded a total of 1 rows into public.cars
[2023-05-13T21:29:05.454+0000] {base.py:73} INFO - Using connection ID 'qiberry' for task execution.
[2023-05-13T21:29:05.465+0000] {sql.py:473} INFO - Done loading. Loaded a total of 1 rows into public.cars
[2023-05-13T21:29:05.479+0000] {base.py:73} INFO - Using connection ID 'qiberry' for task execution.
[2023-05-13T21:29:05.491+0000] {sql.py:473} INFO - Done loading. Loaded a total of 1 rows into public.cars
[2023-05-13T21:29:05.504+0000] {base.py:73} INFO - Using connection ID 'qiberry' for task execution.
[2023-05-13T21:29:05.515+0000] {sql.py:473} INFO - Done loading. Loaded a total of 1 rows into public.cars
[2023-05-13T21:29:05.525+0000] {base.py:73} INFO - Using connection ID 'qiberry' for task execution.
[2023-05-13T21:29:05.533+0000] {sql.py:473} INFO - Done loading. Loaded a total of 1 rows into public.cars
[2023-05-13T21:29:05.542+0000] {base.py:73} INFO - Using connection ID 'qiberry' for task execution.
[2023-05-13T21:29:05.551+0000] {sql.py:473} INFO - Done loading. Loaded a total of 1 rows into public.cars
[2023-05-13T21:29:05.561+0000] {base.py:73} INFO - Using connection ID 'qiberry' for task execution.
[2023-05-13T21:29:05.571+0000] {sql.py:473} INFO - Done loading. Loaded a total of 1 rows into public.cars
[2023-05-13T21:29:05.583+0000] {base.py:73} INFO - Using connection ID 'qiberry' for task execution.
[2023-05-13T21:29:05.591+0000] {sql.py:473} INFO - Done loading. Loaded a total of 1 rows into public.cars
[2023-05-13T21:29:05.601+0000] {base.py:73} INFO - Using connection ID 'qiberry' for task execution.
[2023-05-13T21:29:05.610+0000] {sql.py:473} INFO - Done loading. Loaded a total of 1 rows into public.cars
[2023-05-13T21:29:05.623+0000] {base.py:73} INFO - Using connection ID 'qiberry' for task execution.
[2023-05-13T21:29:05.635+0000] {sql.py:473} INFO - Done loading. Loaded a total of 1 rows into public.cars
[2023-05-13T21:29:05.649+0000] {base.py:73} INFO - Using connection ID 'qiberry' for task execution.
[2023-05-13T21:29:05.659+0000] {sql.py:473} INFO - Done loading. Loaded a total of 1 rows into public.cars
[2023-05-13T21:29:05.675+0000] {base.py:73} INFO - Using connection ID 'qiberry' for task execution.
[2023-05-13T21:29:05.687+0000] {sql.py:473} INFO - Done loading. Loaded a total of 1 rows into public.cars
[2023-05-13T21:29:05.698+0000] {base.py:73} INFO - Using connection ID 'qiberry' for task execution.
[2023-05-13T21:29:05.709+0000] {sql.py:473} INFO - Done loading. Loaded a total of 1 rows into public.cars
[2023-05-13T21:29:05.724+0000] {base.py:73} INFO - Using connection ID 'qiberry' for task execution.
[2023-05-13T21:29:05.736+0000] {sql.py:473} INFO - Done loading. Loaded a total of 1 rows into public.cars
[2023-05-13T21:29:05.749+0000] {base.py:73} INFO - Using connection ID 'qiberry' for task execution.
[2023-05-13T21:29:05.759+0000] {sql.py:473} INFO - Done loading. Loaded a total of 1 rows into public.cars
[2023-05-13T21:29:05.772+0000] {base.py:73} INFO - Using connection ID 'qiberry' for task execution.
[2023-05-13T21:29:05.781+0000] {sql.py:473} INFO - Done loading. Loaded a total of 1 rows into public.cars
[2023-05-13T21:29:05.794+0000] {base.py:73} INFO - Using connection ID 'qiberry' for task execution.
[2023-05-13T21:29:05.803+0000] {sql.py:473} INFO - Done loading. Loaded a total of 1 rows into public.cars
[2023-05-13T21:29:05.814+0000] {base.py:73} INFO - Using connection ID 'qiberry' for task execution.
[2023-05-13T21:29:05.823+0000] {sql.py:473} INFO - Done loading. Loaded a total of 1 rows into public.cars
[2023-05-13T21:29:05.835+0000] {base.py:73} INFO - Using connection ID 'qiberry' for task execution.
[2023-05-13T21:29:05.843+0000] {sql.py:473} INFO - Done loading. Loaded a total of 1 rows into public.cars
[2023-05-13T21:29:05.853+0000] {base.py:73} INFO - Using connection ID 'qiberry' for task execution.
[2023-05-13T21:29:05.861+0000] {sql.py:473} INFO - Done loading. Loaded a total of 1 rows into public.cars
[2023-05-13T21:29:05.874+0000] {base.py:73} INFO - Using connection ID 'qiberry' for task execution.
[2023-05-13T21:29:05.885+0000] {sql.py:473} INFO - Done loading. Loaded a total of 1 rows into public.cars
[2023-05-13T21:29:05.897+0000] {base.py:73} INFO - Using connection ID 'qiberry' for task execution.
[2023-05-13T21:29:05.905+0000] {sql.py:473} INFO - Done loading. Loaded a total of 1 rows into public.cars
[2023-05-13T21:29:05.916+0000] {base.py:73} INFO - Using connection ID 'qiberry' for task execution.
[2023-05-13T21:29:05.925+0000] {sql.py:473} INFO - Done loading. Loaded a total of 1 rows into public.cars
[2023-05-13T21:29:05.936+0000] {base.py:73} INFO - Using connection ID 'qiberry' for task execution.
[2023-05-13T21:29:05.944+0000] {sql.py:473} INFO - Done loading. Loaded a total of 1 rows into public.cars
[2023-05-13T21:29:05.954+0000] {base.py:73} INFO - Using connection ID 'qiberry' for task execution.
[2023-05-13T21:29:05.961+0000] {sql.py:473} INFO - Done loading. Loaded a total of 1 rows into public.cars
[2023-05-13T21:29:05.973+0000] {base.py:73} INFO - Using connection ID 'qiberry' for task execution.
[2023-05-13T21:29:05.984+0000] {sql.py:473} INFO - Done loading. Loaded a total of 1 rows into public.cars
[2023-05-13T21:29:05.993+0000] {base.py:73} INFO - Using connection ID 'qiberry' for task execution.
[2023-05-13T21:29:06.003+0000] {sql.py:473} INFO - Done loading. Loaded a total of 1 rows into public.cars
[2023-05-13T21:29:06.013+0000] {base.py:73} INFO - Using connection ID 'qiberry' for task execution.
[2023-05-13T21:29:06.022+0000] {sql.py:473} INFO - Done loading. Loaded a total of 1 rows into public.cars
[2023-05-13T21:29:06.035+0000] {base.py:73} INFO - Using connection ID 'qiberry' for task execution.
[2023-05-13T21:29:06.044+0000] {sql.py:473} INFO - Done loading. Loaded a total of 1 rows into public.cars
[2023-05-13T21:29:06.056+0000] {base.py:73} INFO - Using connection ID 'qiberry' for task execution.
[2023-05-13T21:29:06.067+0000] {sql.py:473} INFO - Done loading. Loaded a total of 1 rows into public.cars
[2023-05-13T21:29:06.080+0000] {base.py:73} INFO - Using connection ID 'qiberry' for task execution.
[2023-05-13T21:29:06.091+0000] {sql.py:473} INFO - Done loading. Loaded a total of 1 rows into public.cars
[2023-05-13T21:29:06.111+0000] {base.py:73} INFO - Using connection ID 'qiberry' for task execution.
[2023-05-13T21:29:06.123+0000] {sql.py:473} INFO - Done loading. Loaded a total of 1 rows into public.cars
[2023-05-13T21:29:06.136+0000] {base.py:73} INFO - Using connection ID 'qiberry' for task execution.
[2023-05-13T21:29:06.153+0000] {sql.py:473} INFO - Done loading. Loaded a total of 1 rows into public.cars
[2023-05-13T21:29:06.164+0000] {base.py:73} INFO - Using connection ID 'qiberry' for task execution.
[2023-05-13T21:29:06.175+0000] {sql.py:473} INFO - Done loading. Loaded a total of 1 rows into public.cars
[2023-05-13T21:29:06.189+0000] {base.py:73} INFO - Using connection ID 'qiberry' for task execution.
[2023-05-13T21:29:06.198+0000] {sql.py:473} INFO - Done loading. Loaded a total of 1 rows into public.cars
[2023-05-13T21:29:06.209+0000] {base.py:73} INFO - Using connection ID 'qiberry' for task execution.
[2023-05-13T21:29:06.219+0000] {sql.py:473} INFO - Done loading. Loaded a total of 1 rows into public.cars
[2023-05-13T21:29:06.234+0000] {base.py:73} INFO - Using connection ID 'qiberry' for task execution.
[2023-05-13T21:29:06.244+0000] {sql.py:473} INFO - Done loading. Loaded a total of 1 rows into public.cars
[2023-05-13T21:29:06.256+0000] {base.py:73} INFO - Using connection ID 'qiberry' for task execution.
[2023-05-13T21:29:06.265+0000] {sql.py:473} INFO - Done loading. Loaded a total of 1 rows into public.cars
[2023-05-13T21:29:06.275+0000] {base.py:73} INFO - Using connection ID 'qiberry' for task execution.
[2023-05-13T21:29:06.285+0000] {sql.py:473} INFO - Done loading. Loaded a total of 1 rows into public.cars
[2023-05-13T21:29:06.297+0000] {base.py:73} INFO - Using connection ID 'qiberry' for task execution.
[2023-05-13T21:29:06.306+0000] {sql.py:473} INFO - Done loading. Loaded a total of 1 rows into public.cars
[2023-05-13T21:29:06.319+0000] {base.py:73} INFO - Using connection ID 'qiberry' for task execution.
[2023-05-13T21:29:06.330+0000] {sql.py:473} INFO - Done loading. Loaded a total of 1 rows into public.cars
[2023-05-13T21:29:06.342+0000] {base.py:73} INFO - Using connection ID 'qiberry' for task execution.
[2023-05-13T21:29:06.352+0000] {sql.py:473} INFO - Done loading. Loaded a total of 1 rows into public.cars
[2023-05-13T21:29:06.362+0000] {base.py:73} INFO - Using connection ID 'qiberry' for task execution.
[2023-05-13T21:29:06.371+0000] {sql.py:473} INFO - Done loading. Loaded a total of 1 rows into public.cars
[2023-05-13T21:29:06.384+0000] {base.py:73} INFO - Using connection ID 'qiberry' for task execution.
[2023-05-13T21:29:06.392+0000] {sql.py:473} INFO - Done loading. Loaded a total of 1 rows into public.cars
[2023-05-13T21:29:06.404+0000] {base.py:73} INFO - Using connection ID 'qiberry' for task execution.
[2023-05-13T21:29:06.411+0000] {sql.py:473} INFO - Done loading. Loaded a total of 1 rows into public.cars
[2023-05-13T21:29:06.423+0000] {base.py:73} INFO - Using connection ID 'qiberry' for task execution.
[2023-05-13T21:29:06.432+0000] {sql.py:473} INFO - Done loading. Loaded a total of 1 rows into public.cars
[2023-05-13T21:29:06.443+0000] {base.py:73} INFO - Using connection ID 'qiberry' for task execution.
[2023-05-13T21:29:06.452+0000] {sql.py:473} INFO - Done loading. Loaded a total of 1 rows into public.cars
[2023-05-13T21:29:06.463+0000] {base.py:73} INFO - Using connection ID 'qiberry' for task execution.
[2023-05-13T21:29:06.472+0000] {sql.py:473} INFO - Done loading. Loaded a total of 1 rows into public.cars
[2023-05-13T21:29:06.483+0000] {base.py:73} INFO - Using connection ID 'qiberry' for task execution.
[2023-05-13T21:29:06.491+0000] {sql.py:473} INFO - Done loading. Loaded a total of 1 rows into public.cars
[2023-05-13T21:29:06.502+0000] {base.py:73} INFO - Using connection ID 'qiberry' for task execution.
[2023-05-13T21:29:06.510+0000] {sql.py:473} INFO - Done loading. Loaded a total of 1 rows into public.cars
[2023-05-13T21:29:06.522+0000] {base.py:73} INFO - Using connection ID 'qiberry' for task execution.
[2023-05-13T21:29:06.531+0000] {sql.py:473} INFO - Done loading. Loaded a total of 1 rows into public.cars
[2023-05-13T21:29:06.541+0000] {base.py:73} INFO - Using connection ID 'qiberry' for task execution.
[2023-05-13T21:29:06.550+0000] {sql.py:473} INFO - Done loading. Loaded a total of 1 rows into public.cars
[2023-05-13T21:29:06.560+0000] {base.py:73} INFO - Using connection ID 'qiberry' for task execution.
[2023-05-13T21:29:06.569+0000] {sql.py:473} INFO - Done loading. Loaded a total of 1 rows into public.cars
[2023-05-13T21:29:06.581+0000] {base.py:73} INFO - Using connection ID 'qiberry' for task execution.
[2023-05-13T21:29:06.591+0000] {sql.py:473} INFO - Done loading. Loaded a total of 1 rows into public.cars
[2023-05-13T21:29:06.603+0000] {base.py:73} INFO - Using connection ID 'qiberry' for task execution.
[2023-05-13T21:29:06.614+0000] {sql.py:473} INFO - Done loading. Loaded a total of 1 rows into public.cars
[2023-05-13T21:29:06.626+0000] {base.py:73} INFO - Using connection ID 'qiberry' for task execution.
[2023-05-13T21:29:06.637+0000] {sql.py:473} INFO - Done loading. Loaded a total of 1 rows into public.cars
[2023-05-13T21:29:06.653+0000] {base.py:73} INFO - Using connection ID 'qiberry' for task execution.
[2023-05-13T21:29:06.666+0000] {sql.py:473} INFO - Done loading. Loaded a total of 1 rows into public.cars
[2023-05-13T21:29:06.681+0000] {base.py:73} INFO - Using connection ID 'qiberry' for task execution.
[2023-05-13T21:29:06.694+0000] {sql.py:473} INFO - Done loading. Loaded a total of 1 rows into public.cars
[2023-05-13T21:29:06.708+0000] {base.py:73} INFO - Using connection ID 'qiberry' for task execution.
[2023-05-13T21:29:06.720+0000] {sql.py:473} INFO - Done loading. Loaded a total of 1 rows into public.cars
[2023-05-13T21:29:06.734+0000] {base.py:73} INFO - Using connection ID 'qiberry' for task execution.
[2023-05-13T21:29:06.743+0000] {sql.py:473} INFO - Done loading. Loaded a total of 1 rows into public.cars
[2023-05-13T21:29:06.754+0000] {base.py:73} INFO - Using connection ID 'qiberry' for task execution.
[2023-05-13T21:29:06.762+0000] {sql.py:473} INFO - Done loading. Loaded a total of 1 rows into public.cars
[2023-05-13T21:29:06.772+0000] {base.py:73} INFO - Using connection ID 'qiberry' for task execution.
[2023-05-13T21:29:06.780+0000] {sql.py:473} INFO - Done loading. Loaded a total of 1 rows into public.cars
[2023-05-13T21:29:06.791+0000] {base.py:73} INFO - Using connection ID 'qiberry' for task execution.
[2023-05-13T21:29:06.799+0000] {sql.py:473} INFO - Done loading. Loaded a total of 1 rows into public.cars
[2023-05-13T21:29:06.808+0000] {base.py:73} INFO - Using connection ID 'qiberry' for task execution.
[2023-05-13T21:29:06.817+0000] {sql.py:473} INFO - Done loading. Loaded a total of 1 rows into public.cars
[2023-05-13T21:29:06.827+0000] {base.py:73} INFO - Using connection ID 'qiberry' for task execution.
[2023-05-13T21:29:06.836+0000] {sql.py:473} INFO - Done loading. Loaded a total of 1 rows into public.cars
[2023-05-13T21:29:06.846+0000] {base.py:73} INFO - Using connection ID 'qiberry' for task execution.
[2023-05-13T21:29:06.856+0000] {sql.py:473} INFO - Done loading. Loaded a total of 1 rows into public.cars
[2023-05-13T21:29:06.866+0000] {base.py:73} INFO - Using connection ID 'qiberry' for task execution.
[2023-05-13T21:29:06.875+0000] {sql.py:473} INFO - Done loading. Loaded a total of 1 rows into public.cars
[2023-05-13T21:29:06.885+0000] {base.py:73} INFO - Using connection ID 'qiberry' for task execution.
[2023-05-13T21:29:06.893+0000] {sql.py:473} INFO - Done loading. Loaded a total of 1 rows into public.cars
[2023-05-13T21:29:06.904+0000] {base.py:73} INFO - Using connection ID 'qiberry' for task execution.
[2023-05-13T21:29:06.911+0000] {sql.py:473} INFO - Done loading. Loaded a total of 1 rows into public.cars
[2023-05-13T21:29:06.922+0000] {base.py:73} INFO - Using connection ID 'qiberry' for task execution.
[2023-05-13T21:29:06.930+0000] {sql.py:473} INFO - Done loading. Loaded a total of 1 rows into public.cars
[2023-05-13T21:29:06.940+0000] {base.py:73} INFO - Using connection ID 'qiberry' for task execution.
[2023-05-13T21:29:06.950+0000] {sql.py:473} INFO - Done loading. Loaded a total of 1 rows into public.cars
[2023-05-13T21:29:06.960+0000] {base.py:73} INFO - Using connection ID 'qiberry' for task execution.
[2023-05-13T21:29:06.969+0000] {sql.py:473} INFO - Done loading. Loaded a total of 1 rows into public.cars
[2023-05-13T21:29:06.980+0000] {base.py:73} INFO - Using connection ID 'qiberry' for task execution.
[2023-05-13T21:29:06.990+0000] {sql.py:473} INFO - Done loading. Loaded a total of 1 rows into public.cars
[2023-05-13T21:29:07.001+0000] {base.py:73} INFO - Using connection ID 'qiberry' for task execution.
[2023-05-13T21:29:07.010+0000] {sql.py:473} INFO - Done loading. Loaded a total of 1 rows into public.cars
[2023-05-13T21:29:07.023+0000] {base.py:73} INFO - Using connection ID 'qiberry' for task execution.
[2023-05-13T21:29:07.032+0000] {sql.py:473} INFO - Done loading. Loaded a total of 1 rows into public.cars
[2023-05-13T21:29:07.043+0000] {base.py:73} INFO - Using connection ID 'qiberry' for task execution.
[2023-05-13T21:29:07.052+0000] {sql.py:473} INFO - Done loading. Loaded a total of 1 rows into public.cars
[2023-05-13T21:29:07.064+0000] {base.py:73} INFO - Using connection ID 'qiberry' for task execution.
[2023-05-13T21:29:07.073+0000] {sql.py:473} INFO - Done loading. Loaded a total of 1 rows into public.cars
[2023-05-13T21:29:07.084+0000] {base.py:73} INFO - Using connection ID 'qiberry' for task execution.
[2023-05-13T21:29:07.092+0000] {sql.py:473} INFO - Done loading. Loaded a total of 1 rows into public.cars
[2023-05-13T21:29:07.103+0000] {base.py:73} INFO - Using connection ID 'qiberry' for task execution.
[2023-05-13T21:29:07.117+0000] {sql.py:473} INFO - Done loading. Loaded a total of 1 rows into public.cars
[2023-05-13T21:29:07.132+0000] {base.py:73} INFO - Using connection ID 'qiberry' for task execution.
[2023-05-13T21:29:07.142+0000] {sql.py:473} INFO - Done loading. Loaded a total of 1 rows into public.cars
[2023-05-13T21:29:07.155+0000] {base.py:73} INFO - Using connection ID 'qiberry' for task execution.
[2023-05-13T21:29:07.166+0000] {sql.py:473} INFO - Done loading. Loaded a total of 1 rows into public.cars
[2023-05-13T21:29:07.180+0000] {base.py:73} INFO - Using connection ID 'qiberry' for task execution.
[2023-05-13T21:29:07.193+0000] {sql.py:473} INFO - Done loading. Loaded a total of 1 rows into public.cars
[2023-05-13T21:29:07.211+0000] {base.py:73} INFO - Using connection ID 'qiberry' for task execution.
[2023-05-13T21:29:07.242+0000] {sql.py:473} INFO - Done loading. Loaded a total of 1 rows into public.cars
[2023-05-13T21:29:07.277+0000] {base.py:73} INFO - Using connection ID 'qiberry' for task execution.
[2023-05-13T21:29:07.294+0000] {sql.py:473} INFO - Done loading. Loaded a total of 1 rows into public.cars
[2023-05-13T21:29:07.316+0000] {base.py:73} INFO - Using connection ID 'qiberry' for task execution.
[2023-05-13T21:29:07.344+0000] {sql.py:473} INFO - Done loading. Loaded a total of 1 rows into public.cars
[2023-05-13T21:29:07.362+0000] {base.py:73} INFO - Using connection ID 'qiberry' for task execution.
[2023-05-13T21:29:07.393+0000] {sql.py:473} INFO - Done loading. Loaded a total of 1 rows into public.cars
[2023-05-13T21:29:07.412+0000] {base.py:73} INFO - Using connection ID 'qiberry' for task execution.
[2023-05-13T21:29:07.440+0000] {sql.py:473} INFO - Done loading. Loaded a total of 1 rows into public.cars
[2023-05-13T21:29:07.458+0000] {base.py:73} INFO - Using connection ID 'qiberry' for task execution.
[2023-05-13T21:29:07.479+0000] {sql.py:473} INFO - Done loading. Loaded a total of 1 rows into public.cars
[2023-05-13T21:29:07.506+0000] {base.py:73} INFO - Using connection ID 'qiberry' for task execution.
[2023-05-13T21:29:07.522+0000] {sql.py:473} INFO - Done loading. Loaded a total of 1 rows into public.cars
[2023-05-13T21:29:07.547+0000] {base.py:73} INFO - Using connection ID 'qiberry' for task execution.
[2023-05-13T21:29:07.569+0000] {sql.py:473} INFO - Done loading. Loaded a total of 1 rows into public.cars
[2023-05-13T21:29:07.590+0000] {base.py:73} INFO - Using connection ID 'qiberry' for task execution.
[2023-05-13T21:29:07.617+0000] {sql.py:473} INFO - Done loading. Loaded a total of 1 rows into public.cars
[2023-05-13T21:29:07.644+0000] {base.py:73} INFO - Using connection ID 'qiberry' for task execution.
[2023-05-13T21:29:07.681+0000] {sql.py:473} INFO - Done loading. Loaded a total of 1 rows into public.cars
[2023-05-13T21:29:07.698+0000] {base.py:73} INFO - Using connection ID 'qiberry' for task execution.
[2023-05-13T21:29:07.715+0000] {sql.py:473} INFO - Done loading. Loaded a total of 1 rows into public.cars
[2023-05-13T21:29:07.739+0000] {base.py:73} INFO - Using connection ID 'qiberry' for task execution.
[2023-05-13T21:29:07.752+0000] {sql.py:473} INFO - Done loading. Loaded a total of 1 rows into public.cars
[2023-05-13T21:29:07.770+0000] {base.py:73} INFO - Using connection ID 'qiberry' for task execution.
[2023-05-13T21:29:07.786+0000] {sql.py:473} INFO - Done loading. Loaded a total of 1 rows into public.cars
[2023-05-13T21:29:07.814+0000] {base.py:73} INFO - Using connection ID 'qiberry' for task execution.
[2023-05-13T21:29:07.827+0000] {sql.py:473} INFO - Done loading. Loaded a total of 1 rows into public.cars
[2023-05-13T21:29:07.830+0000] {python.py:183} INFO - Done. Returned value was: None
[2023-05-13T21:29:07.855+0000] {taskinstance.py:1373} INFO - Marking task as SUCCESS. dag_id=hypothesis1_2, task_id=insert_data, execution_date=20230513T212856, start_date=20230513T212904, end_date=20230513T212907
[2023-05-13T21:29:07.921+0000] {local_task_job_runner.py:232} INFO - Task exited with return code 0
[2023-05-13T21:29:07.964+0000] {taskinstance.py:2674} INFO - 1 downstream tasks scheduled from follow-on schedule check
