[2023-05-13T10:39:55.097+0000] {taskinstance.py:1125} INFO - Dependencies all met for dep_context=non-requeueable deps ti=<TaskInstance: qiberry.insert_data manual__2023-05-13T10:21:39.191847+00:00 [queued]>
[2023-05-13T10:39:55.135+0000] {taskinstance.py:1125} INFO - Dependencies all met for dep_context=requeueable deps ti=<TaskInstance: qiberry.insert_data manual__2023-05-13T10:21:39.191847+00:00 [queued]>
[2023-05-13T10:39:55.147+0000] {taskinstance.py:1331} INFO - Starting attempt 1 of 1
[2023-05-13T10:39:55.239+0000] {taskinstance.py:1350} INFO - Executing <Task(PythonOperator): insert_data> on 2023-05-13 10:21:39.191847+00:00
[2023-05-13T10:39:55.268+0000] {standard_task_runner.py:57} INFO - Started process 86 to run task
[2023-05-13T10:39:55.303+0000] {standard_task_runner.py:84} INFO - Running: ['***', 'tasks', 'run', 'qiberry', 'insert_data', 'manual__2023-05-13T10:21:39.191847+00:00', '--job-id', '33', '--raw', '--subdir', 'DAGS_FOLDER/dag_laba3.py', '--cfg-path', '/tmp/tmpp5y23bjs']
[2023-05-13T10:39:55.314+0000] {standard_task_runner.py:85} INFO - Job 33: Subtask insert_data
[2023-05-13T10:39:55.697+0000] {task_command.py:410} INFO - Running <TaskInstance: qiberry.insert_data manual__2023-05-13T10:21:39.191847+00:00 [running]> on host bfb86d9b8782
[2023-05-13T10:39:56.084+0000] {taskinstance.py:1570} INFO - Exporting env vars: AIRFLOW_CTX_DAG_OWNER='***' AIRFLOW_CTX_DAG_ID='qiberry' AIRFLOW_CTX_TASK_ID='insert_data' AIRFLOW_CTX_EXECUTION_DATE='2023-05-13T10:21:39.191847+00:00' AIRFLOW_CTX_TRY_NUMBER='1' AIRFLOW_CTX_DAG_RUN_ID='manual__2023-05-13T10:21:39.191847+00:00'
[2023-05-13T10:39:56.094+0000] {logging_mixin.py:149} INFO - Postgres connect success
[2023-05-13T10:39:56.144+0000] {base.py:73} INFO - Using connection ID 'qiberry' for task execution.
[2023-05-13T10:39:56.191+0000] {sql.py:473} INFO - Done loading. Loaded a total of 1 rows into public.people
[2023-05-13T10:39:56.260+0000] {base.py:73} INFO - Using connection ID 'qiberry' for task execution.
[2023-05-13T10:39:56.294+0000] {sql.py:473} INFO - Done loading. Loaded a total of 1 rows into public.people
[2023-05-13T10:39:56.341+0000] {base.py:73} INFO - Using connection ID 'qiberry' for task execution.
[2023-05-13T10:39:56.370+0000] {sql.py:473} INFO - Done loading. Loaded a total of 1 rows into public.people
[2023-05-13T10:39:56.407+0000] {base.py:73} INFO - Using connection ID 'qiberry' for task execution.
[2023-05-13T10:39:56.437+0000] {sql.py:473} INFO - Done loading. Loaded a total of 1 rows into public.people
[2023-05-13T10:39:56.470+0000] {base.py:73} INFO - Using connection ID 'qiberry' for task execution.
[2023-05-13T10:39:56.501+0000] {sql.py:473} INFO - Done loading. Loaded a total of 1 rows into public.people
[2023-05-13T10:39:56.505+0000] {python.py:183} INFO - Done. Returned value was: None
[2023-05-13T10:39:56.557+0000] {taskinstance.py:1373} INFO - Marking task as SUCCESS. dag_id=qiberry, task_id=insert_data, execution_date=20230513T102139, start_date=20230513T103955, end_date=20230513T103956
[2023-05-13T10:39:56.669+0000] {local_task_job_runner.py:232} INFO - Task exited with return code 0
[2023-05-13T10:39:56.865+0000] {taskinstance.py:2674} INFO - 1 downstream tasks scheduled from follow-on schedule check
